validating idx=validating idx= 200 Capital-Seafood
 validating idx= 500 Deliciousdhaba.Com
 validating idx=95validating idx=  300 Elgrullodar.Com
600 Thepitstopatfattes.Com
validating idx=  Beer-Revolution.Com
400 Imperialinnoakland.Com
DNS Failed for Capital-Seafood
DNS Failed for Capital-Seafood
SMTP Failed for Capital-Seafood

Capital Seafood Restaurant : 
[]
validating idx= 201 Caprimotel.Co

Masala Inc : 
['info@Deliciousdhaba.Com']
validating idx= 501 Nobumatsuhisa.Com

Pit Stop : 
[]
validating idx= 601 Damorespizzamenu.Com
CATCHALL for + Beer-Revolution.Com

Beer Revolution : 
['info@Beer-Revolution.Com']
validating idx= 96 Bellasaratoga.Com

Capri Motel : 
[]
validating idx= 202 Caribbeanbreeze.Com
SMTP Failed for Bellasaratoga.Com

Bella Saratoga : 
[]
validating idx= 97 Bellaspizzavilla.Com
CATCHALL for + Nobumatsuhisa.Com

Matsuhisa : 
['info@Nobumatsuhisa.Com']
validating idx= 502 Tockify.Com

Caribbean Breeze Cuisine : 
['sales@Caribbeanbreeze.Com']
validating idx= 203 Caribbeangarden.Com
DNS Failed for Caribbeangarden.Com
DNS Failed for Caribbeangarden.Com
SMTP Failed for Caribbeangarden.Com

Caribbean Gardens : 
[]
validating idx= 204 Carmelitasgroup.Com

Pizza Connection : 
[]
validating idx= 602 Pizzaguys.Com

Maui Sugar Mill Saloon : 
['contact@Tockify.Com']
validating idx= 503 Cisco-Source
DNS Failed for Cisco-Source
DNS Failed for Cisco-Source
SMTP Failed for Cisco-Source

Maxwell Cafe : 
[]
validating idx= 504 Mayessf.Com

Mayes Oyster House : 
['info@Mayessf.Com']
validating idx= 505 Medbistrola.Com

Carmelitas Restaurant : 
[]
validating idx= 205 Mexicanrestaurantlamesa.Com
DNS Failed for Mexicanrestaurantlamesa.Com
CATCHALL for + Medbistrola.Com

Mediterranean Bistro : 
['info@Medbistrola.Com']
validating idx= 506 Mehfilindianrestaurant.Com
DNS Failed for Mexicanrestaurantlamesa.Com
SMTP Failed for Mexicanrestaurantlamesa.Com

Carnitas Uruapan Mexican Food : 
[]
validating idx= 206 Carriedovecatering.Com
CATCHALL for + Carriedovecatering.Com

Carrie Dove Catering Inc : 
['info@Carriedovecatering.Com']
validating idx= 207 Carriedawayfoods.Com

Mehfil : 
[]
validating idx= 507 Melasf.Com

Carried Away : 
['info@Carriedawayfoods.Com']
validating idx= 208 Casaangelo.Com
DNS Failed for Casaangelo.Com
DNS Failed for Casaangelo.Com
SMTP Failed for Casaangelo.Com

Casa Angelo : 
[]
validating idx= 209 Casaarigato.Com
SMTP Failed for Pizzaguys.Com

Pizza Guys Franchise Inc : 
[]
validating idx= 603 Pizzanova.Net
SMTP Failed for Imperialinnoakland.Com

Imperial Inn : 
[]
validating idx= 401 Incredibowlz.Com
DNS Failed for Incredibowlz.Com
DNS Failed for Incredibowlz.Com
SMTP Failed for Incredibowlz.Com

Incredi Bowlz : 
[]
validating idx= 402 Indiastandoori.Com

Mela Tandoori Kitchen : 
[]
validating idx= 508 Mendocinohotel.Info
DNS Failed for Mendocinohotel.Info
DNS Failed for Mendocinohotel.Info
SMTP Failed for Mendocinohotel.Info

Mendocino Hotel & Gdn Suites : 
[]
validating idx= 509 Lakemerrittdental.Com
SMTP Failed for Pizzanova.Net

Pizza Nova : 
[]
validating idx= 604 Planingmillpizza.Com

Merritt Dental : 
['info@Lakemerrittdental.Com']
validating idx= 510 Mta.Info
SMTP Failed for Mta.Info

Metropolitan Transportation : 
[]
validating idx= 511 Mezzostockton.Com
SMTP Failed for Planingmillpizza.Com

Planing Mill LLC : 
[]
validating idx= 605 Andersonplayerspizza.Com
SMTP Failed for Bellaspizzavilla.Com

Bella's Pizza : 
[]
validating idx= 98 Belottirb.Com

Belotti Ristorante E Bottega : 
['info@Belottirb.Com']
validating idx= 99 Benandnicks.Com
SMTP Failed for Benandnicks.Com

Ben & Nick's Bar & Grill : 
[]
validating idx= 100 Citysearch
DNS Failed for Citysearch
DNS Failed for Citysearch
SMTP Failed for Citysearch

Bens : 
[]
validating idx= 101 Berlinstreetgrill.Com
CATCHALL for + Andersonplayerspizza.Com

Players Pizza & Sports Bar : 
['info@Andersonplayerspizza.Com']
validating idx= 606 Pocheburger.Com
DNS Failed for Pocheburger.Com
DNS Failed for Pocheburger.Com
SMTP Failed for Pocheburger.Com

Poche Burger & Kitchen : 
[]
validating idx= 607 Pollosmaria.Com

Pollos Maria : 
[]
validating idx= 608 Ponyexpressomariposa.Com

Pony Expresso : 
[]
validating idx= 609 Verifymywhois.Com

Pops Deli : 
[]
validating idx= 610 Portaviafoods.Com

Porta Via Italian Foods-Psdn : 
[]
validating idx= 611 Pourplanit.Com

Casa Arigato : 
['info@Casaarigato.Com']
validating idx= 210 Casagrandecafeoxnard.Com
DNS Failed for Casagrandecafeoxnard.Com
DNS Failed for Casagrandecafeoxnard.Com
SMTP Failed for Casagrandecafeoxnard.Com

Casa Grande Cafe : 
[]
validating idx= 211 Casaluanmotel.Com

Casa Lu An Motel : 
['contact@Casaluanmotel.Com']
validating idx= 212 Casa-Mota
DNS Failed for Casa-Mota
DNS Failed for Casa-Mota
SMTP Failed for Casa-Mota

Casa Mota : 
[]
validating idx= 213 Casanovacarmel.Com
SMTP Failed for Pourplanit.Com

Pour Plan It Mobile Bartending : 
[]
validating idx= 612 Primavera1st.Com

India's Tandoori : 
[]
validating idx= 403 Mvink.Com

Ink : 
['info@Mvink.Com', 'Michael@Mvink.Com']
validating idx= 404 Innoncastro.Com

Inn On Castro : 
[]
validating idx= 405 En
DNS Failed for En
DNS Failed for En
SMTP Failed for En

Interstate Seafood Inc : 
[]
validating idx= 406 Sunflower-Restaurant.Com
DNS Failed for Sunflower-Restaurant.Com
DNS Failed for Sunflower-Restaurant.Com
SMTP Failed for Sunflower-Restaurant.Com

Irma's Pampamga Restaurant : 
[]
validating idx= 407 Itsinthesauceq.Com
SMTP Failed for Casanovacarmel.Com

Casanova : 
[]
validating idx= 214 Cassaroscatering.Com
CATCHALL for + Cassaroscatering.Com

Cassaro's Catering : 
['info@Cassaroscatering.Com']
validating idx= 215 Cassidyscornercafe.Com

Cassidy's Corner Cafe : 
['info@Cassidyscornercafe.Com']
validating idx= 216 Casuelascafe.Com

Casuelas Cafe : 
[]
validating idx= 217 Thecatandfiddle.Com
SMTP Failed for Berlinstreetgrill.Com

Berlin Street Grill : 
[]
validating idx= 102 Bernalheightspizzeria.Com

Cat & Fiddle Pub & Restaurant : 
['info@Thecatandfiddle.Com']
validating idx= 218 Cateredtoo.Com

Catered Too : 
['Greg@Cateredtoo.Com']
validating idx= 219 Cathyscottages.Com
DNS Failed for Cathyscottages.Com
DNS Failed for Cathyscottages.Com
SMTP Failed for Cathyscottages.Com

Cathy's Country Cottages : 
[]
validating idx= 220 Celestinopizza.Com
DNS Failed for Celestinopizza.Com
DNS Failed for Celestinopizza.Com
SMTP Failed for Celestinopizza.Com

Celestino's New York Pizza : 
[]
validating idx= 221 Celestinospizza.Com

Celestino's Pasta & Pizza : 
[]
validating idx= 222 Cenariospizza.Com
SMTP Failed for Mezzostockton.Com

Mezzo : 
[]
validating idx= 512 Migustoesrestaurant.Com
DNS Failed for Migustoesrestaurant.Com
DNS Failed for Migustoesrestaurant.Com
SMTP Failed for Migustoesrestaurant.Com

Mi Gusto Es Restaurant : 
[]
validating idx= 513 Micelisrestaurant.Com
SMTP Failed for Micelisrestaurant.Com

Miceli Restaurant : 
[]
validating idx= 514 M-Angelos-Pizza.Com
SMTP Failed for M-Angelos-Pizza.Com

Michaelangelo's Pizza : 
[]
validating idx= 515 Mijaresrestaurant.Com

Mijares Restaurant-Palmetto Dr : 
['info@Mijaresrestaurant.Com', 'RDelang@Mijaresrestaurant.Com']
validating idx= 516 Milanpizzasf.Com
SMTP Failed for Primavera1st.Com

Primavera Ristorante : 
[]
validating idx= 613 Propositionchicken.Com

Proposition Chicken : 
['team@Propositionchicken.Com', 'Max@Propositionchicken.Com']
validating idx= 614 Friendseat.Com
CATCHALL for + Friendseat.Com

Pueblo Viejo : 
['info@Friendseat.Com']
validating idx= 615 Purplepepper-Pizza.Com
DNS Failed for Purplepepper-Pizza.Com
DNS Failed for Purplepepper-Pizza.Com
SMTP Failed for Purplepepper-Pizza.Com

Purple Pepper Pizza : 
[]
validating idx= 616 Quicklyusa.Com
CATCHALL for + Quicklyusa.Com

Quickly : 
['info@Quicklyusa.Com']
validating idx= 617 Brownbagcateringfresno.Com
DNS Failed for Brownbagcateringfresno.Com
DNS Failed for Brownbagcateringfresno.Com
SMTP Failed for Brownbagcateringfresno.Com

R A W Enterprises : 
[]
validating idx= 618 Rafaelscateringvallejo.Com

Rafael's Catering Svc : 
['info@Rafaelscateringvallejo.Com']
validating idx= 619 Rainbowbarandgrill.Com
SMTP Failed for Rainbowbarandgrill.Com

Rainbow Bar & Grill : 
['contact@Rainbowbarandgrill.Com']
validating idx= 620 Theramonacafe.Com

Ramona Cafe : 
[]
validating idx= 621 Ranchograndetaqueria.Com
SMTP Failed for Cenariospizza.Com

Cenarios Pizza : 
[]
validating idx= 223 Centralmarket.Com
DNS Failed for Centralmarket.Com
DNS Failed for Centralmarket.Com
SMTP Failed for Centralmarket.Com

Central Mkt Cafe : 
[]
validating idx= 224 Centralparkrestaurant.Net
DNS Failed for Centralparkrestaurant.Net
DNS Failed for Centralparkrestaurant.Net
SMTP Failed for Centralparkrestaurant.Net

Central Park Restaurant : 
[]
validating idx= 225 Blogspot
DNS Failed for Blogspot
DNS Failed for Blogspot
SMTP Failed for Blogspot

Cha Ya Vegetarian Japanese : 
[]
validating idx= 226 Chaiwaii.Com
CATCHALL for + Milanpizzasf.Com

Milan Pizza : 
['info@Milanpizzasf.Com']
validating idx= 517 Minsanaheim.Com
DNS Failed for Minsanaheim.Com
DNS Failed for Minsanaheim.Com
SMTP Failed for Minsanaheim.Com

Min's Dumpling House : 
[]
validating idx= 518 Mintleafvr.Com

Mint Leaf Vietnamese Rstrnt : 
[]
validating idx= 519 Miru8691.Com
DNS Failed for Miru8691.Com
DNS Failed for Miru8691.Com
SMTP Failed for Miru8691.Com

Miru8691 : 
[]
validating idx= 520 Squareup.Com
CATCHALL for + Squareup.Com

Mission Galleria Cafe : 
['info@Squareup.Com']
validating idx= 521 Mosplacepdr.Com
DNS Failed for Mosplacepdr.Com
DNS Failed for Mosplacepdr.Com
SMTP Failed for Mosplacepdr.Com

Mo's Place At The Beach : 
[]
validating idx= 522 Molliesfamouscafesjc.Com
DNS Failed for Molliesfamouscafesjc.Com
DNS Failed for Molliesfamouscafesjc.Com
SMTP Failed for Molliesfamouscafesjc.Com

Mollies Famous Cafe : 
[]
validating idx= 523 Wordpress
DNS Failed for Wordpress
DNS Failed for Wordpress
SMTP Failed for Wordpress

Mongolian Barbeque : 
[]
validating idx= 524 Monsoonburgers.Com

Monsoon Burger : 
[]
validating idx= 525 Moongatechinese.Com
SMTP Failed for Moongatechinese.Com

Moongate Chinese Restaurant : 
[]
validating idx= 526 Morefirethai.Com
SMTP Failed for Morefirethai.Com

Morefire Thai Cuisine : 
[]
validating idx= 527 Mrbbqfullerton.Com
SMTP Failed for Chaiwaii.Com

Chai WAII Chinese Food : 
[]
validating idx= 227 Sfchaiyo.Com

Chai Yo Authentic Thai Cuisine : 
[]
validating idx= 228 Ilovechampsbbq.Com
SMTP Failed for Mrbbqfullerton.Com

Mr Bbq : 
[]
validating idx= 528 Mrmomscafe.Com

Mr Mom's : 
[]
validating idx= 529 Gleasonmotorlodge.Com
DNS Failed for Gleasonmotorlodge.Com
DNS Failed for Gleasonmotorlodge.Com
SMTP Failed for Gleasonmotorlodge.Com

Mt Gleason Motor Lodge : 
[]
validating idx= 530 Muffinstreet.Com

Muffin Street Baking Co : 
[]
validating idx= 531 Californiarollnsushifish.Com

Muraya : 
[]
validating idx= 532 Mustardseeddavis.Com
SMTP Failed for Itsinthesauceq.Com

It's In The Sauce Bbq : 
[]
validating idx= 408 Rogersfamilyco.Com
CATCHALL for + Rogersfamilyco.Com

J B R Inc : 
['info@Rogersfamilyco.Com']
validating idx= 409 Jadegardenrestaurantredding.Net
CATCHALL for + Jadegardenrestaurantredding.Net

Jade Garden Restaurant : 
['info@Jadegardenrestaurantredding.Net']
validating idx= 410 Jalapenogrillandcantina.Com

Jalapeno Grill & Cantina : 
[]
validating idx= 411 Thejamestownhotel.Com

Jamestown Hotel : 
[]
validating idx= 412 Jasonsrestaurant.Com

Mustard Seed : 
[]
validating idx= 533 Mysticmocha.Net

Mystic Mocha : 
[]
validating idx= 534 Naannmasala.Com

Naan N Masala : 
[]
validating idx= 535 Nakeddogbistro.Com
SMTP Failed for Nakeddogbistro.Com

Naked Dog Bistro : 
[]
validating idx= 536 Napoleonespizzahouse.Com
SMTP Failed for Napoleonespizzahouse.Com

Napoleone Pizza House : 
[]
validating idx= 537 Bestsushiinla.Com
DNS Failed for Bestsushiinla.Com
DNS Failed for Bestsushiinla.Com
SMTP Failed for Bestsushiinla.Com

Nati Brown Rice Co : 
[]
validating idx= 538 Naturalsisterscafe.Com
SMTP Failed for Naturalsisterscafe.Com

Natural Sisters Cafe : 
[]
validating idx= 539 Thenectary.Net
SMTP Failed for Thenectary.Net

Nectary LLC : 
[]
validating idx= 540 Nenositaliancafe.Com

Neno's Italian Cafe : 
[]
validating idx= 541 Newcapitalseafood.Com
SMTP Failed for Jasonsrestaurant.Com

Jason's Restaurant : 
[]
validating idx= 413 Chowhound.Com

Java Jax : 
['operations@Chowhound.Com']
validating idx= 414 Javiersfresno.Com
SMTP Failed for Ranchograndetaqueria.Com

Rancho Grande Taqueria 2 Inc : 
[]
validating idx= 622 Chow.Com

Rang Dong Restaurant : 
['operations@Chow.Com']
validating idx= 623 Ravensrestaurant.Com

Champs Bbq & Catering : 
['info@Ilovechampsbbq.Com']
validating idx= 229 Champselyseescafe.Com

El Grullo : 
[]
validating idx= 301 Elmexicanorestaurant.Com

El Mexicano Restaurant : 
[]
validating idx= 302 Elnopalpueblo.Com
CATCHALL for + Elnopalpueblo.Com

El Nopal : 
['info@Elnopalpueblo.Com']
validating idx= 303 Papagayosonline.Com

El Papagayo's Mexican Rstrnt : 
['contact@Papagayosonline.Com']
validating idx= 304 Elportalrestaurant.Com
SMTP Failed for Elportalrestaurant.Com

El Portal De Veracruz : 
[]
validating idx= 305 Elpuertoescondidorestaurant.Com

El Puerto Escondido : 
[]
validating idx= 306 Powaytacoshop.Com

Javier's : 
[]
validating idx= 415 Cortera.Com
CATCHALL for + Cortera.Com

Jeff's Freezette : 
['info@Cortera.Com']
validating idx= 416 Jerkhousesantacruz.Com
DNS Failed for Jerkhousesantacruz.Com
DNS Failed for Jerkhousesantacruz.Com
SMTP Failed for Jerkhousesantacruz.Com

Jerk House : 
[]
validating idx= 417 Yelp.Com
CATCHALL for + Yelp.Com

Jj's Saloon : 
['info@Yelp.Com']
validating idx= 418 Joestacolounge.Com

Joe's Taco Lounge & Salsaria : 
[]
validating idx= 419 Johnshamburgerslongbeach.Com

John's Hamburgers : 
[]
validating idx= 420 Johnnyfoleys.Com
SMTP Failed for Ravensrestaurant.Com

Ravens Restaurant : 
[]
validating idx= 624 Razansorganickitchen.Com
DNS Failed for Razansorganickitchen.Com
DNS Failed for Razansorganickitchen.Com
SMTP Failed for Razansorganickitchen.Com

Razan's Organic Kitchen : 
[]
validating idx= 625 Redhillcoffee.Com

Red Hill Coffee Shop : 
[]
validating idx= 626 Red-Rock.Com
CATCHALL for + Red-Rock.Com

RED Rock North : 
['info@Red-Rock.Com']
validating idx= 627 Redwhalecoffee.Com

Red Whale Coffee : 
[]
validating idx= 628 Redwoodhill.Com

Redwood Hill Farm & Creamery : 
[]
validating idx= 629 Therenoroom.Com
DNS Failed for Therenoroom.Com
DNS Failed for Therenoroom.Com
SMTP Failed for Therenoroom.Com

Reno Room : 
[]
validating idx= 630 Usathairestaurants.Com
DNS Failed for Usathairestaurants.Com
DNS Failed for Usathairestaurants.Com
SMTP Failed for Usathairestaurants.Com

Restaurant Restaurant Corp : 
[]
validating idx= 631 Rexscafe.Com

Champs Elysees : 
[]
validating idx= 230 Chapalarestaurants.Com
CATCHALL for + Rexscafe.Com

Rex's Cafe : 
['info@Rexscafe.Com']
validating idx= 632 Ricethaipaloalto.Com
DNS Failed for Ricethaipaloalto.Com
DNS Failed for Ricethaipaloalto.Com
SMTP Failed for Ricethaipaloalto.Com

Rice Thai Cuisine-Palo Alto : 
[]
validating idx= 633 Rinsthaisf.Com

Chapalabrentwood : 
[]
validating idx= 231 Chasonscrabstadium.Com
DNS Failed for Chasonscrabstadium.Com
DNS Failed for Chasonscrabstadium.Com
SMTP Failed for Chasonscrabstadium.Com

Chason's Crab Stadium : 
[]
validating idx= 232 Tuscanycuisine.Com
CATCHALL for + Tuscanycuisine.Com

Chef Design Inc : 
['info@Tuscanycuisine.Com']
validating idx= 233 Menupix.Com
CATCHALL for + Johnnyfoleys.Com

Johnny Foley's : 
['info@Johnnyfoleys.Com']
validating idx= 421 Jonjonsbbq.Com

Jon-Jon's : 
[]
validating idx= 422 Josiesnyc.Com
SMTP Failed for Josiesnyc.Com

Josie's Restaurant : 
[]
validating idx= 423 Jrtexasbbq.Com

Jr's Texas Bar B Que : 
[]
validating idx= 424 Menuism.Com

Juarez Mexican Restaurant : 
[]
validating idx= 425 Mapquest.Com
CATCHALL for + Mapquest.Com

Juice City : 
['info@Mapquest.Com']
validating idx= 426 Juliescafes.Com
DNS Failed for Juliescafes.Com
DNS Failed for Juliescafes.Com
SMTP Failed for Juliescafes.Com

Julies Cafe : 
[]
validating idx= 427 Jupiterbeer.Com

Jupiter : 
[]
validating idx= 428 Menuclub.Com

Kagaya : 
['info@Menuclub.Com']
validating idx= 429 Kaldicoffee.La

Kaldi Coffee & Tea : 
[]
validating idx= 430 Kasaindian.Com

Kasa Indian Eatery : 
[]
validating idx= 431 Kcbranaghans.Com

KC Branaghan's : 
['contact@Kcbranaghans.Com']
validating idx= 432 Kellsirish.Com
CATCHALL for + Kellsirish.Com

Kells Irish Rstrnt-Pub-Sn : 
['info@Kellsirish.Com']
validating idx= 433 Cafekenny.Com
SMTP Failed for Cafekenny.Com

Kenny's Cafe : 
[]
validating idx= 434 Wabagrill.Com
SMTP Failed for Wabagrill.Com

Kg Partners Inc : 
[]
validating idx= 435 Kikusushimonrovia.Com

Kiku Sushi : 
['info@Kikusushimonrovia.Com']
validating idx= 436 Kindersmeats.Com

Kinder's Meats-Deli-Bbq : 
[]
validating idx= 437 Kinosushi.Com
DNS Failed for Kinosushi.Com
DNS Failed for Kinosushi.Com
SMTP Failed for Kinosushi.Com

KINO Sushi : 
[]
validating idx= 438 Kitclb.Com
SMTP Failed for Kitclb.Com

Kitchen In The Canyon : 
[]
validating idx= 439 Kookoogrill.Com
SMTP Failed for Rinsthaisf.Com

Rin's Thai-Sf : 
[]
validating idx= 634 Riogrande.Com
SMTP Failed for Riogrande.Com

Rio Grande : 
[]
validating idx= 635 Ristoranteallegria.Com

Ristorante Allegria : 
[]
validating idx= 636 Rivercitypizzaco.Com

River City Pizza : 
[]
validating idx= 637 Riverwoodinn.Info
CATCHALL for + Riverwoodinn.Info

Riverwood Inn : 
['info@Riverwoodinn.Info']
validating idx= 638 Co
DNS Failed for Co
DNS Failed for Co
SMTP Failed for Co

Roast To Go : 
[]
validating idx= 639 Robertscornedmeats.Com
CATCHALL for + Kookoogrill.Com

Kookoo Grill : 
['info@Kookoogrill.Com']
validating idx= 440 Kyotosushirestaurants.Com

Kyoto Sushi 3 : 
[]
validating idx= 441 La
DNS Failed for La

LA Bamba : 
[]
validating idx= 442 Laburritaberkeley.Com
DNS Failed for Laburritaberkeley.Com
DNS Failed for Laburritaberkeley.Com
SMTP Failed for Laburritaberkeley.Com

LA Burrita : 
[]
validating idx= 443 Lacasablancasd.Net
CATCHALL for + Lacasablancasd.Net

LA Casa Blanca : 
['info@Lacasablancasd.Net']
validating idx= 444 Idyllwildlacasita.Com
SMTP Failed for Idyllwildlacasita.Com

LA Casita Restaurant : 
[]
validating idx= 445 Lacocinaorinda.Com
DNS Failed for Lacocinaorinda.Com
DNS Failed for Lacocinaorinda.Com
SMTP Failed for Lacocinaorinda.Com

LA Cocina Authentic Mexicana : 
[]
validating idx= 446 Laesperanza.Org
SMTP Failed for Laesperanza.Org

LA Esperanza Mariscos : 
[]
validating idx= 447 Menuclub.Com
CATCHALL for + Robertscornedmeats.Com

Roberts Corned Meats Inc : 
['info@Robertscornedmeats.Com']
validating idx= 640 Rockandbrews.Com

Rock & Brews : 
[]
validating idx= 641 Rocks-Place.Com

LA Fonda Of Inglewood Rstrnt : 
[]
validating idx= 448 Laginestramv.Com

LA Ginestra : 
[]
validating idx= 449 Lahuacanarestaurant.Com

LA Huacana Restaurant : 
[]
validating idx= 450 Lamanchamexicanfood.Com
SMTP Failed for Lamanchamexicanfood.Com

LA Mancha : 
[]
validating idx= 451 Lamirageent.Com

LA Mirage Rstrnt & Nightclub : 
[]
validating idx= 452 Lanuevaperlarestaurant.Com

LA Nueva Perla Restaurant : 
[]
validating idx= 453 Laparillarestaurant.Com
DNS Failed for Laparillarestaurant.Com
DNS Failed for Laparillarestaurant.Com
SMTP Failed for Laparillarestaurant.Com

LA Parrilla : 
[]
validating idx= 454 Lapiazzarest.Com
DNS Failed for Lapiazzarest.Com
DNS Failed for Lapiazzarest.Com
SMTP Failed for Lapiazzarest.Com

LA Piazza Ristorante Italiano : 
[]
validating idx= 455 Hub
DNS Failed for Hub
DNS Failed for Hub
SMTP Failed for Hub

LA Playa : 
[]
validating idx= 456 Laprovenceroseville.Com

LA Provence Rstrnt & Terrace : 
[]
validating idx= 457 Lastradanostra.Com
DNS Failed for Lastradanostra.Com
DNS Failed for Lastradanostra.Com
SMTP Failed for Lastradanostra.Com

LA Strada Restaurant : 
[]
validating idx= 458 Laterrazaoldsac.Com

Bernal Heights Pizzeria : 
[]
validating idx= 103 Magnusonhotels.Com
SMTP Failed for Magnusonhotels.Com

Best Budget Inn Fresno : 
[]
validating idx= 104 Beverlychicken.Com
DNS Failed for Beverlychicken.Com
DNS Failed for Beverlychicken.Com
SMTP Failed for Beverlychicken.Com

Beverly Chicken : 
[]
validating idx= 105 Bieracademy.Com
SMTP Failed for Laterrazaoldsac.Com

LA Terraza : 
[]
validating idx= 459 Lavecchiacucina.Com

El Ranchito Taco Shop : 
[]
validating idx= 307 Dinehere
DNS Failed for Dinehere
DNS Failed for Dinehere
SMTP Failed for Dinehere

El Regalo : 
[]
validating idx= 308 Elrocoto.Com
CATCHALL for + Elrocoto.Com

El Rocoto : 
['info@Elrocoto.Com']
validating idx= 309 Allmenus.Com

El Super Burrito : 
[]
validating idx= 310 El-Tarasco.Net
CATCHALL for + El-Tarasco.Net

El Tarasco : 
['info@El-Tarasco.Net']
validating idx= 311 Tonayense.Com

Chen Golden Palace : 
[]
validating idx= 234 Chicagospizza.Com
SMTP Failed for Lavecchiacucina.Com

LA Vecchia Cucina : 
[]
validating idx= 460 Lagunamexicanrestaurant.Com
DNS Failed for Lagunamexicanrestaurant.Com
DNS Failed for Lagunamexicanrestaurant.Com
SMTP Failed for Lagunamexicanrestaurant.Com

Laguna Mexican Restaurant : 
[]
validating idx= 461 Laketahoepizzaco.Info
DNS Failed for Laketahoepizzaco.Info
DNS Failed for Laketahoepizzaco.Info
SMTP Failed for Laketahoepizzaco.Info

Lake Tahoe Pizza Co : 
[]
validating idx= 462 Landoceanrestaurants.Com

Chicago Pizza : 
[]
validating idx= 235 Diningguide.Com
DNS Failed for Diningguide.Com

Land Ocean : 
['info@Landoceanrestaurants.Com']
validating idx= 463 Lapperts.Com
DNS Failed for Diningguide.Com
SMTP Failed for Diningguide.Com

Chile Jalapenos : 
[]
validating idx= 236 Chinagarlicoakland.Com

Lapperts Ice Cream Hawaiian : 
['office@Lapperts.Com']
validating idx= 464 Brewcoffeeandbeer.Com

China Garlic Restaurant : 
[]
validating idx= 237 Chinainnsanjose.Com

China Inn-San Jose Inc : 
[]
validating idx= 238 Scotlandcountyhospital.Com

Last Unicorn LLC : 
[]
validating idx= 465 Leboulanger.Com

Le Boulanger Inc : 
[]
validating idx= 466 Lepapillon.Com
CATCHALL for + Lepapillon.Com

Le Papillon : 
['info@Lepapillon.Com']
validating idx= 467 Leakytikitavern.Com

China Town Express : 
[]
validating idx= 239 Eden.Com
DNS Failed for Eden.Com
DNS Failed for Eden.Com
SMTP Failed for Eden.Com

Chinese Cuisine : 
[]
validating idx= 240 Chitchatcafe.Net

Leaky Tiki Tavern : 
['Erik@Leakytikitavern.Com']
validating idx= 468 Spires-Restaurants.Com
DNS Failed for Spires-Restaurants.Com
DNS Failed for Spires-Restaurants.Com
SMTP Failed for Spires-Restaurants.Com

Leo's Country Kitchen : 
[]
validating idx= 469 Lesleysbbq.Org
DNS Failed for Lesleysbbq.Org
DNS Failed for Lesleysbbq.Org
SMTP Failed for Lesleysbbq.Org

Lesleys Bbq : 
[]
validating idx= 470 Littlecavebar.Com
CATCHALL for + Chitchatcafe.Net

Chit Chat Cafe : 
['info@Chitchatcafe.Net']
validating idx= 241 Choiceofmandarin.Com
SMTP Failed for Littlecavebar.Com

Little Cave : 
[]
validating idx= 471 Littlehunanmartinez.Com
DNS Failed for Littlehunanmartinez.Com
DNS Failed for Littlehunanmartinez.Com
SMTP Failed for Littlehunanmartinez.Com

Little Hunan Restaurants : 
[]
validating idx= 472 Thelittleonionrestaurant.Com

Little Onion Inc : 
['info@Thelittleonionrestaurant.Com', 'Lori@Thelittleonionrestaurant.Com']
validating idx= 473 Littletampico.Com
CATCHALL for + Littletampico.Com

Little Tampico Restaurant : 
['info@Littletampico.Com']
validating idx= 474 Localtapsf.Com

Choice Of Mandarin : 
[]
validating idx= 242 Co
DNS Failed for Co
DNS Failed for Co
SMTP Failed for Co

Chopstix Express : 
[]
validating idx= 243 Christakisgreekcuisine.Com

Local Tap : 
[]
validating idx= 475 Lorenzosmexicanrestaurant.Com

Lorenzos Mexican Restraunt : 
[]
validating idx= 476 Losgatosbarandgrill.Com
SMTP Failed for Losgatosbarandgrill.Com

Los Gatos Bar & Grill Rstrnt : 
[]
validating idx= 477 Lospepesmexicangrill.Com
DNS Failed for Lospepesmexicangrill.Com
DNS Failed for Lospepesmexicangrill.Com
SMTP Failed for Lospepesmexicangrill.Com

Los Pepes Mexican Grill : 
[]
validating idx= 478 Lotusmgmtinc.Com

Lotus Management Inc : 
[]
validating idx= 479 Louiscairos.Com
CATCHALL for + Louiscairos.Com

Louis Cairo's : 
['info@Louiscairos.Com']
validating idx= 480 Luccosdell
DNS Failed for Luccosdell
DNS Failed for Luccosdell
SMTP Failed for Luccosdell

Luccas Italian Delicatessen : 
[]
validating idx= 481 Luckyexpress.Net
SMTP Failed for Luckyexpress.Net

Lucky Chinese Restaurant : 
[]
validating idx= 482 Lunammk.Com

Luna Modern Mexican Kitchen : 
['info@Lunammk.Com', 'Linda@Lunammk.Com']
validating idx= 483 Lupesno2.Com

Lupe's Hot Dog Stand : 
[]
validating idx= 484 Luuchickenbowl.Com

El Tonayense Taco Truck : 
[]
validating idx= 312 Elbowroomfresno.Com

Elbow Room : 
['info@Elbowroomfresno.Com', 'Mike@Elbowroomfresno.Com']
validating idx= 313 Empanadasplace.Com

Empanadas Place : 
[]
validating idx= 314 Chuckswaterfrontgrill.Com

Endless Summer Bar Cafe : 
[]
validating idx= 315 Loungeocenvy.Com

Envy Lounge : 
[]
validating idx= 316 Chateausureau.Com

Erna's Elderberry House Rstrnt : 
[]
validating idx= 317 Eurekarestaurant.Com
CATCHALL for + Eurekarestaurant.Com

Eureka Restauarant & Lounge : 
['info@Eurekarestaurant.Com']
validating idx= 318 Eventbeverage.Com
CATCHALL for + Eventbeverage.Com

Event Staffing Solutions : 
['info@Eventbeverage.Com']
validating idx= 319 Ewellsplace.Com

Ewells Place : 
['info@Ewellsplace.Com', 'D J@Ewellsplace.Com']
validating idx= 320 Extremepizza.Com

Luu's Chicken Bowl : 
['David@Luuchickenbowl.Com']
validating idx= 485 Justgomad.Com
DNS Failed for Justgomad.Com
DNS Failed for Justgomad.Com
SMTP Failed for Justgomad.Com

Mad Confection : 
[]
validating idx= 486 Clubplanet.Com

Extreme Pizza : 
[]
validating idx= 321 Hotelfairfaxinn.Com

Main Street Inn : 
[]
validating idx= 487 Maki-Zushi.Com
SMTP Failed for Maki-Zushi.Com

Maki-Zushi Hardcore Sushi : 
[]
validating idx= 488 Mamapetrillos.Com

Mama Petrillo's : 
[]
validating idx= 489 Mandarinexpress.Com
DNS Failed for Mandarinexpress.Com
DNS Failed for Mandarinexpress.Com
SMTP Failed for Mandarinexpress.Com

Mandarin Express : 
[]
validating idx= 490 Mandarinroots.Com

Mandarin Roots : 
[]
validating idx= 491 Mbcreamery.Com
SMTP Failed for Mbcreamery.Com

Manhattan Beach Creamery : 
[]
validating idx= 492 Mantrarestaurants.Com

Mantra : 
['Sumit@Mantrarestaurants.Com']
validating idx= 493 Marvalfoodstores.Com

Rocks Place : 
[]
validating idx= 642 Rodgersburgersusa.Com
DNS Failed for Rodgersburgersusa.Com
DNS Failed for Rodgersburgersusa.Com
SMTP Failed for Rodgersburgersusa.Com

Roger's Burgers : 
[]
validating idx= 643 Rollingpindonuts.Net

New Capital Seafood Restaurant : 
[]
validating idx= 542 Indoranchoc.Com

Christakis Greek Cuisine : 
[]
validating idx= 244 Thechurchwardpub.Com
CATCHALL for + Thechurchwardpub.Com

Churchward Pub : 
['info@Thechurchwardpub.Com']
validating idx= 245 Cielitolindo1.Com
DNS Failed for Cielitolindo1.Com
DNS Failed for Cielitolindo1.Com
SMTP Failed for Cielitolindo1.Com

Cielito Lindo Restaurant : 
[]
validating idx= 246 Citruscitygrille.Com

New Indo Ranch : 
[]
validating idx= 543 Newonlocksam.Com

Citrus City Grille : 
[]
validating idx= 247 Citypub.Com

New On Lock Sam : 
[]
validating idx= 544 Newyorknewyorkpizzeria.Net

City Pub-Redwood City : 
[]
validating idx= 248 Tahoeclassiccue.Com
SMTP Failed for Newyorknewyorkpizzeria.Net

New York New York Pizzeria : 
[]
validating idx= 545 Newbreakcafe.Com
CATCHALL for + Newbreakcafe.Com

Newbreak Coffee & Cafe : 
['info@Newbreakcafe.Com']
validating idx= 546 Nicksrestaurant.Net

Rolling Pin Donuts : 
[]
validating idx= 644 Eatatrooster.Com

Nick's Rockaway : 
['info@Nicksrestaurant.Net']
validating idx= 547 Ninja-Sushi.Com
DNS Failed for Ninja-Sushi.Com
DNS Failed for Ninja-Sushi.Com
SMTP Failed for Ninja-Sushi.Com

Ninja Sushi : 
[]
validating idx= 548 Dinehere
DNS Failed for Dinehere
DNS Failed for Dinehere
SMTP Failed for Dinehere

No Brand Burger Stand : 
[]
validating idx= 549 Nomadshotel.Com

Nomads Hotel : 
[]
validating idx= 550 Northbeachcopy.Com
SMTP Failed for Eatatrooster.Com

Rooster Cafe : 
[]
validating idx= 645 Rosaspizzafood2go.Com
CATCHALL for + Northbeachcopy.Com

North Beach Copy Ctr : 
['info@Northbeachcopy.Com']
validating idx= 551 Numerounopizza.Com
CATCHALL for + Tahoeclassiccue.Com

Classic Cue : 
['info@Tahoeclassiccue.Com']
validating idx= 249 Cleonegardensirm.Com
DNS Failed for Cleonegardensirm.Com
DNS Failed for Cleonegardensirm.Com
SMTP Failed for Cleonegardensirm.Com

Cleone Gardens Inn : 
[]
validating idx= 250 Clubdakota.Com
DNS Failed for Clubdakota.Com
DNS Failed for Clubdakota.Com
SMTP Failed for Clubdakota.Com

Club Dakota : 
[]
validating idx= 251 Maxxpizzaco.Com

Co Bob's Murrieta Pizza : 
[]
validating idx= 252 Highdesertlodging.Com
SMTP Failed for Highdesertlodging.Com

Cockrells High Desert Lodge : 
[]
validating idx= 253 Coffeebreakarcata.Com
DNS Failed for Coffeebreakarcata.Com
DNS Failed for Coffeebreakarcata.Com
SMTP Failed for Coffeebreakarcata.Com

Coffee Break : 
[]
validating idx= 254 Yelp.Com
CATCHALL for + Yelp.Com

Coffee Express : 
['info@Yelp.Com']
validating idx= 255 Colimaonmain.Com

Fairfax Inn Bed & Breakfast : 
[]
validating idx= 322 Falconbar.Com
DNS Failed for Falconbar.Com
DNS Failed for Falconbar.Com
SMTP Failed for Colimaonmain.Com

Colima Mexican Restaurant : 
[]
validating idx= 256 Combospizza.Com
SMTP Failed for Falconbar.Com

Falcon : 
[]
validating idx= 323 Fareaststockton.Com

Far East Restaurant : 
[]
validating idx= 324 Farmerbrownsf.Com
SMTP Failed for Rosaspizzafood2go.Com

Rosa's Pizza-Food To Go : 
[]
validating idx= 646 Rosieogradyspub.Com
DNS Failed for Combospizza.Com
DNS Failed for Combospizza.Com
SMTP Failed for Combospizza.Com

Combo's Pizza : 
[]
validating idx= 257 Compadreschicken.Com
SMTP Failed for Numerounopizza.Com

Numero Uno Pizza : 
[]
validating idx= 552 Oasisrestaurantslo.Com

Rosie O'Grady's Irish Pub : 
[]
validating idx= 647 Rhcountryclub.Com
CATCHALL for + Oasisrestaurantslo.Com

Oasis Restaurant & Catering : 
['info@Oasisrestaurantslo.Com']
validating idx= 553 Oceancity.Com

Compadre Grill Chicken : 
[]
validating idx= 258 Calltheconnection.Com
CATCHALL for + Rhcountryclub.Com

Round Hill Country Club : 
['info@Rhcountryclub.Com']
validating idx= 648 Roxburycafe.Com
CATCHALL for + Calltheconnection.Com

Connection : 
['info@Calltheconnection.Com']
validating idx= 259 Thecookandherfarmer.Com
CATCHALL for + Thecookandherfarmer.Com

Cook & Her Farmer : 
['info@Thecookandherfarmer.Com']
validating idx= 260 Russianrivervineyards.Com

Roxbury Cafe : 
[]
validating idx= 649 Rubinosrestaurant.Com

Ocean City Restaurant : 
[]
validating idx= 554 Oceansideinnsandsuites.Com

Corks Restaurant : 
['gm@Russianrivervineyards.Com', 'Chris@Russianrivervineyards.Com']
validating idx= 261 Cornerpocket661.Com

Oceanside Inn & Suites : 
[]
validating idx= 555 Ohanahibbq.Com

Rubino's Ristorante : 
[]
validating idx= 650 Ryeontheroad.Com
CATCHALL for + Ohanahibbq.Com

Ohana Hawaiian Bbq : 
['info@Ohanahibbq.Com']
validating idx= 556 Oldcountryrestaurant.Com
DNS Failed for Oldcountryrestaurant.Com
DNS Failed for Oldcountryrestaurant.Com
SMTP Failed for Oldcountryrestaurant.Com

Old Country Coffee Shop & Dnr : 
[]
validating idx= 557 Theoldeship.Com

Olde Ship-Santa Ana : 
['Simon@Theoldeship.Com']
validating idx= 558 Oliviascafe.Com

Olivia's Cafe : 
['Olivia@Oliviascafe.Com']
validating idx= 559 Omelettefactory.Com
DNS Failed for Omelettefactory.Com
DNS Failed for Omelettefactory.Com
SMTP Failed for Omelettefactory.Com

Omelette Factory : 
[]
validating idx= 560 Signonsandiego
DNS Failed for Signonsandiego
DNS Failed for Signonsandiego
SMTP Failed for Signonsandiego

One More Thats It Pub : 
[]
validating idx= 561 Oopssushi.Com
DNS Failed for Oopssushi.Com
DNS Failed for Oopssushi.Com
SMTP Failed for Oopssushi.Com

Oops Sushi & Saki : 
[]
validating idx= 562 Cityoforange.Org
CATCHALL for + Cityoforange.Org

Orange Police Dept : 
['info@Cityoforange.Org']
validating idx= 563 Orenshummus.Com

Oren's Hummus Shop : 
[]
validating idx= 564 Orientalkitchencolma.Com

Rye : 
['info@Ryeontheroad.Com', 'Greg@Ryeontheroad.Com']
validating idx= 651 Thaistylesd.Com
DNS Failed for Thaistylesd.Com
DNS Failed for Thaistylesd.Com
SMTP Failed for Thaistylesd.Com

Sab-E-Lee-Thai Food Santee : 
[]
validating idx= 652 Sabuysabuy2.Com
DNS Failed for Sabuysabuy2.Com
DNS Failed for Sabuysabuy2.Com
SMTP Failed for Sabuysabuy2.Com

Sabuy Sabuy II-Berkeley : 
[]
validating idx= 653 Saffronindia.Com

Saffron : 
[]
validating idx= 654 Sahejindiagrill.Com
DNS Failed for Sahejindiagrill.Com
DNS Failed for Sahejindiagrill.Com
SMTP Failed for Sahejindiagrill.Com

Sahej India Grill : 
[]
validating idx= 655 Salsaandbeervannuys.Com
SMTP Failed for Orientalkitchencolma.Com

Oriental Kitchen : 
[]
validating idx= 565 Originalmelsdiner.Com

Original Mels : 
[]
validating idx= 566 Orlandinn.Com
SMTP Failed for Farmerbrownsf.Com

Farmerbrown : 
[]
validating idx= 325 Fats-Grill.Com
DNS Failed for Fats-Grill.Com
DNS Failed for Fats-Grill.Com
SMTP Failed for Fats-Grill.Com

Fat's Grill & Bar : 
[]
validating idx= 326 Midnightinsanity.Org

Fern's Cocktails : 
[]
validating idx= 327 Fieldhousesportsgrill.Com

Fieldhouse Sports Grill : 
['info@Fieldhousesportsgrill.Com', 'Mike@Fieldhousesportsgrill.Com']
validating idx= 328 5thquarterpizza.Com

Fifth Quarter Pizza : 
[]
validating idx= 329 Allmenus.Com

Fillmore Street Cafe : 
[]
validating idx= 330 Groupon.Com
CATCHALL for + Groupon.Com

First China Kitchen : 
['info@Groupon.Com']
validating idx= 331 Fishhopper.Com

Fish Hopper : 
[]
validating idx= 332 Fishingboatchinesecuisine.Com

Fishing Boat Culinary Arts Crp : 
[]
validating idx= 333 Flamingopalmscubanbistro.Com
DNS Failed for Flamingopalmscubanbistro.Com
DNS Failed for Flamingopalmscubanbistro.Com
SMTP Failed for Flamingopalmscubanbistro.Com

Flamingo Palms Cuban Bistro : 
[]
validating idx= 334 Fsburger.Com
CATCHALL for + Orlandinn.Com

Orland Inn : 
['info@Orlandinn.Com']
validating idx= 567 Oscarsdelionline.Com

Oscar's Deli & Grill : 
[]
validating idx= 568 Outlawsatascadero.Com

Outlaws Bar & Grill Inc : 
[]
validating idx= 569 Ozumarestaurant.Com
SMTP Failed for Ozumarestaurant.Com

Ozuma Japanese Restaurant : 
[]
validating idx= 570 Sfpachino.Com
DNS Failed for Sfpachino.Com
DNS Failed for Sfpachino.Com
SMTP Failed for Sfpachino.Com

Pachino : 
[]
validating idx= 571 Pagesdiner.Com
DNS Failed for Pagesdiner.Com
DNS Failed for Pagesdiner.Com
SMTP Failed for Pagesdiner.Com

Page's Diner : 
[]
validating idx= 572 Thepalmdeli.Com

Palm Deli : 
['Ericka@Thepalmdeli.Com']
validating idx= 573 Paloaltocreamery.Com
SMTP Failed for Fsburger.Com

Flipside : 
['info@Fsburger.Com']
validating idx= 335 Florianos.Net
SMTP Failed for Salsaandbeervannuys.Com

Salsa & Beer : 
[]
validating idx= 656 Saltscure.Com

Salt's Cure : 
[]
validating idx= 657 The-Sanfranciscan.Com
CATCHALL for + Florianos.Net

Floriano's Mexican Food : 
['info@Florianos.Net']
validating idx= 336 Foggiadeli.Com

Foggia Italian Market & Deli : 
['info@Foggiadeli.Com']
validating idx= 337 Basixcafe.Com
SMTP Failed for Basixcafe.Com

Food Biz Inc : 
[]
validating idx= 338 Forbesmillsteakhouse.Com

Forbes Mill Steakhouse : 
[]
validating idx= 339 Fortunegardensantacruz.Com

Fortune Garden : 
[]
validating idx= 340 Fourcornerstracy.Com
SMTP Failed for Fourcornerstracy.Com

Four Corners Restaurant : 
[]
validating idx= 341 Francellis.Com

Francelli's : 
[]
validating idx= 342 Franklinstreetcaffe.Com

Corner Pocket Sports Cafe : 
[]
validating idx= 262 Cosechacafe.Com
CATCHALL for + Cosechacafe.Com

Cosecha : 
['info@Cosechacafe.Com']
validating idx= 263 Cowgirlcafe.Net

Franklin Street Caffe : 
[]
validating idx= 343 Dalebakery.Com
DNS Failed for Dalebakery.Com
DNS Failed for Dalebakery.Com
SMTP Failed for Dalebakery.Com

Fred's Bakery & Deli : 
[]
validating idx= 344 Thefrenchkitchen.Com
DNS Failed for Thefrenchkitchen.Com
DNS Failed for Thefrenchkitchen.Com
SMTP Failed for Thefrenchkitchen.Com

French Ktchen : 
[]
validating idx= 345 Freshwok.Com
DNS Failed for Freshwok.Com
DNS Failed for Freshwok.Com
SMTP Failed for Freshwok.Com

Fresh Wok : 
[]
validating idx= 346 Friscos.Com
CATCHALL for + Cowgirlcafe.Net

Cowgirl Cafe : 
['info@Cowgirlcafe.Net']
validating idx= 264 Cozyhollowlodge.Com
CATCHALL for + Cozyhollowlodge.Com

Cozy Hollow Lodge : 
['info@Cozyhollowlodge.Com']
validating idx= 265 Saccrawdads.Com
SMTP Failed for Saccrawdads.Com

Crawdad's River Cantina Inc : 
[]
validating idx= 266 Creameryicecream.Com
DNS Failed for Creameryicecream.Com
DNS Failed for Creameryicecream.Com
SMTP Failed for Creameryicecream.Com

Creamery : 
[]
validating idx= 267 Cremedelacrepe.Com

Creme De LA Crepe Beverly Hls : 
['info@Cremedelacrepe.Com']
validating idx= 268 Crepevine.Com

Crepevine : 
[]
validating idx= 269 Croces.Com
SMTP Failed for The-Sanfranciscan.Com

San Franciscan : 
[]
validating idx= 658 Maroous.Com
DNS Failed for Maroous.Com
DNS Failed for Maroous.Com
SMTP Failed for Maroous.Com

San Maroo : 
[]
validating idx= 659 Sanchostaqueria.Com
CATCHALL for + Sanchostaqueria.Com

Sanchos Taqueria : 
['info@Sanchostaqueria.Com']
validating idx= 660 Sandradeesbbq.Com
CATCHALL for + Sandradeesbbq.Com

Sandra Dee's Bbq & Seafood : 
['info@Sandradeesbbq.Com']
validating idx= 661 Sandwichmaker.Us

Croce's : 
['info@Croces.Com', 'Ingrid@Croces.Com']
validating idx= 270 Hotelringingbell
DNS Failed for Hotelringingbell
DNS Failed for Hotelringingbell
SMTP Failed for Hotelringingbell

Crown Motel : 
[]
validating idx= 271 Crystalpier.Com
SMTP Failed for Crystalpier.Com

Crystal Pier Hotel & Cottages : 
[]
validating idx= 272 Cuginirestaurant.Com

Cugini : 
['info@Cuginirestaurant.Com', 'Gianni@Cuginirestaurant.Com']
validating idx= 273 Cuppajoetogo.Com
DNS Failed for Cuppajoetogo.Com
DNS Failed for Cuppajoetogo.Com
SMTP Failed for Cuppajoetogo.Com

Cuppa Joe To Go : 
[]
validating idx= 274 Eyecandybikinibar.Com
DNS Failed for Eyecandybikinibar.Com
DNS Failed for Eyecandybikinibar.Com
SMTP Failed for Eyecandybikinibar.Com

Czeckers Bar : 
[]
validating idx= 275 Davincispizza.Net

Sandwich Maker : 
[]
validating idx= 662 Santacruzdiner.Com

Da Vinci's Pizza : 
['info@Davincispizza.Net']
validating idx= 276 Danagourmetcatering.Com
DNS Failed for Danagourmetcatering.Com
DNS Failed for Danagourmetcatering.Com
SMTP Failed for Danagourmetcatering.Com

Dana Gourmet Catering : 
[]
validating idx= 277 Daryasouthcoastplaza.Com

Darya Restaurant : 
['info@Daryasouthcoastplaza.Com', 'Ali@Daryasouthcoastplaza.Com']
validating idx= 278 Demedicisandiego.Com

Bier Academy : 
[]
validating idx= 106 Biergartenla.Com

Biergarten : 
[]
validating idx= 107 Martinez
DNS Failed for Martinez
DNS Failed for Martinez
SMTP Failed for Martinez

Big Burger : 
[]
validating idx= 108 Bigguyspizzacorp.Com

Big Guy's Pizza Pasta-Sports : 
[]
validating idx= 109 Thebiggchill.Com

Bigg Chill : 
[]
validating idx= 110 Dandbtexasbbq.Com
SMTP Failed for Demedicisandiego.Com

De Medici : 
[]
validating idx= 279 Delspizza.Com
DNS Failed for Delspizza.Com
DNS Failed for Delspizza.Com
SMTP Failed for Delspizza.Com

Del's Pizzeria & Italian : 
[]
validating idx= 280 Delicebakery.Com

Delice Bakery : 
['info@Delicebakery.Com']
validating idx= 281 Denstea.Com
SMTP Failed for Paloaltocreamery.Com

Palo Alto Creamery : 
[]
validating idx= 574 Pandahousespringvalley.Com

Panda House : 
[]
validating idx= 575 Mypaninicafe.Com

Panini Hospitality Group Inc : 
['info@Mypaninicafe.Com']
validating idx= 576 Papalote-Sf.Com

Papalote : 
[]
validating idx= 577 Grubhub.Com

Pappy's Coffee Shop : 
['operations@Grubhub.Com']
validating idx= 578 Paradiso-Sanleandro.Com
DNS Failed for Paradiso-Sanleandro.Com
DNS Failed for Paradiso-Sanleandro.Com
SMTP Failed for Paradiso-Sanleandro.Com

Paradiso Restaurant : 
[]
validating idx= 579 Passagetoindia.Net

Passage To India Bakery : 
['info@Passagetoindia.Net', 'Ben@Passagetoindia.Net']
validating idx= 580 Pastinospizzamenu.Com

Pastino's Pasta & Pizza : 
[]
validating idx= 581 Patriciosgrill.Com

Patricio's Grill & Pasta : 
[]
validating idx= 582 Patxispizza.Com
SMTP Failed for Patxispizza.Com

Patxi's Pizza : 
[]
validating idx= 583 Yieldandpause.Com
SMTP Failed for Denstea.Com

Den's Tea : 
[]
validating idx= 282 Devincis.Com

Pause Wine Bar : 
[]
validating idx= 584 Peachscornercafe.Com
SMTP Failed for Peachscornercafe.Com

Peacha's : 
[]
validating idx= 585 Pedonespizza.Com

Pedone's Pizza & Fine Foods : 
['info@Pedonespizza.Com']
validating idx= 586 Pekingmorganhill.Com
SMTP Failed for Pekingmorganhill.Com

Peking Restaurant : 
[]
validating idx= 587 Perdiemsf.Com

Devinci's Delicatessen : 
[]
validating idx= 283 Diamondpalacecuisine.Com
DNS Failed for Diamondpalacecuisine.Com
DNS Failed for Diamondpalacecuisine.Com
SMTP Failed for Diamondpalacecuisine.Com

Diamond Palace Cuisine India : 
[]
validating idx= 284 Diciccos.Com
DNS Failed for Diciccos.Com
DNS Failed for Diciccos.Com
SMTP Failed for Diciccos.Com

Diciccos Italian Restaurant : 
[]
validating idx= 285 Ocregister
DNS Failed for Ocregister
DNS Failed for Ocregister
SMTP Failed for Ocregister

Dino's Burgers : 
[]
validating idx= 286 Dolanfoster.Com
SMTP Failed for Friscos.Com

Frisco's Carhops Diner : 
[]
validating idx= 347 Fruitssplash.Com
DNS Failed for Fruitssplash.Com
DNS Failed for Fruitssplash.Com
SMTP Failed for Fruitssplash.Com

Fruit Splash : 
[]
validating idx= 348 Fujigrill.Com

Fuji Grill : 
[]
validating idx= 349 Jimdo
DNS Failed for Jimdo
DNS Failed for Jimdo
SMTP Failed for Jimdo

Full Moon Restaurant : 
[]
validating idx= 350 Furaibousa.Com
DNS Failed for Furaibousa.Com
DNS Failed for Furaibousa.Com
SMTP Failed for Furaibousa.Com

Furaibo : 
[]
validating idx= 351 Restaurantdanapoint.Com
DNS Failed for Restaurantdanapoint.Com
DNS Failed for Restaurantdanapoint.Com
SMTP Failed for Restaurantdanapoint.Com

Gemmell's Restaurant : 
[]
validating idx= 352 Geoffreysmalibu.Com
SMTP Failed for Geoffreysmalibu.Com

Geoffrey's Malibu : 
[]
validating idx= 353 Ggscafebistro.Com
SMTP Failed for Dolanfoster.Com

Dolan Foster : 
[]
validating idx= 287 Doncuco.Com

Don Cuco-Acton : 
[]
validating idx= 288 Hausofpizza.Net
SMTP Failed for Hausofpizza.Net

Doria's Haus Of Pizza : 
[]
validating idx= 289 Drgrubbsmod.Com

Gg's Bistro : 
['info@Ggscafebistro.Com']
validating idx= 354 Carpetplace.Com
DNS Failed for Carpetplace.Com
DNS Failed for Carpetplace.Com
SMTP Failed for Carpetplace.Com

Ginger Root Inc : 
[]
validating idx= 355 Grnfc.Com
SMTP Failed for Santacruzdiner.Com

Santa Cruz Dinner : 
[]
validating idx= 663 Wixsite
DNS Failed for Wixsite
DNS Failed for Wixsite
SMTP Failed for Wixsite

Sato Japanese Restaurant : 
[]
validating idx= 664 Savorycoastcatering.Com
DNS Failed for Savorycoastcatering.Com
DNS Failed for Savorycoastcatering.Com
SMTP Failed for Savorycoastcatering.Com

Savory Coast : 
[]
validating idx= 665 Saylorsrestaurantandbar.Com

Saylor's Restaurant & Bar : 
['Sonja@Saylorsrestaurantandbar.Com']
validating idx= 666 Schoonerville.Com
SMTP Failed for Schoonerville.Com

Schoonerville : 
[]
validating idx= 667 Scottssubco.Com

Scott's Sub Co : 
[]
validating idx= 668 Seagardenpismo.Com
CATCHALL for + Seagardenpismo.Com

Sea Garden Motel : 
['info@Seagardenpismo.Com']
validating idx= 669 Hgsitebuilder.Com

Seahawk Cocktail Lounge : 
['manager@Hgsitebuilder.Com']
validating idx= 670 Seasonsatlajolla.Com

Seasons At LA Jolla : 
[]
validating idx= 671 Mexicanrestaurantwhittier.Com
DNS Failed for Mexicanrestaurantwhittier.Com
DNS Failed for Mexicanrestaurantwhittier.Com
SMTP Failed for Mexicanrestaurantwhittier.Com

Senor Pepper's : 
[]
validating idx= 672 Seoultofuhouseusa.Com
DNS Failed for Seoultofuhouseusa.Com
DNS Failed for Seoultofuhouseusa.Com
SMTP Failed for Seoultofuhouseusa.Com

Seoul Tofu House : 
[]
validating idx= 673 Serritellas.Com
DNS Failed for Serritellas.Com
DNS Failed for Serritellas.Com
SMTP Failed for Serritellas.Com

Serritella's : 
[]
validating idx= 674 Sevilletapas.Com
CATCHALL for + Sevilletapas.Com

Seville Tapas Inc : 
['info@Sevilletapas.Com']
validating idx= 675 Shadycoffeeandtea.Com

Shady Coffee & Tea : 
[]
validating idx= 676 Shanghaigarden888.Com
SMTP Failed for Perdiemsf.Com

Per Diem : 
[]
validating idx= 588 Phatkymigia.Com
DNS Failed for Drgrubbsmod.Com

Shanghai Garden : 
[]
validating idx= 677 La-Shikibu.Com

Phat Ky Restaurant : 
['Vincent@Phatkymigia.Com']
validating idx= 589 Phillypizzaandgrilllosangeles.Com

Philly Pizza & Grill : 
[]
validating idx= 590 Phoabc.Com
SMTP Failed for Phoabc.Com

Pho ABC : 
[]
validating idx= 591 Blogspot
DNS Failed for Blogspot
DNS Failed for Blogspot
SMTP Failed for Blogspot

PHO First Choice : 
[]
validating idx= 592 Phoking4.Net

Mar-Val Food Stores Inc : 
[]
validating idx= 494 Marcondas.Com
SMTP Failed for Phoking4.Net

Pho King : 
[]
validating idx= 593 Phooxnard.Com
DNS Failed for Phooxnard.Com
DNS Failed for Phooxnard.Com
SMTP Failed for Phooxnard.Com

Pho Oxnard Vietnamese Rstrnt : 
[]
validating idx= 594 Piazzadangelo.Com

Marconda's Meats : 
[]
validating idx= 495 Marietasrestaurantlamesaca.Com
DNS Failed for Marietasrestaurantlamesaca.Com
DNS Failed for Marietasrestaurantlamesaca.Com
SMTP Failed for Marietasrestaurantlamesaca.Com

Marieta's : 
[]
validating idx= 496 Ocregister
DNS Failed for Ocregister
DNS Failed for Ocregister
SMTP Failed for Ocregister

Mariner's Coffee Shop : 
[]
validating idx= 497 Mariscoslosenriques.Com

Piazza D'Angelo Ristorante : 
['info@Piazzadangelo.Com']
validating idx= 595 Picnicpeoplesandiego.Com
CATCHALL for + Picnicpeoplesandiego.Com

Picnic People : 
['info@Picnicpeoplesandiego.Com']
validating idx= 596 Pier15sanrafael.Com
SMTP Failed for Pier15sanrafael.Com

Pier 15 : 
[]
validating idx= 597 Pillboxtavern.Com

Pillbox Tavern : 
['info@Pillboxtavern.Com', 'Leigh@Pillboxtavern.Com']
validating idx= 598 Pinestreetburgers.Com
SMTP Failed for Pinestreetburgers.Com

Pine Street Burgers : 
[]
validating idx= 599 Mapquest.Com
CATCHALL for + Mapquest.Com

Pinoy's Place Restaurant : 
['info@Mapquest.Com']
SMTP Failed for Mariscoslosenriques.Com

Mariscos Los Enriques : 
[]
validating idx= 498 Cheeburger.Com

Marlin Corportion : 
['info@Cheeburger.Com']
validating idx= 499 Marthabros.Com

Martha & Brothers Coffee : 
[]
DNS Failed for Drgrubbsmod.Com
SMTP Failed for Drgrubbsmod.Com

Dr Grubb's : 
[]
validating idx= 290 Dragonriversf.Com
DNS Failed for Dragonriversf.Com
DNS Failed for Dragonriversf.Com
SMTP Failed for Dragonriversf.Com

Dragon River Restaurant : 
[]
validating idx= 291 Dynamodonut.Com

Dynamo Donut & Coffee : 
[]
validating idx= 292 Waldoward.Com

E Waldo Ward & Son Marmalades : 
[]
validating idx= 293 Wp
DNS Failed for Wp
DNS Failed for Wp
SMTP Failed for Wp

East Lake Chinese Seafood : 
[]
validating idx= 294 Eatrightedibles.Com

Eat Right Edibles : 
['sales@Eatrightedibles.Com', 'Cliff@Eatrightedibles.Com']
validating idx= 295 Lacocinaeco.Com

Economca : 
['info@Lacocinaeco.Com']
validating idx= 296 Eggheavencafe.Com

Egg Heaven : 
[]
validating idx= 297 Chow.Com

El Abuelo Restaurant : 
['operations@Chow.Com']
validating idx= 298 Aztecamex.Com
SMTP Failed for Aztecamex.Com

El Azteca Mexican Restaurant : 
[]
validating idx= 299 Tarzanarestaurants.Com
DNS Failed for Tarzanarestaurants.Com
DNS Failed for Tarzanarestaurants.Com
SMTP Failed for Tarzanarestaurants.Com

El Cancun Mexican Restaurant : 
[]

Giuseppe Fine Catering : 
[]
validating idx= 356 Gocheespizzasanfrancisco.Com
DNS Failed for Gocheespizzasanfrancisco.Com
DNS Failed for Gocheespizzasanfrancisco.Com
SMTP Failed for Gocheespizzasanfrancisco.Com

Gochees Pizza : 
[]
validating idx= 357 Wix
DNS Failed for Wix
DNS Failed for Wix
SMTP Failed for Wix

Gold Dragon Express : 
[]
validating idx= 358 Shawntanderson.Com

Golden Bowl : 
[]
validating idx= 359 Goldenchopsticks.Com
SMTP Failed for Goldenchopsticks.Com

Golden Chopsticks : 
[]
validating idx= 360 Goldenoxlodi.Com

Golden Ox Restaurant : 
[]
validating idx= 361 Dandb.Com
SMTP Failed for Dandb.Com

Golden Tea Shop : 
[]
validating idx= 362 Goodiesinthepantry.Com

Shikibu : 
[]
validating idx= 678 Shisorestaurant.Com

Shiso Modern Asian Kitchen : 
['contact@Shisorestaurant.Com']
validating idx= 679 Shorehotel.Com
SMTP Failed for Shorehotel.Com

Shore Hotel : 
[]
validating idx= 680 Siameseexpressca.Com

Siamese Express : 
[]
validating idx= 681 Sidnydeli.Com
SMTP Failed for Sidnydeli.Com

Sidny's Deli : 
[]
validating idx= 682 Silvercloudsf.Com

Silver Clouds : 
[]
validating idx= 683 Silverstagwinery.Com

Silver Stag Winery : 
[]
validating idx= 684 Sinbalanet.Com
SMTP Failed for Goodiesinthepantry.Com

Goodies In The Pantry : 
[]
validating idx= 363 Grandstarjazzclub.Com
CATCHALL for + Grandstarjazzclub.Com

Grand Star Jazz Club : 
['info@Grandstarjazzclub.Com']
validating idx= 364 Whitepages.Com

Bigg Dane & Beales Texas Bbq : 
[]
validating idx= 111 Billydzbbq.Com
SMTP Failed for Whitepages.Com

Granites Sub Shop : 
[]
validating idx= 365 Grazie-Restaurant.Com
DNS Failed for Grazie-Restaurant.Com
DNS Failed for Grazie-Restaurant.Com
SMTP Failed for Grazie-Restaurant.Com

Grazie Cafe Italiano : 
[]
validating idx= 366 Great-Wall-Restaurant.Com

Great Wall : 
[]
validating idx= 367 Greenearthvegan.Com
SMTP Failed for Greenearthvegan.Com

Green Earth Vegan Cusisine : 
[]
validating idx= 368 Greenthumbproduce.Net

Green Thumb Produce : 
[]
validating idx= 369 Sfstation.Com

Greens Sports Bar : 
[]
validating idx= 370 Thegrindcafe.Com
SMTP Failed for Thegrindcafe.Com

Grind : 
[]
validating idx= 371 Grow-Link.Net
SMTP Failed for Grow-Link.Net

Grow-Link Co : 
[]
validating idx= 372 Guidossimipizzaandpasta.Com

Guido's Pizza : 
[]
validating idx= 373 Cafesantaana.Com
DNS Failed for Cafesantaana.Com
DNS Failed for Cafesantaana.Com
SMTP Failed for Cafesantaana.Com

Gypsy Den : 
[]
validating idx= 374 Habaneromexicangrillriverside.Com
DNS Failed for Habaneromexicangrillriverside.Com
DNS Failed for Habaneromexicangrillriverside.Com
SMTP Failed for Habaneromexicangrillriverside.Com

Habanero Mexican Grill : 
[]
validating idx= 375 Hanabishi-Restaurant.Com
CATCHALL for + Hanabishi-Restaurant.Com

Hanabishi Japanese Cuisine : 
['info@Hanabishi-Restaurant.Com']
validating idx= 376 Dineries.Com

Hank's Mexican Food : 
[]
validating idx= 377 Happybakery.Com
SMTP Failed for Happybakery.Com

Happy Bakery : 
[]
validating idx= 378 Menuism.Com

Happy Wok : 
[]
validating idx= 379 Harborvillasf.Com

Harbor Villa : 
[]
validating idx= 380 Harpoontx.Com
SMTP Failed for Harpoontx.Com

Harpoon Therapeutics : 
[]
validating idx= 381 Myhatam.Com

Hatam Restaurant : 
[]
validating idx= 382 Hawaiiandriveinn.Com
SMTP Failed for Hawaiiandriveinn.Com

Hawaiian Drive Inn : 
[]
validating idx= 383 Healingtreeproducts.Com

Healing Tree : 
['operations@Healingtreeproducts.Com', 'Moe@Healingtreeproducts.Com']
validating idx= 384 Heavenlysyogurt.Com
SMTP Failed for Billydzbbq.Com

Billy D'z Backyard BBQ : 
[]
validating idx= 112 Birrieriabaldomero2.Com

Birrieria Baldomero : 
[]
validating idx= 113 Birrieriadedonboni.Com
SMTP Failed for Heavenlysyogurt.Com

Heavenly's Yogurt : 
[]
validating idx= 385 Hellosushiredlands.Com

Birrieria De Don Boni : 
['info@Birrieriadedonboni.Com']
validating idx= 114 Giobistro13.Net
SMTP Failed for Giobistro13.Net

Bistro 13 : 
[]
validating idx= 115 Bitemesandwiches.Com

Hello Sushi : 
[]
validating idx= 386 Hirosushiroll.Com
DNS Failed for Hirosushiroll.Com
DNS Failed for Hirosushiroll.Com
SMTP Failed for Hirosushiroll.Com

Hiro Japanese Restaurant : 
[]
validating idx= 387 Hofsashouse.Com

Hofsas House Hotel : 
['info@Hofsashouse.Com', 'Carrie@Hofsashouse.Com']
validating idx= 388 Holidaymotel.Net

Holiday Motel : 
['info@Holidaymotel.Net']
validating idx= 389 Hollywoodspecialfx.Com
SMTP Failed for Hollywoodspecialfx.Com

Hollywood Special Fx : 
[]
validating idx= 390 Hkexpress.Com
SMTP Failed for Hkexpress.Com

Hong Kong Express : 
[]
validating idx= 391 Honshusushi.Com
SMTP Failed for Bitemesandwiches.Com

Bite Maine Sandwiches : 
[]
validating idx= 116 Sjblackpearl.Com

Black Pearl Cafe : 
[]
validating idx= 117 Blackpearlsushi.Com
DNS Failed for Blackpearlsushi.Com
DNS Failed for Blackpearlsushi.Com
SMTP Failed for Blackpearlsushi.Com

Black Pearl Sushi : 
[]
validating idx= 118 Theblaqsquaremenu.Com

Blaq Square : 
[]
validating idx= 119 Blockpartyhp.Com

Block Party Highland Park : 
[]
validating idx= 120 Bluecoyotetruckee.Com

Blue Coyote : 
[]
validating idx= 121 Bluecoyotegrill.Com

Blue Coyote Bar & Grill : 
[]
validating idx= 122 Bluebirdinncambria.Com
DNS Failed for Bluebirdinncambria.Com
DNS Failed for Bluebirdinncambria.Com
SMTP Failed for Bluebirdinncambria.Com

Bluebird Inn : 
[]
validating idx= 123 Boardandbrew.Com

Board & Brew : 
[]
validating idx= 124 Boardandbrew.Com

Board & Brew : 
[]
validating idx= 125 Boba-Mia.Com
DNS Failed for Boba-Mia.Com
DNS Failed for Boba-Mia.Com
SMTP Failed for Boba-Mia.Com

Boba Time : 
[]
validating idx= 126 Boccaccios.Com
DNS Failed for Boccaccios.Com
DNS Failed for Boccaccios.Com
SMTP Failed for Boccaccios.Com

Boccaccio's Restaurant : 
[]
validating idx= 127 Boccalis.Com

Boccali's Pizza & Pasta : 
['info@Boccalis.Com', 'Dewayne@Boccalis.Com']
validating idx= 128 Bollweevil53.Com
DNS Failed for Bollweevil53.Com
DNS Failed for Bollweevil53.Com
SMTP Failed for Bollweevil53.Com

Boll Weevil : 
[]
validating idx= 129 Bomburger.Com
SMTP Failed for Bomburger.Com

Bomburger : 
[]
validating idx= 130 Bonjourcafe.Com

Bonjour Cafe : 
[]
validating idx= 131 Boosphilly.Com

Boos Philly Cheesesteaks : 
[]
validating idx= 132 Bottegaitaliana.Com

Bottega Italiana : 
['info@Bottegaitaliana.Com', 'David@Bottegaitaliana.Com']
validating idx= 133 Bouletteslarder.Com

Boulettes Larder Boulibar : 
['info@Bouletteslarder.Com']
validating idx= 134 Boulevardrestaurant.Com

Boulevard : 
[]
validating idx= 135 Bowinklesdrivethru.Com
SMTP Failed for Honshusushi.Com

Honshu Sushi : 
[]
validating idx= 392 Hopmonk.Com

Hopmonk Tavern-Novato : 
[]
validating idx= 393 Thehotelsancarlos.Com
CATCHALL for + Thehotelsancarlos.Com

Hotel San Carlos : 
['info@Thehotelsancarlos.Com']
validating idx= 394 Ninedragons.Com

House Of Nine Dragons : 
['info@Ninedragons.Com', 'Diana@Ninedragons.Com']
validating idx= 395 Hoyswok.Com
DNS Failed for Hoyswok.Com
DNS Failed for Hoyswok.Com
SMTP Failed for Hoyswok.Com

Hoy's Wok Sunset Restaurant : 
[]
validating idx= 396 Hunanbardavis.Com

Hunan Bar & Restaurant : 
[]
validating idx= 397 Menuism.Com

Sinbala : 
[]
validating idx= 685 Slashxcafe.Com
DNS Failed for Slashxcafe.Com
DNS Failed for Slashxcafe.Com
SMTP Failed for Slashxcafe.Com

Slash X Ranch Cafe : 
[]
validating idx= 686 Sloansrestaurant.Com

Hunan Yuan Restaurant : 
[]
validating idx= 398 Hyatt
DNS Failed for Hyatt
DNS Failed for Hyatt
SMTP Failed for Hyatt

Hyatt Regency-John Wayne : 
[]
validating idx= 399 Ilcielo.Com

Sloan's Restaurant : 
['info@Sloansrestaurant.Com', 'Kelly@Sloansrestaurant.Com']
validating idx= 687 Dinehere
DNS Failed for Dinehere
DNS Failed for Dinehere
SMTP Failed for Dinehere

Smitty's Famous Fish & Chicken : 
[]
validating idx= 688 Scalpizza.Com

Il Cielo : 
['manager@Ilcielo.Com', 'Pasquale@Ilcielo.Com']
SMTP Failed for Scalpizza.Com

So Cal Pizza : 
[]
validating idx= 689 Sombreromex.Com

Sombrero Mexican Food : 
[]
validating idx= 690 Petalumapizzeria.Com
DNS Failed for Petalumapizzeria.Com
DNS Failed for Petalumapizzeria.Com
SMTP Failed for Petalumapizzeria.Com

Sonoma Mountain Pizza : 
[]
validating idx= 691 Sophiathai.Com

Bowinkle's Drive Thru : 
[]
validating idx= 136 Branchstreetdeli.Com

Branch Street Deli : 
[]
validating idx= 137 Bravo-Burgers.Com

Bravo Burgers : 
[]
validating idx= 138 Bravo-Burgers.Com

Bravo Burgers : 
[]
validating idx= 139 Breadcrumbscatering.Com
SMTP Failed for Breadcrumbscatering.Com

Bread Crumbs Bakery : 
[]
validating idx= 140 Thebreadstoresacramento.Com
SMTP Failed for Thebreadstoresacramento.Com

Bread Store : 
[]
validating idx= 141 Sbbreakwater.Com

Breakwater Restaurant : 
['info@Sbbreakwater.Com']
validating idx= 142 Brendans.Com

Brendan's Camarillo : 
[]
validating idx= 143 Brians24.Com

Brian's 24 : 
[]
validating idx= 144 Brigantine.Com

Brigantine Inc : 
['info@Brigantine.Com', 'MMorton Jr@Brigantine.Com']
validating idx= 145 Giantgrinderslo.Com

Broad St Giant Grinder Shop : 
[]
validating idx= 146 Brookrest.Com

Brookfields Restaurant : 
['Sam@Brookrest.Com']
validating idx= 147 Fourbrothers.Com
SMTP Failed for Fourbrothers.Com

Brothers Burger : 
[]
validating idx= 148 Brunosbbq.Com
DNS Failed for Brunosbbq.Com
DNS Failed for Brunosbbq.Com
SMTP Failed for Brunosbbq.Com

Bruno's Barbecue Restaurant : 
[]
validating idx= 149 Brunosburger.Com

Bruno's Burgers : 
[]
validating idx= 150 Btkmenu.Com

Buddha Thai Kitchen : 
[]
validating idx= 151 Buddysbitesandbrews.Com
DNS Failed for Buddysbitesandbrews.Com
DNS Failed for Buddysbitesandbrews.Com
SMTP Failed for Buddysbitesandbrews.Com

Buddy's Bites & Brews : 
[]
validating idx= 152 Budgetinnofneedles.Com
DNS Failed for Budgetinnofneedles.Com
DNS Failed for Budgetinnofneedles.Com
SMTP Failed for Budgetinnofneedles.Com

Budget Inn-Needles : 
[]
validating idx= 153 Bugabbq.Com

Buga Korean Barbecue Rstrnt : 
[]
validating idx= 154 Thebungalowclub.Com
DNS Failed for Thebungalowclub.Com
DNS Failed for Thebungalowclub.Com
SMTP Failed for Thebungalowclub.Com

Bugatta Supper Club : 
[]
validating idx= 155 Thebungalowrestaurant.Com
CATCHALL for + Thebungalowrestaurant.Com

Bungalow : 
['info@Thebungalowrestaurant.Com']
validating idx= 156 Burritofactorysunland.Com
DNS Failed for Burritofactorysunland.Com
DNS Failed for Burritofactorysunland.Com
SMTP Failed for Burritofactorysunland.Com

Burrito Factory : 
[]
validating idx= 157 Busybeeembroidery.Com
SMTP Failed for Busybeeembroidery.Com

Busy Bee : 
[]
validating idx= 158 Thebusybeecafe.Com

Busy Bee Cafe : 
[]
validating idx= 159 Caskncleaver.Com

Sophia's Thai Cuisine : 
[]
validating idx= 692 Southvillarestaurant.Com

South Villa Restaurant : 
[]
validating idx= 693 Spaghettieddies.Com

Spaghetti Eddie's Cucina Itln : 
[]
validating idx= 694 Spoonashby.Com

Spoon : 
[]
validating idx= 695 Sportsmenslodge.Com
SMTP Failed for Sportsmenslodge.Com

Sportsmen's Lodge Events Ctr : 
[]
validating idx= 696 Srithaidublin.Com
SMTP Failed for Srithaidublin.Com

Sri-Thai Restaurant : 
[]
validating idx= 697 Thestachebar.Com

Stache Bar : 
[]
validating idx= 698 Stargingerfolsomblvd.Com
DNS Failed for Stargingerfolsomblvd.Com
DNS Failed for Stargingerfolsomblvd.Com
SMTP Failed for Stargingerfolsomblvd.Com

Star Ginger : 
[]
validating idx= 699 Harborviewinnsb.Com
SMTP Failed for Harborviewinnsb.Com

State Street Coffee : 
[]
SMTP Failed for Caskncleaver.Com

C & C Organization : 
[]
validating idx= 160 Cestsibonnb.Com

C'Est Si Bon Bakery : 
[]
validating idx= 161 Csbbq.Net
CATCHALL for + Csbbq.Net

C's Bbq Catering : 
['info@Csbbq.Net']
validating idx= 162 Cabbagepatchla.Com

Cabbage Patch : 
['contact@Cabbagepatchla.Com', 'Harold@Cabbagepatchla.Com']
validating idx= 163 Cabbagepatchla.Com

Cabbage Patch : 
['contact@Cabbagepatchla.Com', 'Harold@Cabbagepatchla.Com']
validating idx= 164 Menutoeat
DNS Failed for Menutoeat
DNS Failed for Menutoeat
SMTP Failed for Menutoeat

Cactus Mexican Food : 
[]
validating idx= 165 Cafeonefortbragg.Com
DNS Failed for Cafeonefortbragg.Com
DNS Failed for Cafeonefortbragg.Com
SMTP Failed for Cafeonefortbragg.Com

Cafe 1 : 
[]
validating idx= 166 Cafearoma.Org
DNS Failed for Cafearoma.Org
DNS Failed for Cafearoma.Org
SMTP Failed for Cafearoma.Org

Cafe Aroma : 
[]
validating idx= 167 Cafecoyoteoldtown.Com

Cafe Coyote : 
[]
validating idx= 168 Cafedemitasse.Com

Cafe Demitasse : 
[]
validating idx= 169 Cafedesartistes.Us
SMTP Failed for Cafedesartistes.Us

Cafe Des Artistes : 
[]
validating idx= 170 Cafeglace.Com
SMTP Failed for Cafeglace.Com

Cafe Glace : 
[]
validating idx= 171 Thecafekrave.Com

Cafe Krave : 
[]
validating idx= 172 Lapena.Org

Cafe LA Pena : 
[]
validating idx= 173 Cafemare.Com

Cafe Mare : 
[]
validating idx= 174 Allmenus.Com

Cafe Marika : 
[]
validating idx= 175 Cafemermaid.Com

Cafe Murmaid : 
[]
validating idx= 176 Cafemystique.Com
DNS Failed for Cafemystique.Com
DNS Failed for Cafemystique.Com
SMTP Failed for Cafemystique.Com

Cafe Mystique : 
[]
validating idx= 177 Caferajonline.Com
SMTP Failed for Caferajonline.Com

Cafe Raj : 
[]
validating idx= 178 Cafereyes.Net
DNS Failed for Cafereyes.Net
DNS Failed for Cafereyes.Net
SMTP Failed for Cafereyes.Net

Cafe Reyes : 
[]
validating idx= 179 Sorabolrestaurants.Com

Cafe Sorabol : 
[]
validating idx= 180 Menuism.Com

Cafe Spot : 
[]
validating idx= 181 Cafevida.Net

Cafe Vida : 
['Francisco@Cafevida.Net']
validating idx= 182 Cafevida.Net

Cafe Vida : 
['Marcelo@Cafevida.Net']
validating idx= 183 Caffe-Allegro.Com

Caffe Allegro : 
[]
validating idx= 184 Cafesantoro.Com

Caffe Santoro : 
[]
validating idx= 185 Caffsapore.Com
DNS Failed for Caffsapore.Com
DNS Failed for Caffsapore.Com
SMTP Failed for Caffsapore.Com

Caffe Sapore : 
[]
validating idx= 186 Cakestudiola.Com

Cake Studio Cafe : 
['Sonia@Cakestudiola.Com']
validating idx= 187 Caljavacoffee.Com

Cal Java Coffee Roasters : 
['info@Caljavacoffee.Com']
validating idx= 188 Californiagrillexpress.Com

California Burgers : 
['info@Californiagrillexpress.Com']
validating idx= 189 Californiaburgers.Com
SMTP Failed for Californiaburgers.Com

California Burgers : 
[]
validating idx= 190 Californiahotwingsmenu.Com

California Hot Wings : 
[]
validating idx= 191 Sushi-Academy.Com

California Sushi School : 
['info@Sushi-Academy.Com']
validating idx= 192 Ca
DNS Failed for Ca
DNS Failed for Ca
SMTP Failed for Ca

Caltran's Cafeteria : 
[]
validating idx= 193 Caminoreal.Com
SMTP Failed for Caminoreal.Com

Camino Real : 
[]
validating idx= 194 Canigotoo.Com

Can I Go : 
['Loreene@Canigotoo.Com']
validating idx= 195 Canaanrestaurant.Com

Canaan Restaurant : 
[]
validating idx= 196 Salernobeach.Com
SMTP Failed for Salernobeach.Com

Cantalini's Salerno Beach : 
[]
validating idx= 197 Canyonclub.Net

Canyon Club : 
['info@Canyonclub.Net', 'Lance@Canyonclub.Net']
validating idx= 198 Canyonclubhotel.Com
CATCHALL for + Canyonclubhotel.Com

Canyon Club Hotel : 
['info@Canyonclubhotel.Com']
validating idx= 199 Capital-Seafood
DNS Failed for Capital-Seafood
DNS Failed for Capital-Seafood
SMTP Failed for Capital-Seafood

Capital Seafood Restaurant : 
[]
