/usr/lib64/python2.7/site-packages/psycopg2/__init__.py:144: UserWarning: The psycopg2 wheel package will be renamed from release 2.8; in order to keep installing from binary please use "pip install psycopg2-binary" instead. For details see: <http://initd.org/psycopg/docs/install.html#binary-install-from-pypi>.
  """)
validating curr_idx= 0 bossanovafood.com/
DNS Failed for bossanovafood.com/
DNS Failed for bossanovafood.com/
SMTP Failed for bossanovafood.com/

Main Street Grille : 
[]
validating curr_idx= 1 http://clementineonline.com/
DNS Failed for http://clementineonline.com/
DNS Failed for http://clementineonline.com/
SMTP Failed for http://clementineonline.com/

Black Sheep Deli & Bakery : 
[]
validating curr_idx= 2 haroldandbellesrestaurant.com/
DNS Failed for haroldandbellesrestaurant.com/
DNS Failed for haroldandbellesrestaurant.com/
SMTP Failed for haroldandbellesrestaurant.com/

Athenas Pizza : 
[]
validating curr_idx= 3 https://cafemidi.com/
DNS Failed for https://cafemidi.com/
DNS Failed for https://cafemidi.com/
SMTP Failed for https://cafemidi.com/

Sibies Pizza : 
[]
validating curr_idx= 4 http://tacobell.com/
DNS Failed for http://tacobell.com/
DNS Failed for http://tacobell.com/
SMTP Failed for http://tacobell.com/

Carter & Stevens Farm Store : 
[]
validating curr_idx= 5 thecatandfiddle.com/
DNS Failed for thecatandfiddle.com/
DNS Failed for thecatandfiddle.com/
SMTP Failed for thecatandfiddle.com/

Jenkins Inn & Restaurant : 
[]
validating curr_idx= 6 
DNS Failed for 
DNS Failed for 
SMTP Failed for 

Bernats Polish Meat Products & Deli : 
[]
validating curr_idx= 7 susiecakes.com/
DNS Failed for susiecakes.com/
DNS Failed for susiecakes.com/
SMTP Failed for susiecakes.com/

Auroras Pizzeria : 
[]
validating curr_idx= 8 levyrestaurants.com/
DNS Failed for levyrestaurants.com/
DNS Failed for levyrestaurants.com/
SMTP Failed for levyrestaurants.com/

Masses American Bistro : 
[]
validating curr_idx= 9 http://loteriagrill.com/
DNS Failed for http://loteriagrill.com/
DNS Failed for http://loteriagrill.com/
SMTP Failed for http://loteriagrill.com/

Mt Toms Homemade Ice Cream : 
[]
validating curr_idx= 10 https://drnkcoffee.com/
DNS Failed for https://drnkcoffee.com/
DNS Failed for https://drnkcoffee.com/
SMTP Failed for https://drnkcoffee.com/

Amys Place : 
[]
validating curr_idx= 11 yogurt-land.com/
DNS Failed for yogurt-land.com/
DNS Failed for yogurt-land.com/
SMTP Failed for yogurt-land.com/

Tavern On The Hill : 
[]
validating curr_idx= 12 
DNS Failed for 
DNS Failed for 
SMTP Failed for 

Esselon Cafe Co : 
[]
validating curr_idx= 13 mymidici.com/
DNS Failed for mymidici.com/
DNS Failed for mymidici.com/
SMTP Failed for mymidici.com/

Bread Euphoria : 
[]
validating curr_idx= 14 kite-hill.com/
DNS Failed for kite-hill.com/
DNS Failed for kite-hill.com/
SMTP Failed for kite-hill.com/

Log Cabin & The Delaney House : 
[]
validating curr_idx= 15 rossoblula.com/
DNS Failed for rossoblula.com/
DNS Failed for rossoblula.com/
SMTP Failed for rossoblula.com/

Villa Rose Restaurant & Catering : 
[]
validating curr_idx= 16 
DNS Failed for 
DNS Failed for 
SMTP Failed for 

Primavera Cafe Restaurant : 
[]
validating curr_idx= 17 http://cafeugo.com/
DNS Failed for http://cafeugo.com/
DNS Failed for http://cafeugo.com/
SMTP Failed for http://cafeugo.com/

Tony & Pennys Restaurant & Catering : 
[]
validating curr_idx= 18 pinktaco.com/
DNS Failed for pinktaco.com/
DNS Failed for pinktaco.com/
SMTP Failed for pinktaco.com/

Magic Spoon : 
[]
validating curr_idx= 19 burgerim.com/
DNS Failed for burgerim.com/
DNS Failed for burgerim.com/
SMTP Failed for burgerim.com/

Fitzwillys : 
[]
validating curr_idx= 20 erewhonmarket.com/
DNS Failed for erewhonmarket.com/
DNS Failed for erewhonmarket.com/
SMTP Failed for erewhonmarket.com/

China Wok Express : 
[]
validating curr_idx= 21 coraltreecafe.com/
DNS Failed for coraltreecafe.com/
DNS Failed for coraltreecafe.com/
SMTP Failed for coraltreecafe.com/

Packards : 
[]
validating curr_idx= 22 facilitecwest.com/
DNS Failed for facilitecwest.com/
DNS Failed for facilitecwest.com/
SMTP Failed for facilitecwest.com/

State Street Fruit Store : 
[]
validating curr_idx= 23 patinagroup.com/
DNS Failed for patinagroup.com/
DNS Failed for patinagroup.com/
SMTP Failed for patinagroup.com/

Goberry : 
[]
validating curr_idx= 24 gingergrass.com/
DNS Failed for gingergrass.com/
DNS Failed for gingergrass.com/
SMTP Failed for gingergrass.com/

Teapot Restaurant : 
[]
validating curr_idx= 25 
DNS Failed for 
DNS Failed for 
SMTP Failed for 

Wiggins Tavern Restaurant : 
[]
validating curr_idx= 26 kahalabrands.com/
DNS Failed for kahalabrands.com/
DNS Failed for kahalabrands.com/
SMTP Failed for kahalabrands.com/

Caminito Argentinean Steakhouse : 
[]
validating curr_idx= 27 http://tocayaorganica.com/
DNS Failed for http://tocayaorganica.com/
DNS Failed for http://tocayaorganica.com/
SMTP Failed for http://tocayaorganica.com/

Sierra Grille : 
[]
validating curr_idx= 28 
DNS Failed for 
DNS Failed for 
SMTP Failed for 

Eastside Grill : 
[]
validating curr_idx= 29 frittomistoitaliancafe.com/
DNS Failed for frittomistoitaliancafe.com/
DNS Failed for frittomistoitaliancafe.com/
SMTP Failed for frittomistoitaliancafe.com/

Northampton Coffee : 
[]
validating curr_idx= 30 patinagroup.com

Great Wall Restaurant : 
[]
validating curr_idx= 31 enterprisefishco.com/
DNS Failed for enterprisefishco.com/
DNS Failed for enterprisefishco.com/
SMTP Failed for enterprisefishco.com/

Barre Mill Restaurant : 
[]
validating curr_idx= 32 hollywood-burger.com/
DNS Failed for hollywood-burger.com/
DNS Failed for hollywood-burger.com/
SMTP Failed for hollywood-burger.com/

Dock Side Restaurant : 
[]
validating curr_idx= 33 baldoriadtla.com/
DNS Failed for baldoriadtla.com/
DNS Failed for baldoriadtla.com/
SMTP Failed for baldoriadtla.com/

Tailgate Picnic : 
[]
validating curr_idx= 34 cafelaboheme.us/
DNS Failed for cafelaboheme.us/
DNS Failed for cafelaboheme.us/
SMTP Failed for cafelaboheme.us/

Parthenon Restaurant : 
[]
validating curr_idx= 35 http://lekarestaurant.com/
DNS Failed for http://lekarestaurant.com/
DNS Failed for http://lekarestaurant.com/
SMTP Failed for http://lekarestaurant.com/

Olde Towne Caterers : 
[]
validating curr_idx= 36 patinagroup.com/
DNS Failed for patinagroup.com/
DNS Failed for patinagroup.com/
SMTP Failed for patinagroup.com/

El Guranaco : 
[]
validating curr_idx= 37 
DNS Failed for 
DNS Failed for 
SMTP Failed for 

Food 101 Bar & Bistro : 
[]
validating curr_idx= 38 https://noburestaurants.com/malibu
DNS Failed for https://noburestaurants.com/malibu
DNS Failed for https://noburestaurants.com/malibu
SMTP Failed for https://noburestaurants.com/malibu

Summer House : 
[]
validating curr_idx= 39 chefzarate.com/
DNS Failed for chefzarate.com/
DNS Failed for chefzarate.com/
SMTP Failed for chefzarate.com/

Cafe Santorini : 
[]
validating curr_idx= 40 patinagroup.com/
DNS Failed for patinagroup.com/
DNS Failed for patinagroup.com/
SMTP Failed for patinagroup.com/

Sorrento Pizza & Grinder : 
[]
validating curr_idx= 41 thepieholela.com/
DNS Failed for thepieholela.com/
DNS Failed for thepieholela.com/
SMTP Failed for thepieholela.com/

Bella Napoli : 
[]
validating curr_idx= 42 susiecakes.com/
DNS Failed for susiecakes.com/
DNS Failed for susiecakes.com/
SMTP Failed for susiecakes.com/

Delivery Express : 
[]
validating curr_idx= 43 murad.com/
DNS Failed for murad.com/
DNS Failed for murad.com/
SMTP Failed for murad.com/

Hofbrauhaus : 
[]
validating curr_idx= 44 https://bachiburger.com/
DNS Failed for https://bachiburger.com/
DNS Failed for https://bachiburger.com/
SMTP Failed for https://bachiburger.com/

Rinaldis Italian Specialties : 
[]
validating curr_idx= 45 mastrosrestaurants.com/
DNS Failed for mastrosrestaurants.com/
DNS Failed for mastrosrestaurants.com/
SMTP Failed for mastrosrestaurants.com/

China Garden : 
[]
validating curr_idx= 46 bordergrill.com/
DNS Failed for bordergrill.com/
DNS Failed for bordergrill.com/
SMTP Failed for bordergrill.com/

Donovans Irish Pub : 
[]
validating curr_idx= 47 http://milkbarstore.com/
DNS Failed for http://milkbarstore.com/
DNS Failed for http://milkbarstore.com/
SMTP Failed for http://milkbarstore.com/

Zucchinis Restaurant : 
[]
validating curr_idx= 48 https://alliantfoodservice.net/
DNS Failed for https://alliantfoodservice.net/
DNS Failed for https://alliantfoodservice.net/
SMTP Failed for https://alliantfoodservice.net/

Elbow Room : 
[]
validating curr_idx= 49 http://sssmokehouse.com/
DNS Failed for http://sssmokehouse.com/
DNS Failed for http://sssmokehouse.com/
SMTP Failed for http://sssmokehouse.com/

Pizza House : 
[]
validating curr_idx= 50 westsidetavernla.com/
DNS Failed for westsidetavernla.com/
DNS Failed for westsidetavernla.com/
SMTP Failed for westsidetavernla.com/

Brenda & Co Comfort Food Bar & Caterers : 
[]
validating curr_idx= 51 eltorito.com/
DNS Failed for eltorito.com/
DNS Failed for eltorito.com/
SMTP Failed for eltorito.com/

Crescent Creamery : 
[]
validating curr_idx= 52 patinagroup.com/
DNS Failed for patinagroup.com/
DNS Failed for patinagroup.com/
SMTP Failed for patinagroup.com/

Thats A Wrap & Catering : 
[]
validating curr_idx= 53 sottorestaurant.com/
DNS Failed for sottorestaurant.com/
DNS Failed for sottorestaurant.com/
SMTP Failed for sottorestaurant.com/

Haflinger House Restaurant : 
[]
validating curr_idx= 54 sottorestaurant.com/
DNS Failed for sottorestaurant.com/
DNS Failed for sottorestaurant.com/
SMTP Failed for sottorestaurant.com/

Dream Away Lodge : 
[]
validating curr_idx= 55 koirestaurant.com/
DNS Failed for koirestaurant.com/
DNS Failed for koirestaurant.com/
SMTP Failed for koirestaurant.com/

Castle Street Cafe : 
[]
validating curr_idx= 56 bottegalouie.com/
DNS Failed for bottegalouie.com/
DNS Failed for bottegalouie.com/
SMTP Failed for bottegalouie.com/

Great Wall Chinese Restaurant : 
[]
validating curr_idx= 57 thepieholela.com/
DNS Failed for thepieholela.com/
DNS Failed for thepieholela.com/
SMTP Failed for thepieholela.com/

Babalouies Sour Dough Pizza Co : 
[]
validating curr_idx= 58 http://grandhavana.com/
DNS Failed for http://grandhavana.com/
DNS Failed for http://grandhavana.com/
SMTP Failed for http://grandhavana.com/

Route 7 Grill : 
[]
validating curr_idx= 59 pats-catering.com/menu/
DNS Failed for pats-catering.com/menu/
DNS Failed for pats-catering.com/menu/
SMTP Failed for pats-catering.com/menu/

Bizalions Fine Food : 
[]
validating curr_idx= 60 https://osteriamozza.com/
DNS Failed for https://osteriamozza.com/
DNS Failed for https://osteriamozza.com/
SMTP Failed for https://osteriamozza.com/

Rubiners Cheesemongers & Grocers : 
[]
validating curr_idx= 61 http://ordertrimanagrill.com/
DNS Failed for http://ordertrimanagrill.com/
DNS Failed for http://ordertrimanagrill.com/
SMTP Failed for http://ordertrimanagrill.com/

Chez Nous : 
[]
validating curr_idx= 62 thechaya.com/
DNS Failed for thechaya.com/
DNS Failed for thechaya.com/
SMTP Failed for thechaya.com/

Sullivan Station Restaurant Railroad : 
[]
validating curr_idx= 63 http://ilsognodeli.com/
DNS Failed for http://ilsognodeli.com/
DNS Failed for http://ilsognodeli.com/
SMTP Failed for http://ilsognodeli.com/

Prime Steakhouse & Bar : 
[]
validating curr_idx= 64 http://greenstreettavern.net/
DNS Failed for http://greenstreettavern.net/
DNS Failed for http://greenstreettavern.net/
SMTP Failed for http://greenstreettavern.net/

Loebs Foodtown of Lenox : 
[]
validating curr_idx= 65 paneevinotrattoria.com/
DNS Failed for paneevinotrattoria.com/
DNS Failed for paneevinotrattoria.com/
SMTP Failed for paneevinotrattoria.com/

Apple Tree Inn & Restaurant : 
[]
validating curr_idx= 66 http://beachwoodcafe.com/
DNS Failed for http://beachwoodcafe.com/
DNS Failed for http://beachwoodcafe.com/
SMTP Failed for http://beachwoodcafe.com/

Wheatleigh : 
[]
validating curr_idx= 67 http://loteriagrill.com/
DNS Failed for http://loteriagrill.com/
DNS Failed for http://loteriagrill.com/
SMTP Failed for http://loteriagrill.com/

Bistro Zinc : 
[]
validating curr_idx= 68 artisancheeseandwine.com/
DNS Failed for artisancheeseandwine.com/
DNS Failed for artisancheeseandwine.com/
SMTP Failed for artisancheeseandwine.com/

Bettys Pizza Shack : 
[]
validating curr_idx= 69 midnightmission.org/
DNS Failed for midnightmission.org/
DNS Failed for midnightmission.org/
SMTP Failed for midnightmission.org/

Alta Restaurants & Wine Bar : 
[]
validating curr_idx= 70 http://peruvianla.com/
DNS Failed for http://peruvianla.com/
DNS Failed for http://peruvianla.com/
SMTP Failed for http://peruvianla.com/

Blantyre : 
[]
validating curr_idx= 71 paradisopizza.de/
DNS Failed for paradisopizza.de/
DNS Failed for paradisopizza.de/
SMTP Failed for paradisopizza.de/

Eat To Total Health : 
[]
validating curr_idx= 72 
DNS Failed for 
DNS Failed for 
SMTP Failed for 

Marketplace Catering : 
[]
validating curr_idx= 73 bakersrestaurant.net/
DNS Failed for bakersrestaurant.net/
DNS Failed for bakersrestaurant.net/
SMTP Failed for bakersrestaurant.net/

Chefs Hat : 
[]
validating curr_idx= 74 http://napavalleygrille.com/
DNS Failed for http://napavalleygrille.com/
DNS Failed for http://napavalleygrille.com/
SMTP Failed for http://napavalleygrille.com/

Cozy Corner Restaurant : 
[]
validating curr_idx= 75 lampcommunity.org/
DNS Failed for lampcommunity.org/
DNS Failed for lampcommunity.org/
SMTP Failed for lampcommunity.org/

Coyote Flaco Restaurant : 
[]
validating curr_idx= 76 thechaya.com/
DNS Failed for thechaya.com/
DNS Failed for thechaya.com/
SMTP Failed for thechaya.com/

Mezze Bistro & Bar : 
[]
validating curr_idx= 77 http://milos.ca/
DNS Failed for http://milos.ca/
DNS Failed for http://milos.ca/
SMTP Failed for http://milos.ca/

Taylor's Tavern : 
[]
validating curr_idx= 78 vanillabakeshop.com/
DNS Failed for vanillabakeshop.com/
DNS Failed for vanillabakeshop.com/
SMTP Failed for vanillabakeshop.com/

Peoples Pint : 
[]
validating curr_idx= 79 kabuto.ro/
DNS Failed for kabuto.ro/
DNS Failed for kabuto.ro/
SMTP Failed for kabuto.ro/

Tea Garden Restaurant : 
[]
validating curr_idx= 80 sophiesplacerb.com/
DNS Failed for sophiesplacerb.com/
DNS Failed for sophiesplacerb.com/
SMTP Failed for sophiesplacerb.com/

King Phillip Restaurant : 
[]
validating curr_idx= 81 fatburger.com/
DNS Failed for fatburger.com/
DNS Failed for fatburger.com/
SMTP Failed for fatburger.com/

Mos Fudge Factor : 
[]
validating curr_idx= 82 
DNS Failed for 
DNS Failed for 
SMTP Failed for 

Warfield House Inn : 
[]
validating curr_idx= 83 theherbbox.com/
DNS Failed for theherbbox.com/
DNS Failed for theherbbox.com/
SMTP Failed for theherbbox.com/

Tea House : 
[]
validating curr_idx= 84 quiznos.com/
DNS Failed for quiznos.com/
DNS Failed for quiznos.com/
SMTP Failed for quiznos.com/

Johnsons Farm : 
[]
validating curr_idx= 85 https://matsuhisabeverlyhills.com/
DNS Failed for https://matsuhisabeverlyhills.com/
DNS Failed for https://matsuhisabeverlyhills.com/
SMTP Failed for https://matsuhisabeverlyhills.com/

Inn At Clamber Hill : 
[]
validating curr_idx= 86 http://9021pho.com/
DNS Failed for http://9021pho.com/
DNS Failed for http://9021pho.com/
SMTP Failed for http://9021pho.com/

Blue Heron Restaurant & Catering : 
[]
validating curr_idx= 87 
DNS Failed for 
DNS Failed for 
SMTP Failed for 

2nd Street Baking Co : 
[]
validating curr_idx= 88 yallamedi.com/
DNS Failed for yallamedi.com/
DNS Failed for yallamedi.com/
SMTP Failed for yallamedi.com/

Fitchburg Airport Restaurant : 
[]
validating curr_idx= 89 http://vinotequeonmelrose.com/
DNS Failed for http://vinotequeonmelrose.com/
DNS Failed for http://vinotequeonmelrose.com/
SMTP Failed for http://vinotequeonmelrose.com/

Fitchburg Jade Chinese Restaurant : 
[]
validating curr_idx= 90 
DNS Failed for 
DNS Failed for 
SMTP Failed for 

Tinys Restaurant : 
[]
validating curr_idx= 91 sushichef.com/
DNS Failed for sushichef.com/
DNS Failed for sushichef.com/
SMTP Failed for sushichef.com/

Nashoba Pizza : 
[]
validating curr_idx= 92 cava.my/
DNS Failed for cava.my/
DNS Failed for cava.my/
SMTP Failed for cava.my/

Natural Cafe : 
[]
validating curr_idx= 93 http://chicastacos.com/
DNS Failed for http://chicastacos.com/
DNS Failed for http://chicastacos.com/
SMTP Failed for http://chicastacos.com/

Williams Restaurant : 
[]
validating curr_idx= 94 maderassteakandribs.com/
DNS Failed for maderassteakandribs.com/
DNS Failed for maderassteakandribs.com/
SMTP Failed for maderassteakandribs.com/

Patriots Pizza & More : 
[]
validating curr_idx= 95 
DNS Failed for 
DNS Failed for 
SMTP Failed for 

Filhos Cucina : 
[]
validating curr_idx= 96 801restaurantgroup.com/
DNS Failed for 801restaurantgroup.com/
DNS Failed for 801restaurantgroup.com/
SMTP Failed for 801restaurantgroup.com/

Gibbet Hill Grill : 
[]
validating curr_idx= 97 silverlake.com/
DNS Failed for silverlake.com/
DNS Failed for silverlake.com/
SMTP Failed for silverlake.com/

Gibbet Hill Grill : 
[]
validating curr_idx= 98 com/Default
DNS Failed for com/Default
DNS Failed for com/Default
SMTP Failed for com/Default

Barn At Gibbet Hill : 
[]
validating curr_idx= 99 
DNS Failed for 
DNS Failed for 
SMTP Failed for 

Dons Diner : 
[]
validating curr_idx= 100 rusticcanyonwinebar.com/
DNS Failed for rusticcanyonwinebar.com/
DNS Failed for rusticcanyonwinebar.com/
SMTP Failed for rusticcanyonwinebar.com/

Cristinas Restaurant : 
[]
validating curr_idx= 101 pitchounbakery.com/
DNS Failed for pitchounbakery.com/
DNS Failed for pitchounbakery.com/
SMTP Failed for pitchounbakery.com/

On The Rocks : 
[]
validating curr_idx= 102 susiecakes.com/
DNS Failed for susiecakes.com/
DNS Failed for susiecakes.com/
SMTP Failed for susiecakes.com/

Bull Run Restaurant : 
[]
validating curr_idx= 103 http://chicastacos.com/
DNS Failed for http://chicastacos.com/
DNS Failed for http://chicastacos.com/
SMTP Failed for http://chicastacos.com/

Country Mischief : 
[]
validating curr_idx= 104 dillonsirishpub.com/
DNS Failed for dillonsirishpub.com/
DNS Failed for dillonsirishpub.com/
SMTP Failed for dillonsirishpub.com/

Chucks Steak House Inc : 
[]
validating curr_idx= 105 http://lukshon.com/
DNS Failed for http://lukshon.com/
DNS Failed for http://lukshon.com/
SMTP Failed for http://lukshon.com/

Roast House Inc : 
[]
validating curr_idx= 106 
DNS Failed for 
DNS Failed for 
SMTP Failed for 

Simple Man Saloon : 
[]
validating curr_idx= 107 
DNS Failed for 
DNS Failed for 
SMTP Failed for 

Ke Farm : 
[]
validating curr_idx= 108 wilshirecountryclub.com/
DNS Failed for wilshirecountryclub.com/
DNS Failed for wilshirecountryclub.com/
SMTP Failed for wilshirecountryclub.com/

Bagel Inn : 
[]
validating curr_idx= 109 rossoblula.com/
DNS Failed for rossoblula.com/
DNS Failed for rossoblula.com/
SMTP Failed for rossoblula.com/

Shelburne Falls Coffee Roasters : 
[]
validating curr_idx= 110 tresla.com/
DNS Failed for tresla.com/
DNS Failed for tresla.com/
SMTP Failed for tresla.com/

Festive Breads : 
[]
validating curr_idx= 111 kogibbq.com/
DNS Failed for kogibbq.com/
DNS Failed for kogibbq.com/
SMTP Failed for kogibbq.com/

Romaines Wood Grill & Bar : 
[]
validating curr_idx= 112 https://barneysbeanery.com/
DNS Failed for https://barneysbeanery.com/
DNS Failed for https://barneysbeanery.com/
SMTP Failed for https://barneysbeanery.com/

Yama Zakura : 
[]
validating curr_idx= 113 http://lovebeverlyhills.com/
DNS Failed for http://lovebeverlyhills.com/
DNS Failed for http://lovebeverlyhills.com/
SMTP Failed for http://lovebeverlyhills.com/

Steakloft : 
[]
validating curr_idx= 114 redherringla.com/
DNS Failed for redherringla.com/
DNS Failed for redherringla.com/
SMTP Failed for redherringla.com/

Pirate's Cove : 
[]
validating curr_idx= 115 thekitchen.dk/
DNS Failed for thekitchen.dk/
DNS Failed for thekitchen.dk/
SMTP Failed for thekitchen.dk/

Georgines : 
[]
validating curr_idx= 116 http://baseballcentralla.com/
DNS Failed for http://baseballcentralla.com/
DNS Failed for http://baseballcentralla.com/
SMTP Failed for http://baseballcentralla.com/

Loaves & Fishes : 
[]
validating curr_idx= 117 friendlyhillscc.com/
DNS Failed for friendlyhillscc.com/
DNS Failed for friendlyhillscc.com/
SMTP Failed for friendlyhillscc.com/

Shrewsbury Donuts Inc : 
[]
validating curr_idx= 118 bordergrill.com/
DNS Failed for bordergrill.com/
DNS Failed for bordergrill.com/
SMTP Failed for bordergrill.com/

Sturbridge Coffee Roasters Cafe : 
[]
validating curr_idx= 119 mastrosrestaurants.com/
DNS Failed for mastrosrestaurants.com/
DNS Failed for mastrosrestaurants.com/
SMTP Failed for mastrosrestaurants.com/

Buggy Whip Caterers : 
[]
validating curr_idx= 120 doubletree
DNS Failed for doubletree
DNS Failed for doubletree
SMTP Failed for doubletree

Spencer Country Inn : 
[]
validating curr_idx= 121 laduree.com/us
DNS Failed for laduree.com/us
DNS Failed for laduree.com/us
SMTP Failed for laduree.com/us

Rota-Spring Ice Cream : 
[]
validating curr_idx= 122 http://houstonhospitalityla.com/
DNS Failed for http://houstonhospitalityla.com/
DNS Failed for http://houstonhospitalityla.com/
SMTP Failed for http://houstonhospitalityla.com/

Barbers Crossing North : 
[]
validating curr_idx= 123 
DNS Failed for 
DNS Failed for 
SMTP Failed for 

Red Rock Grill & Bar LLC : 
[]
validating curr_idx= 124 http://cafeugo.com/
DNS Failed for http://cafeugo.com/
DNS Failed for http://cafeugo.com/
SMTP Failed for http://cafeugo.com/

Red Rock Grill & Bar LLC : 
[]
validating curr_idx= 125 susiecakes.com/
DNS Failed for susiecakes.com/
DNS Failed for susiecakes.com/
SMTP Failed for susiecakes.com/

Arrowhead Acres : 
[]
validating curr_idx= 126 http://napavalleygrille.com/
DNS Failed for http://napavalleygrille.com/
DNS Failed for http://napavalleygrille.com/
SMTP Failed for http://napavalleygrille.com/

Indian Ranch : 
[]
validating curr_idx= 127 yojie.com/
DNS Failed for yojie.com/
DNS Failed for yojie.com/
SMTP Failed for yojie.com/

Jimmys Pizza : 
[]
validating curr_idx= 128 
DNS Failed for 
DNS Failed for 
SMTP Failed for 

Arturos Ristorante : 
[]
validating curr_idx= 129 http://air-gourmet.com/
DNS Failed for http://air-gourmet.com/
DNS Failed for http://air-gourmet.com/
SMTP Failed for http://air-gourmet.com/

Bistro : 
[]
validating curr_idx= 130 thehudsonla.com/
DNS Failed for thehudsonla.com/
DNS Failed for thehudsonla.com/
SMTP Failed for thehudsonla.com/

Hisa Japanese Restaurant : 
[]
validating curr_idx= 131 http://mozzarestaurantgroup.com/
DNS Failed for http://mozzarestaurantgroup.com/
DNS Failed for http://mozzarestaurantgroup.com/
SMTP Failed for http://mozzarestaurantgroup.com/

Harry's Restaurant : 
[]
validating curr_idx= 132 rockandbrews.com/
DNS Failed for rockandbrews.com/
DNS Failed for rockandbrews.com/
SMTP Failed for rockandbrews.com/

Manor Restaurant : 
[]
validating curr_idx= 133 californiaclub.org/
DNS Failed for californiaclub.org/
DNS Failed for californiaclub.org/
SMTP Failed for californiaclub.org/

West End Creamery Inc : 
[]
validating curr_idx= 134 facilitecwest.com/
DNS Failed for facilitecwest.com/
DNS Failed for facilitecwest.com/
SMTP Failed for facilitecwest.com/

Blackstone National Golf Club : 
[]
validating curr_idx= 135 mariasitaliankitchen.com/
DNS Failed for mariasitaliankitchen.com/
DNS Failed for mariasitaliankitchen.com/
SMTP Failed for mariasitaliankitchen.com/

Blackstone National Golf Club : 
[]
validating curr_idx= 136 foodcraft.pl/
DNS Failed for foodcraft.pl/
DNS Failed for foodcraft.pl/
SMTP Failed for foodcraft.pl/

Pleasant Valley Country Club : 
[]
validating curr_idx= 137 umamiburger.com

Corner Grille : 
['info@umamiburger.com']
validating curr_idx= 138 https://cafegratitude.com/
DNS Failed for https://cafegratitude.com/
DNS Failed for https://cafegratitude.com/
SMTP Failed for https://cafegratitude.com/

Joeys Bar & Grill : 
[]
validating curr_idx= 139 pampas-grill.com/
DNS Failed for pampas-grill.com/
DNS Failed for pampas-grill.com/
SMTP Failed for pampas-grill.com/

Paradise Pizza : 
[]
validating curr_idx= 140 gladstones.com/
DNS Failed for gladstones.com/
DNS Failed for gladstones.com/
SMTP Failed for gladstones.com/

Saigon Restaurant : 
[]
validating curr_idx= 141 http://eltepeyaccafe.com/
DNS Failed for http://eltepeyaccafe.com/
DNS Failed for http://eltepeyaccafe.com/
SMTP Failed for http://eltepeyaccafe.com/

Pho Dakao : 
[]
validating curr_idx= 142 https://bluecowkitchen.com/
DNS Failed for https://bluecowkitchen.com/
DNS Failed for https://bluecowkitchen.com/
SMTP Failed for https://bluecowkitchen.com/

Creedon & Co Inc : 
[]
validating curr_idx= 143 
DNS Failed for 
DNS Failed for 
SMTP Failed for 

Struck Catering : 
[]
validating curr_idx= 144 http://farmshopca.com
DNS Failed for http://farmshopca.com
DNS Failed for http://farmshopca.com
SMTP Failed for http://farmshopca.com

One Eleven Chop House : 
[]
validating curr_idx= 145 wurstkuche.com/
DNS Failed for wurstkuche.com/
DNS Failed for wurstkuche.com/
SMTP Failed for wurstkuche.com/

Brew City Grill & Brew House : 
[]
validating curr_idx= 146 makailounge.com/
DNS Failed for makailounge.com/
DNS Failed for makailounge.com/
SMTP Failed for makailounge.com/

Broadway Catering & Restaurant : 
[]
validating curr_idx= 147 patinagroup.com/
DNS Failed for patinagroup.com/
DNS Failed for patinagroup.com/
SMTP Failed for patinagroup.com/

Regatta Deli & Sandwich Shoppe : 
[]
validating curr_idx= 148 patinagroup.com/
DNS Failed for patinagroup.com/
DNS Failed for patinagroup.com/
SMTP Failed for patinagroup.com/

Ciao Bella : 
[]
validating curr_idx= 149 uwink.com/
DNS Failed for uwink.com/
DNS Failed for uwink.com/
SMTP Failed for uwink.com/

Pizza Works : 
[]
validating curr_idx= 150 
DNS Failed for 
DNS Failed for 
SMTP Failed for 

Gold Star Restaurant : 
[]
validating curr_idx= 151 thesaddleranch.com/
DNS Failed for thesaddleranch.com/
DNS Failed for thesaddleranch.com/
SMTP Failed for thesaddleranch.com/

Armsby Abbey : 
[]
validating curr_idx= 152 burgerlounge.com/
DNS Failed for burgerlounge.com/
DNS Failed for burgerlounge.com/
SMTP Failed for burgerlounge.com/

Garden Fresh : 
[]
validating curr_idx= 153 http://wokcanorestaurant.com/
DNS Failed for http://wokcanorestaurant.com/
DNS Failed for http://wokcanorestaurant.com/
SMTP Failed for http://wokcanorestaurant.com/

Coney Island Lunch : 
[]
validating curr_idx= 154 encinal.org/
DNS Failed for encinal.org/
DNS Failed for encinal.org/
SMTP Failed for encinal.org/

Biagios : 
[]
validating curr_idx= 155 thefarmofbeverlyhills.com/
DNS Failed for thefarmofbeverlyhills.com/
DNS Failed for thefarmofbeverlyhills.com/
SMTP Failed for thefarmofbeverlyhills.com/

Blue Jeans Pizza : 
[]
validating curr_idx= 156 cafebizou.com/
DNS Failed for cafebizou.com/
DNS Failed for cafebizou.com/
SMTP Failed for cafebizou.com/

Bagel Time : 
[]
validating curr_idx= 157 http://bistrodelagare.com/
DNS Failed for http://bistrodelagare.com/
DNS Failed for http://bistrodelagare.com/
SMTP Failed for http://bistrodelagare.com/

Living Earth : 
[]
validating curr_idx= 158 https://draisgroup.com/las-vegas/?gclid=CjwKCAjw8ajcBRBSEiwAsSky_Qjef9lGj3JtfBUkfehU5-37Tf_LX-uaxyrc5YsHTpEgsn90M-4EnhoCPu4QAvD_BwE
DNS Failed for https://draisgroup.com/las-vegas/?gclid=CjwKCAjw8ajcBRBSEiwAsSky_Qjef9lGj3JtfBUkfehU5-37Tf_LX-uaxyrc5YsHTpEgsn90M-4EnhoCPu4QAvD_BwE
DNS Failed for https://draisgroup.com/las-vegas/?gclid=CjwKCAjw8ajcBRBSEiwAsSky_Qjef9lGj3JtfBUkfehU5-37Tf_LX-uaxyrc5YsHTpEgsn90M-4EnhoCPu4QAvD_BwE
SMTP Failed for https://draisgroup.com/las-vegas/?gclid=CjwKCAjw8ajcBRBSEiwAsSky_Qjef9lGj3JtfBUkfehU5-37Tf_LX-uaxyrc5YsHTpEgsn90M-4EnhoCPu4QAvD_BwE

Fantastic Pizza & Cafe : 
[]
validating curr_idx= 159 blazepizza.com/
DNS Failed for blazepizza.com/
DNS Failed for blazepizza.com/
SMTP Failed for blazepizza.com/

Sichuan Gourmet : 
[]
validating curr_idx= 160 tomgeorgela.com/
DNS Failed for tomgeorgela.com/
DNS Failed for tomgeorgela.com/
SMTP Failed for tomgeorgela.com/

Ken's Steak House : 
[]
validating curr_idx= 161 magnoliatv.it/
DNS Failed for magnoliatv.it/
DNS Failed for magnoliatv.it/
SMTP Failed for magnoliatv.it/

Balaji Foods : 
[]
validating curr_idx= 162 http://wokcanorestaurant.com/
DNS Failed for http://wokcanorestaurant.com/
DNS Failed for http://wokcanorestaurant.com/
SMTP Failed for http://wokcanorestaurant.com/

Lacantina Restaurant : 
[]
validating curr_idx= 163 https://truxtonsamericanbistro.com/
DNS Failed for https://truxtonsamericanbistro.com/
DNS Failed for https://truxtonsamericanbistro.com/
SMTP Failed for https://truxtonsamericanbistro.com/

Acton Coffee House : 
[]
validating curr_idx= 164 makailounge.com/
DNS Failed for makailounge.com/
DNS Failed for makailounge.com/
SMTP Failed for makailounge.com/

Crossroads Cafe : 
[]
validating curr_idx= 165 spreadkitchen.com/
DNS Failed for spreadkitchen.com/
DNS Failed for spreadkitchen.com/
SMTP Failed for spreadkitchen.com/

Sorrentos Brick Oven Pizzeria : 
[]
validating curr_idx= 166 http://womackrestaurants.com/
DNS Failed for http://womackrestaurants.com/
DNS Failed for http://womackrestaurants.com/
SMTP Failed for http://womackrestaurants.com/

George Howell Coffee Co : 
[]
validating curr_idx= 167 https://soulhollywood.com/
DNS Failed for https://soulhollywood.com/
DNS Failed for https://soulhollywood.com/
SMTP Failed for https://soulhollywood.com/

Stones Public House : 
[]
validating curr_idx= 168 
DNS Failed for 
DNS Failed for 
SMTP Failed for 

Colonial Candies : 
[]
validating curr_idx= 169 http://mcafedechaya.com/
DNS Failed for http://mcafedechaya.com/
DNS Failed for http://mcafedechaya.com/
SMTP Failed for http://mcafedechaya.com/

Bolton Orchards : 
[]
validating curr_idx= 170 blazepizza.com/
DNS Failed for blazepizza.com/
DNS Failed for blazepizza.com/
SMTP Failed for blazepizza.com/

Sally Ann Food Shop : 
[]
validating curr_idx= 171 wingstop.com/
DNS Failed for wingstop.com/
DNS Failed for wingstop.com/
SMTP Failed for wingstop.com/

Cheese Shop of Concord : 
[]
validating curr_idx= 172 http://cafegratitude.com/
DNS Failed for http://cafegratitude.com/
DNS Failed for http://cafegratitude.com/
SMTP Failed for http://cafegratitude.com/

Nashoba Brook Bakery : 
[]
validating curr_idx= 173 bordergrill.com/
DNS Failed for bordergrill.com/
DNS Failed for bordergrill.com/
SMTP Failed for bordergrill.com/

Nashoba Brook Bakery : 
[]
validating curr_idx= 174 https://barneysbeanery.com/
DNS Failed for https://barneysbeanery.com/
DNS Failed for https://barneysbeanery.com/
SMTP Failed for https://barneysbeanery.com/

Vincenzo's Ristorante : 
[]
validating curr_idx= 175 fatburger.com/
DNS Failed for fatburger.com/
DNS Failed for fatburger.com/
SMTP Failed for fatburger.com/

Holliston Superette : 
[]
validating curr_idx= 176 bigfatpita.com/
DNS Failed for bigfatpita.com/
DNS Failed for bigfatpita.com/
SMTP Failed for bigfatpita.com/

Bazels Pizza & Sub Shop : 
[]
validating curr_idx= 177 thepieholela.com/
DNS Failed for thepieholela.com/
DNS Failed for thepieholela.com/
SMTP Failed for thepieholela.com/

Town Common : 
[]
validating curr_idx= 178 pinktaco.com/
DNS Failed for pinktaco.com/
DNS Failed for pinktaco.com/
SMTP Failed for pinktaco.com/

Stephen Anthonys Seafoodf & Steakhouse : 
[]
validating curr_idx= 179 redpearlkitchen.com/
DNS Failed for redpearlkitchen.com/
DNS Failed for redpearlkitchen.com/
SMTP Failed for redpearlkitchen.com/

Halfway Cafe : 
[]
validating curr_idx= 180 http://dintaifungusa.com/
DNS Failed for http://dintaifungusa.com/
DNS Failed for http://dintaifungusa.com/
SMTP Failed for http://dintaifungusa.com/

Linguines Italian Eatery : 
[]
validating curr_idx= 181 housemeatballs.com/
DNS Failed for housemeatballs.com/
DNS Failed for housemeatballs.com/
SMTP Failed for housemeatballs.com/

Family House of Pizza : 
[]
validating curr_idx= 182 menchies.com/
DNS Failed for menchies.com/
DNS Failed for menchies.com/
SMTP Failed for menchies.com/

China Ruby Restaurant : 
[]
validating curr_idx= 183 https://jammsrestaurant.com/
DNS Failed for https://jammsrestaurant.com/
DNS Failed for https://jammsrestaurant.com/
SMTP Failed for https://jammsrestaurant.com/

Quarterdeck Seafoods : 
[]
validating curr_idx= 184 elpatrononline.com/
DNS Failed for elpatrononline.com/
DNS Failed for elpatrononline.com/
SMTP Failed for elpatrononline.com/

New England Steak & Seafood : 
[]
validating curr_idx= 185 http://gladstones.com/
DNS Failed for http://gladstones.com/
DNS Failed for http://gladstones.com/
SMTP Failed for http://gladstones.com/

Lowells Restaurant : 
[]
validating curr_idx= 186 themorrisonla.com/
DNS Failed for themorrisonla.com/
DNS Failed for themorrisonla.com/
SMTP Failed for themorrisonla.com/

Georges Surf N Turf : 
[]
validating curr_idx= 187 chopstop.com/
DNS Failed for chopstop.com/
DNS Failed for chopstop.com/
SMTP Failed for chopstop.com/

Turtle Tavern : 
[]
validating curr_idx= 188 
DNS Failed for 
DNS Failed for 
SMTP Failed for 

Prezo Grille & Bar : 
[]
validating curr_idx= 189 
DNS Failed for 
DNS Failed for 
SMTP Failed for 

Alamo Mexicano : 
[]
validating curr_idx= 190 bordergrill.com/
DNS Failed for bordergrill.com/
DNS Failed for bordergrill.com/
SMTP Failed for bordergrill.com/

A Lato Gelato : 
[]
validating curr_idx= 191 wingstop.com/
DNS Failed for wingstop.com/
DNS Failed for wingstop.com/
SMTP Failed for wingstop.com/

A Lato Gelato : 
[]
validating curr_idx= 192 sageveganbistro.com/
DNS Failed for sageveganbistro.com/
DNS Failed for sageveganbistro.com/
SMTP Failed for sageveganbistro.com/

Tomasso Trattoria : 
[]
validating curr_idx= 193 americannationalinvestments.com/divisions/the-patio-group/
DNS Failed for americannationalinvestments.com/divisions/the-patio-group/
DNS Failed for americannationalinvestments.com/divisions/the-patio-group/
SMTP Failed for americannationalinvestments.com/divisions/the-patio-group/

Air Field Cafe : 
[]
validating curr_idx= 194 blazepizza.com/locations/los-angeles-ca/
DNS Failed for blazepizza.com/locations/los-angeles-ca/
DNS Failed for blazepizza.com/locations/los-angeles-ca/
SMTP Failed for blazepizza.com/locations/los-angeles-ca/

Francos Trattoria : 
[]
validating curr_idx= 195 wingstop.com/
DNS Failed for wingstop.com/
DNS Failed for wingstop.com/
SMTP Failed for wingstop.com/

Bullfinchs Restaurant : 
[]
validating curr_idx= 196 
DNS Failed for 
DNS Failed for 
SMTP Failed for 

Liberty Pizza of Wayland & Cochituate : 
[]
validating curr_idx= 197 http://sushimaki.com/
DNS Failed for http://sushimaki.com/
DNS Failed for http://sushimaki.com/
SMTP Failed for http://sushimaki.com/

Villa Restaurant : 
[]
validating curr_idx= 198 americannationalinvestments.com/divisions/the-patio-group/
DNS Failed for americannationalinvestments.com/divisions/the-patio-group/
DNS Failed for americannationalinvestments.com/divisions/the-patio-group/
SMTP Failed for americannationalinvestments.com/divisions/the-patio-group/

Grandmas Chicken Soup : 
[]
validating curr_idx= 199 https://800degrees.com/
DNS Failed for https://800degrees.com/
DNS Failed for https://800degrees.com/
SMTP Failed for https://800degrees.com/

Zaika Indian Bistro : 
[]
validating curr_idx= 200 bjsrestaurants.com/locations/ca/culver-city
DNS Failed for bjsrestaurants.com/locations/ca/culver-city
DNS Failed for bjsrestaurants.com/locations/ca/culver-city
SMTP Failed for bjsrestaurants.com/locations/ca/culver-city

Andreas Pizza : 
[]
validating curr_idx= 201 https://springlosangeles.com/
DNS Failed for https://springlosangeles.com/
DNS Failed for https://springlosangeles.com/
SMTP Failed for https://springlosangeles.com/

Depaula's Cafe : 
[]
validating curr_idx= 202 mymidici.com/
DNS Failed for mymidici.com/
DNS Failed for mymidici.com/
SMTP Failed for mymidici.com/

My Brothers Place : 
[]
validating curr_idx= 203 https://dfrg.com/
DNS Failed for https://dfrg.com/
DNS Failed for https://dfrg.com/
SMTP Failed for https://dfrg.com/

Restaurant Bar & Grille : 
[]
validating curr_idx= 204 mendocinofarms.com/
DNS Failed for mendocinofarms.com/
DNS Failed for mendocinofarms.com/
SMTP Failed for mendocinofarms.com/

Fairways at Woburn Country Club : 
[]
validating curr_idx= 205 https://faithandflowerla.com/
DNS Failed for https://faithandflowerla.com/
DNS Failed for https://faithandflowerla.com/
SMTP Failed for https://faithandflowerla.com/

Roundgrille Inc : 
[]
validating curr_idx= 206 bibigousa.com/
DNS Failed for bibigousa.com/
DNS Failed for bibigousa.com/
SMTP Failed for bibigousa.com/

Pizza Days : 
[]
validating curr_idx= 207 thestandlink.com/
DNS Failed for thestandlink.com/
DNS Failed for thestandlink.com/
SMTP Failed for thestandlink.com/

Sammys Deli & Catering : 
[]
validating curr_idx= 208 bordergrill.com/
DNS Failed for bordergrill.com/
DNS Failed for bordergrill.com/
SMTP Failed for bordergrill.com/

Gourmet India : 
[]
validating curr_idx= 209 http://wolfgangpuck.com/dining/spago/
DNS Failed for http://wolfgangpuck.com/dining/spago/
DNS Failed for http://wolfgangpuck.com/dining/spago/
SMTP Failed for http://wolfgangpuck.com/dining/spago/

Palmers Restaurant & Tavern : 
[]
validating curr_idx= 210 c3biz.com/
DNS Failed for c3biz.com/
DNS Failed for c3biz.com/
SMTP Failed for c3biz.com/

Yokohama Steak House : 
[]
validating curr_idx= 211 
DNS Failed for 
DNS Failed for 
SMTP Failed for 

Sichuan Gourmet : 
[]
validating curr_idx= 212 lapoubellebistro.com/
DNS Failed for lapoubellebistro.com/
DNS Failed for lapoubellebistro.com/
SMTP Failed for lapoubellebistro.com/

Pizza Mia : 
[]
validating curr_idx= 213 http://makeitnicenyc.com/
DNS Failed for http://makeitnicenyc.com/
DNS Failed for http://makeitnicenyc.com/
SMTP Failed for http://makeitnicenyc.com/

Feng Shui Restaurant : 
[]
validating curr_idx= 214 lapoubellebistro.com/
DNS Failed for lapoubellebistro.com/
DNS Failed for lapoubellebistro.com/
SMTP Failed for lapoubellebistro.com/

Sal's Pizza : 
[]
validating curr_idx= 215 http://makeitnicenyc.com/
DNS Failed for http://makeitnicenyc.com/
DNS Failed for http://makeitnicenyc.com/
SMTP Failed for http://makeitnicenyc.com/

Java Room : 
[]
validating curr_idx= 216 com/default
DNS Failed for com/default
DNS Failed for com/default
SMTP Failed for com/default

Jimmy's Pizza : 
[]
validating curr_idx= 217 33taps.com/
DNS Failed for 33taps.com/
DNS Failed for 33taps.com/
SMTP Failed for 33taps.com/

Garys Ice Cream : 
[]
validating curr_idx= 218 http://thekitchenterminal.com/
DNS Failed for http://thekitchenterminal.com/
DNS Failed for http://thekitchenterminal.com/
SMTP Failed for http://thekitchenterminal.com/

Pizza Place : 
[]
validating curr_idx= 219 superbafoodandbread.com/
DNS Failed for superbafoodandbread.com/
DNS Failed for superbafoodandbread.com/
SMTP Failed for superbafoodandbread.com/

Owen & Ollis Restaurant & Pub : 
[]
validating curr_idx= 220 thepieholela.com/
DNS Failed for thepieholela.com/
DNS Failed for thepieholela.com/
SMTP Failed for thepieholela.com/

Tony & Anns Pizza : 
[]
validating curr_idx= 221 sustainablespiritco.com/
DNS Failed for sustainablespiritco.com/
DNS Failed for sustainablespiritco.com/
SMTP Failed for sustainablespiritco.com/

Dracut House of Pizza : 
[]
validating curr_idx= 222 bordergrill.com/
DNS Failed for bordergrill.com/
DNS Failed for bordergrill.com/
SMTP Failed for bordergrill.com/

Winnekenni Castle : 
[]
validating curr_idx= 223 thejar.com/
DNS Failed for thejar.com/
DNS Failed for thejar.com/
SMTP Failed for thejar.com/

Haverhill Beef Co : 
[]
validating curr_idx= 224 cafebleula.com/
DNS Failed for cafebleula.com/
DNS Failed for cafebleula.com/
SMTP Failed for cafebleula.com/

Grill Next Door : 
[]
validating curr_idx= 225 https://jaydesmarket.com/
DNS Failed for https://jaydesmarket.com/
DNS Failed for https://jaydesmarket.com/
SMTP Failed for https://jaydesmarket.com/

Chunkys Cinema Pub : 
[]
validating curr_idx= 226 http://marbled.la/
DNS Failed for http://marbled.la/
DNS Failed for http://marbled.la/
SMTP Failed for http://marbled.la/

Benedettis Deli : 
[]
validating curr_idx= 227 villageidiotla.com/
DNS Failed for villageidiotla.com/
DNS Failed for villageidiotla.com/
SMTP Failed for villageidiotla.com/

Keons 105 Bistro : 
[]
validating curr_idx= 228 laduree.fr/en/
DNS Failed for laduree.fr/en/
DNS Failed for laduree.fr/en/
SMTP Failed for laduree.fr/en/

Chit Chat Lounge : 
[]
validating curr_idx= 229 https://lafla.org/
DNS Failed for https://lafla.org/
DNS Failed for https://lafla.org/
SMTP Failed for https://lafla.org/

Peddlers Daughter : 
[]
validating curr_idx= 230 https://twobitcircus.com/
DNS Failed for https://twobitcircus.com/
DNS Failed for https://twobitcircus.com/
SMTP Failed for https://twobitcircus.com/

Tea Garden Restaurant : 
[]
validating curr_idx= 231 houseofan.com/
DNS Failed for houseofan.com/
DNS Failed for houseofan.com/
SMTP Failed for houseofan.com/

Josephs Trattoria Bakery & Cafe : 
[]
validating curr_idx= 232 siftandfold.com/
DNS Failed for siftandfold.com/
DNS Failed for siftandfold.com/
SMTP Failed for siftandfold.com/

Dyna Wave Cable : 
[]
validating curr_idx= 233 donchentedtla.com/
DNS Failed for donchentedtla.com/
DNS Failed for donchentedtla.com/
SMTP Failed for donchentedtla.com/

Mr Bacon BBQ : 
[]
validating curr_idx= 234 thecheesecakefactory.com/
DNS Failed for thecheesecakefactory.com/
DNS Failed for thecheesecakefactory.com/
SMTP Failed for thecheesecakefactory.com/

Tripoli Bakery : 
[]
validating curr_idx= 235 https://milkbarstore.com/
DNS Failed for https://milkbarstore.com/
DNS Failed for https://milkbarstore.com/
SMTP Failed for https://milkbarstore.com/

Middle East Bakery Inc : 
[]
validating curr_idx= 236 superiorgrill.com/
DNS Failed for superiorgrill.com/
DNS Failed for superiorgrill.com/
SMTP Failed for superiorgrill.com/

Carleens Coffee Shop : 
[]
validating curr_idx= 237 https://girasolrestaurant.com/
DNS Failed for https://girasolrestaurant.com/
DNS Failed for https://girasolrestaurant.com/
SMTP Failed for https://girasolrestaurant.com/

Elis Place : 
[]
validating curr_idx= 238 jaffa.la/
DNS Failed for jaffa.la/
DNS Failed for jaffa.la/
SMTP Failed for jaffa.la/

Gateway Pub : 
[]
validating curr_idx= 239 acehotel.com/
DNS Failed for acehotel.com/
DNS Failed for acehotel.com/
SMTP Failed for acehotel.com/

Sals Group : 
[]
validating curr_idx= 240 esterswineshop.com/
DNS Failed for esterswineshop.com/
DNS Failed for esterswineshop.com/
SMTP Failed for esterswineshop.com/

Salvatores Italian Restaurant : 
[]
validating curr_idx= 241 plancheck.com/
DNS Failed for plancheck.com/
DNS Failed for plancheck.com/
SMTP Failed for plancheck.com/

Sals Group : 
[]
validating curr_idx= 242 killershrimp.com/
DNS Failed for killershrimp.com/
DNS Failed for killershrimp.com/
SMTP Failed for killershrimp.com/

China Blossom : 
[]
validating curr_idx= 243 laduree.fr/en/
DNS Failed for laduree.fr/en/
DNS Failed for laduree.fr/en/
SMTP Failed for laduree.fr/en/

J Brians Pub & Grille : 
[]
validating curr_idx= 244 
DNS Failed for 
DNS Failed for 
SMTP Failed for 

Fireside Restaurant : 
[]
validating curr_idx= 245 perchla.com/
DNS Failed for perchla.com/
DNS Failed for perchla.com/
SMTP Failed for perchla.com/

Party Connection Inc : 
[]
validating curr_idx= 246 https://lfstores.com/
DNS Failed for https://lfstores.com/
DNS Failed for https://lfstores.com/
SMTP Failed for https://lfstores.com/

George's Bakery : 
[]
validating curr_idx= 247 yoshinoyaamerica.com/
DNS Failed for yoshinoyaamerica.com/
DNS Failed for yoshinoyaamerica.com/
SMTP Failed for yoshinoyaamerica.com/

Dolce Freddo Gelato : 
[]
validating curr_idx= 248 pizzaworldmenu.com/
DNS Failed for pizzaworldmenu.com/
DNS Failed for pizzaworldmenu.com/
SMTP Failed for pizzaworldmenu.com/

Borrellis Italian Deli : 
[]
validating curr_idx= 249 loregrp.com/
DNS Failed for loregrp.com/
DNS Failed for loregrp.com/
SMTP Failed for loregrp.com/

Orzo Trattoria : 
[]
validating curr_idx= 250 laduree.fr/en/
DNS Failed for laduree.fr/en/
DNS Failed for laduree.fr/en/
SMTP Failed for laduree.fr/en/

Joe Fish Seafood Restaurant : 
[]
validating curr_idx= 251 http://susiecakes.com/
DNS Failed for http://susiecakes.com/
DNS Failed for http://susiecakes.com/
SMTP Failed for http://susiecakes.com/

Boston Coffee Cake : 
[]
validating curr_idx= 252 http://devbootcamp.com/
DNS Failed for http://devbootcamp.com/
DNS Failed for http://devbootcamp.com/
SMTP Failed for http://devbootcamp.com/

Georgio's Pizzaria : 
[]
validating curr_idx= 253 https://draisgroup.com/las-vegas/?gclid=CjwKCAjw8ajcBRBSEiwAsSky_dcXkIVw7F5m52bZsC0EHTGXLe4jnPM-cPzTUHtzX0T2xHqxXQkHSBoCELcQAvD_BwE
DNS Failed for https://draisgroup.com/las-vegas/?gclid=CjwKCAjw8ajcBRBSEiwAsSky_dcXkIVw7F5m52bZsC0EHTGXLe4jnPM-cPzTUHtzX0T2xHqxXQkHSBoCELcQAvD_BwE
DNS Failed for https://draisgroup.com/las-vegas/?gclid=CjwKCAjw8ajcBRBSEiwAsSky_dcXkIVw7F5m52bZsC0EHTGXLe4jnPM-cPzTUHtzX0T2xHqxXQkHSBoCELcQAvD_BwE
SMTP Failed for https://draisgroup.com/las-vegas/?gclid=CjwKCAjw8ajcBRBSEiwAsSky_dcXkIVw7F5m52bZsC0EHTGXLe4jnPM-cPzTUHtzX0T2xHqxXQkHSBoCELcQAvD_BwE

Sandwich King : 
[]
validating curr_idx= 254 sothebysrealty.com/eng
DNS Failed for sothebysrealty.com/eng
DNS Failed for sothebysrealty.com/eng
SMTP Failed for sothebysrealty.com/eng

Jimmys Pizza Too : 
[]
validating curr_idx= 255 com
DNS Failed for com

Cobblestones : 
[]
validating curr_idx= 256 newyorkbageldeli.com/
DNS Failed for newyorkbageldeli.com/
DNS Failed for newyorkbageldeli.com/
SMTP Failed for newyorkbageldeli.com/

Athenian Corner Restaurant : 
[]
validating curr_idx= 257 http://susiecakes.com/
DNS Failed for http://susiecakes.com/
DNS Failed for http://susiecakes.com/
SMTP Failed for http://susiecakes.com/

Life Alive : 
[]
validating curr_idx= 258 https://otiumla.com/
DNS Failed for https://otiumla.com/
DNS Failed for https://otiumla.com/
SMTP Failed for https://otiumla.com/

Heritage Farm : 
[]
validating curr_idx= 259 https://sundanewasian.com/
DNS Failed for https://sundanewasian.com/
DNS Failed for https://sundanewasian.com/
SMTP Failed for https://sundanewasian.com/

Olympia Restaurant : 
[]
validating curr_idx= 260 kmmstudio.com/
DNS Failed for kmmstudio.com/
DNS Failed for kmmstudio.com/
SMTP Failed for kmmstudio.com/

Horseshoe Grille : 
[]
validating curr_idx= 261 sizzler.com/
DNS Failed for sizzler.com/
DNS Failed for sizzler.com/
SMTP Failed for sizzler.com/

Harrows Chicken Pies : 
[]
validating curr_idx= 262 standardhotels.com/la/properties/hollywood
DNS Failed for standardhotels.com/la/properties/hollywood
DNS Failed for standardhotels.com/la/properties/hollywood
SMTP Failed for standardhotels.com/la/properties/hollywood

Mirabellas Bakery : 
[]
validating curr_idx= 263 lazydogrestaurants.com/
DNS Failed for lazydogrestaurants.com/
DNS Failed for lazydogrestaurants.com/
SMTP Failed for lazydogrestaurants.com/

Perfectos Cafe : 
[]
validating curr_idx= 264 http://ichibonhouston.com/
DNS Failed for http://ichibonhouston.com/
DNS Failed for http://ichibonhouston.com/
SMTP Failed for http://ichibonhouston.com/

Jade East Restaurant Inc : 
[]
validating curr_idx= 265 http://bottlerockla.com/
DNS Failed for http://bottlerockla.com/
DNS Failed for http://bottlerockla.com/
SMTP Failed for http://bottlerockla.com/

Gingerbread Construction Co : 
[]
validating curr_idx= 266 http://doghaus.com/
DNS Failed for http://doghaus.com/
DNS Failed for http://doghaus.com/
SMTP Failed for http://doghaus.com/

Pizzaexpress : 
[]
validating curr_idx= 267 patinagroup.com/
DNS Failed for patinagroup.com/
DNS Failed for patinagroup.com/
SMTP Failed for patinagroup.com/

Elias Country Store : 
[]
validating curr_idx= 268 juliendennis-realestate.com/
DNS Failed for juliendennis-realestate.com/
DNS Failed for juliendennis-realestate.com/
SMTP Failed for juliendennis-realestate.com/

Michaels Place : 
[]
validating curr_idx= 269 teavana.com/
DNS Failed for teavana.com/
DNS Failed for teavana.com/
SMTP Failed for teavana.com/

Lucci's Deli Market : 
[]
validating curr_idx= 270 houstonhospitalityla.com/
DNS Failed for houstonhospitalityla.com/
DNS Failed for houstonhospitalityla.com/
SMTP Failed for houstonhospitalityla.com/

As Good As It Gets : 
[]
validating curr_idx= 271 http://finculvercity.com/
DNS Failed for http://finculvercity.com/
DNS Failed for http://finculvercity.com/
SMTP Failed for http://finculvercity.com/

Cafe Dolce : 
[]
validating curr_idx= 272 http://plancheck.com/
DNS Failed for http://plancheck.com/
DNS Failed for http://plancheck.com/
SMTP Failed for http://plancheck.com/

Montes Restaurant : 
[]
validating curr_idx= 273 https://sugarfishsushi.com/
DNS Failed for https://sugarfishsushi.com/
DNS Failed for https://sugarfishsushi.com/
SMTP Failed for https://sugarfishsushi.com/

Mandee's Pizza : 
[]
validating curr_idx= 274 tavistockrestaurants.com/
DNS Failed for tavistockrestaurants.com/
DNS Failed for tavistockrestaurants.com/
SMTP Failed for tavistockrestaurants.com/

Porthole Pub & Restaurant : 
[]
validating curr_idx= 275 louises.com/
DNS Failed for louises.com/
DNS Failed for louises.com/
SMTP Failed for louises.com/

Minos Roast Beef & Subs : 
[]
validating curr_idx= 276 sweetrosecreamery.com/
DNS Failed for sweetrosecreamery.com/
DNS Failed for sweetrosecreamery.com/
SMTP Failed for sweetrosecreamery.com/

Faucis Pizza : 
[]
validating curr_idx= 277 gatherrestaurant.com/
DNS Failed for gatherrestaurant.com/
DNS Failed for gatherrestaurant.com/
SMTP Failed for gatherrestaurant.com/

Imperial Buffet : 
[]
validating curr_idx= 278 hillstone.com/
DNS Failed for hillstone.com/
DNS Failed for hillstone.com/
SMTP Failed for hillstone.com/

Prince Pizzeria & Bar : 
[]
validating curr_idx= 279 nataleethai.com/
DNS Failed for nataleethai.com/
DNS Failed for nataleethai.com/
SMTP Failed for nataleethai.com/

Continental Restaurant : 
[]
validating curr_idx= 280 macysjobs.com/
DNS Failed for macysjobs.com/
DNS Failed for macysjobs.com/
SMTP Failed for macysjobs.com/

Saugus House of Pizza : 
[]
validating curr_idx= 281 benaddictz.com/
DNS Failed for benaddictz.com/
DNS Failed for benaddictz.com/
SMTP Failed for benaddictz.com/

Kowloon Restaurant : 
[]
validating curr_idx= 282 jackinthebox.com/locations/CA/Los%20Angeles/90035/233
DNS Failed for jackinthebox.com/locations/CA/Los%20Angeles/90035/233
DNS Failed for jackinthebox.com/locations/CA/Los%20Angeles/90035/233
SMTP Failed for jackinthebox.com/locations/CA/Los%20Angeles/90035/233

Kowloon Restaurant : 
[]
validating curr_idx= 283 thechaya.com/
DNS Failed for thechaya.com/
DNS Failed for thechaya.com/
SMTP Failed for thechaya.com/

China Buffet : 
[]
validating curr_idx= 284 http://bcdtofu.com/
DNS Failed for http://bcdtofu.com/
DNS Failed for http://bcdtofu.com/
SMTP Failed for http://bcdtofu.com/

Gourmet Garden : 
[]
validating curr_idx= 285 orsorestaurant.com/
DNS Failed for orsorestaurant.com/
DNS Failed for orsorestaurant.com/
SMTP Failed for orsorestaurant.com/

G Bar & Kitchen : 
[]
validating curr_idx= 286 thewingitapp.com/en/app
DNS Failed for thewingitapp.com/en/app
DNS Failed for thewingitapp.com/en/app
SMTP Failed for thewingitapp.com/en/app

Phat Cats : 
[]
validating curr_idx= 287 climb-inc.com/
DNS Failed for climb-inc.com/
DNS Failed for climb-inc.com/
SMTP Failed for climb-inc.com/

Flatbread Co : 
[]
validating curr_idx= 288 cjscafe.net/
DNS Failed for cjscafe.net/
DNS Failed for cjscafe.net/
SMTP Failed for cjscafe.net/

Barking Dog Bar & Grill : 
[]
validating curr_idx= 289 chinchin.com/
DNS Failed for chinchin.com/
DNS Failed for chinchin.com/
SMTP Failed for chinchin.com/

Naples Pizza : 
[]
validating curr_idx= 290 carlsjr.com/
DNS Failed for carlsjr.com/
DNS Failed for carlsjr.com/
SMTP Failed for carlsjr.com/

Hong Kong Cafe : 
[]
validating curr_idx= 291 mcdonalds
DNS Failed for mcdonalds
DNS Failed for mcdonalds
SMTP Failed for mcdonalds

Nicks Roast Beef : 
[]
validating curr_idx= 292 http://laparrillarestaurants.com/
DNS Failed for http://laparrillarestaurants.com/
DNS Failed for http://laparrillarestaurants.com/
SMTP Failed for http://laparrillarestaurants.com/

KAME Restaurant : 
[]
validating curr_idx= 293 http://zinccafe.com/
DNS Failed for http://zinccafe.com/
DNS Failed for http://zinccafe.com/
SMTP Failed for http://zinccafe.com/

Atomic Cafe : 
[]
validating curr_idx= 294 http://skamartist.com/venues/tbd-los-angeles
DNS Failed for http://skamartist.com/venues/tbd-los-angeles
DNS Failed for http://skamartist.com/venues/tbd-los-angeles
SMTP Failed for http://skamartist.com/venues/tbd-los-angeles

Siam Delight Thai Cuisine : 
[]
validating curr_idx= 295 
DNS Failed for 
DNS Failed for 
SMTP Failed for 

Nexxus Marketing Group LLC : 
[]
validating curr_idx= 296 pizzastudio.com/
DNS Failed for pizzastudio.com/
DNS Failed for pizzastudio.com/
SMTP Failed for pizzastudio.com/

Danversport Yacht Club Main Office : 
[]
validating curr_idx= 297 wingstop.com/
DNS Failed for wingstop.com/
DNS Failed for wingstop.com/
SMTP Failed for wingstop.com/

Onion Town Grill : 
[]
validating curr_idx= 298 carlsjr.com/
DNS Failed for carlsjr.com/
DNS Failed for carlsjr.com/
SMTP Failed for carlsjr.com/

Cape Ann Pizza & Subs : 
[]
validating curr_idx= 299 https://vespaiodtla.com/
DNS Failed for https://vespaiodtla.com/
DNS Failed for https://vespaiodtla.com/
SMTP Failed for https://vespaiodtla.com/

Essex Seafood : 
[]
validating curr_idx= 300 
DNS Failed for 
DNS Failed for 
SMTP Failed for 

Village Restaurant : 
[]
validating curr_idx= 301 superfinepizza.com/
DNS Failed for superfinepizza.com/
DNS Failed for superfinepizza.com/
SMTP Failed for superfinepizza.com/

Common Crow Natural Health Inc : 
[]
validating curr_idx= 302 theblackcatla.com/
DNS Failed for theblackcatla.com/
DNS Failed for theblackcatla.com/
SMTP Failed for theblackcatla.com/

JJ Foleys Cafe : 
[]
validating curr_idx= 303 theblackcatla.com/
DNS Failed for theblackcatla.com/
DNS Failed for theblackcatla.com/
SMTP Failed for theblackcatla.com/

Ocean Garden : 
[]
validating curr_idx= 304 hatchyakitori.com/
DNS Failed for hatchyakitori.com/
DNS Failed for hatchyakitori.com/
SMTP Failed for hatchyakitori.com/

Blue Shutters Inn : 
[]
validating curr_idx= 305 https://sunsetjunctioncoffeeshop.com/
DNS Failed for https://sunsetjunctioncoffeeshop.com/
DNS Failed for https://sunsetjunctioncoffeeshop.com/
SMTP Failed for https://sunsetjunctioncoffeeshop.com/

Rhumb Line Restaurant : 
[]
validating curr_idx= 306 http://makeitnicenyc.com/
DNS Failed for http://makeitnicenyc.com/
DNS Failed for http://makeitnicenyc.com/
SMTP Failed for http://makeitnicenyc.com/

Cape Ann Brewing Co : 
[]
validating curr_idx= 307 
DNS Failed for 
DNS Failed for 
SMTP Failed for 

Horizon Chinese Restaurant : 
[]
validating curr_idx= 308 kombusilverlake.com/
DNS Failed for kombusilverlake.com/
DNS Failed for kombusilverlake.com/
SMTP Failed for kombusilverlake.com/

Passports : 
[]
validating curr_idx= 309 mollyssoulfulcafe.com/events/2018/6/29/mollys-soulful-cafe-sunday-july-29th-2pm-pop-up
DNS Failed for mollyssoulfulcafe.com/events/2018/6/29/mollys-soulful-cafe-sunday-july-29th-2pm-pop-up
DNS Failed for mollyssoulfulcafe.com/events/2018/6/29/mollys-soulful-cafe-sunday-july-29th-2pm-pop-up
SMTP Failed for mollyssoulfulcafe.com/events/2018/6/29/mollys-soulful-cafe-sunday-july-29th-2pm-pop-up

Cape Ann Brewing Co : 
[]
validating curr_idx= 310 https://31tenlounge.com/
DNS Failed for https://31tenlounge.com/
DNS Failed for https://31tenlounge.com/
SMTP Failed for https://31tenlounge.com/

Alchemy Tapas & Bistro : 
[]
validating curr_idx= 311 chinchin.com/
DNS Failed for chinchin.com/
DNS Failed for chinchin.com/
SMTP Failed for chinchin.com/

Ithaki Mediterranean Cuisine : 
[]
validating curr_idx= 312 michaelssantamonica.com/
DNS Failed for michaelssantamonica.com/
DNS Failed for michaelssantamonica.com/
SMTP Failed for michaelssantamonica.com/

Calas : 
[]
validating curr_idx= 313 
DNS Failed for 
DNS Failed for 
SMTP Failed for 

Tonys : 
[]
validating curr_idx= 314 https://cafegratitude.com/menus/cafe-gratitude-larchmont/
DNS Failed for https://cafegratitude.com/menus/cafe-gratitude-larchmont/
DNS Failed for https://cafegratitude.com/menus/cafe-gratitude-larchmont/
SMTP Failed for https://cafegratitude.com/menus/cafe-gratitude-larchmont/

Shubies Market Place Wines & Spirits : 
[]
validating curr_idx= 315 tclchinesetheatres.com/
DNS Failed for tclchinesetheatres.com/
DNS Failed for tclchinesetheatres.com/
SMTP Failed for tclchinesetheatres.com/

Cafe Italia Trattoria : 
[]
validating curr_idx= 316 sanso-la.com/
DNS Failed for sanso-la.com/
DNS Failed for sanso-la.com/
SMTP Failed for sanso-la.com/

Darios Catering : 
[]
validating curr_idx= 317 
DNS Failed for 
DNS Failed for 
SMTP Failed for 

Muffin Shop : 
[]
validating curr_idx= 318 mondolirondo.com/
DNS Failed for mondolirondo.com/
DNS Failed for mondolirondo.com/
SMTP Failed for mondolirondo.com/

Abrahams Bagels : 
[]
validating curr_idx= 319 com/choose-your-country
DNS Failed for com/choose-your-country
DNS Failed for com/choose-your-country
SMTP Failed for com/choose-your-country

Starboard Galley Restaurant : 
[]
validating curr_idx= 320 
DNS Failed for 
DNS Failed for 
SMTP Failed for 

Carry Out Cafe : 
[]
validating curr_idx= 321 centannivenice.com/
DNS Failed for centannivenice.com/
DNS Failed for centannivenice.com/
SMTP Failed for centannivenice.com/

17 State Street Cafe : 
[]
validating curr_idx= 322 https://masakimatsuka.com/?gclid=CjwKCAjw8ajcBRBSEiwAsSky_bSAGpok2Dsvd3U7TgV21uIaAvd7KKBGVesUQqnHXptT462Pr6sEOBoCjf8QAvD_BwE
DNS Failed for https://masakimatsuka.com/?gclid=CjwKCAjw8ajcBRBSEiwAsSky_bSAGpok2Dsvd3U7TgV21uIaAvd7KKBGVesUQqnHXptT462Pr6sEOBoCjf8QAvD_BwE
DNS Failed for https://masakimatsuka.com/?gclid=CjwKCAjw8ajcBRBSEiwAsSky_bSAGpok2Dsvd3U7TgV21uIaAvd7KKBGVesUQqnHXptT462Pr6sEOBoCjf8QAvD_BwE
SMTP Failed for https://masakimatsuka.com/?gclid=CjwKCAjw8ajcBRBSEiwAsSky_bSAGpok2Dsvd3U7TgV21uIaAvd7KKBGVesUQqnHXptT462Pr6sEOBoCjf8QAvD_BwE

Agave Mexican Bistro : 
[]
validating curr_idx= 323 gyu-kaku.com/
DNS Failed for gyu-kaku.com/
DNS Failed for gyu-kaku.com/
SMTP Failed for gyu-kaku.com/

Port Tavern : 
[]
validating curr_idx= 324 http://paninikabobgrill.com/our-locations/downtown-la/
DNS Failed for http://paninikabobgrill.com/our-locations/downtown-la/
DNS Failed for http://paninikabobgrill.com/our-locations/downtown-la/
SMTP Failed for http://paninikabobgrill.com/our-locations/downtown-la/

Lena's Seafood Inc : 
[]
validating curr_idx= 325 https://barneysbeanery.com/
DNS Failed for https://barneysbeanery.com/
DNS Failed for https://barneysbeanery.com/
SMTP Failed for https://barneysbeanery.com/

Sylvan Street Grille : 
[]
validating curr_idx= 326 com/agegate
DNS Failed for com/agegate
DNS Failed for com/agegate
SMTP Failed for com/agegate

Cabaret Lounge : 
[]
validating curr_idx= 327 com
DNS Failed for com

Century House Unexcelled Food : 
[]
validating curr_idx= 328 truefoodkitchen.com/
DNS Failed for truefoodkitchen.com/
DNS Failed for truefoodkitchen.com/
SMTP Failed for truefoodkitchen.com/

Asia Taste Restaurant : 
[]
validating curr_idx= 329 https://postmates.com/
DNS Failed for https://postmates.com/
DNS Failed for https://postmates.com/
SMTP Failed for https://postmates.com/

Capones Restaurant Inc : 
[]
validating curr_idx= 330 leye.com/
DNS Failed for leye.com/
DNS Failed for leye.com/
SMTP Failed for leye.com/

Tasty Foods & Village Cafe : 
[]
validating curr_idx= 331 http://meatonocean.com/
DNS Failed for http://meatonocean.com/
DNS Failed for http://meatonocean.com/
SMTP Failed for http://meatonocean.com/

Petrillos Italian Kitchen : 
[]
validating curr_idx= 332 anime-expo.org/
DNS Failed for anime-expo.org/
DNS Failed for anime-expo.org/
SMTP Failed for anime-expo.org/

Lobster Pool : 
[]
validating curr_idx= 333 mcdonalds
DNS Failed for mcdonalds
DNS Failed for mcdonalds
SMTP Failed for mcdonalds

Bracketts Oceanview Restaurant : 
[]
validating curr_idx= 334 chase.com/
DNS Failed for chase.com/
DNS Failed for chase.com/
SMTP Failed for chase.com/

My Place By The Sea Bear Skin Neck : 
[]
validating curr_idx= 335 
DNS Failed for 
DNS Failed for 
SMTP Failed for 

Bean & Leaf Cafe : 
[]
validating curr_idx= 336 beanfields.com/
DNS Failed for beanfields.com/
DNS Failed for beanfields.com/
SMTP Failed for beanfields.com/

Off The Vine : 
[]
validating curr_idx= 337 
DNS Failed for 
DNS Failed for 
SMTP Failed for 

Puleos Dairy : 
[]
validating curr_idx= 338 belairbayclub.com/
DNS Failed for belairbayclub.com/
DNS Failed for belairbayclub.com/
SMTP Failed for belairbayclub.com/

Mandee's Pizza : 
[]
validating curr_idx= 339 fijiwater.com/
DNS Failed for fijiwater.com/
DNS Failed for fijiwater.com/
SMTP Failed for fijiwater.com/

A & J King Artisan Bakers : 
[]
validating curr_idx= 340 fijiwater.com/
DNS Failed for fijiwater.com/
DNS Failed for fijiwater.com/
SMTP Failed for fijiwater.com/

Reds Sandwich Shop : 
[]
validating curr_idx= 341 califiafarms.com/
DNS Failed for califiafarms.com/
DNS Failed for califiafarms.com/
SMTP Failed for califiafarms.com/

Black Lobster : 
[]
validating curr_idx= 342 beanfields.com/
DNS Failed for beanfields.com/
DNS Failed for beanfields.com/
SMTP Failed for beanfields.com/

Fantasy Island : 
[]
validating curr_idx= 343 
DNS Failed for 
DNS Failed for 
SMTP Failed for 

Dubes Seafood : 
[]
validating curr_idx= 344 82labs.com/
DNS Failed for 82labs.com/
DNS Failed for 82labs.com/
SMTP Failed for 82labs.com/

Finz Seafood & Grill : 
[]
validating curr_idx= 345 sweetenerproducts.com/
DNS Failed for sweetenerproducts.com/
DNS Failed for sweetenerproducts.com/
SMTP Failed for sweetenerproducts.com/

Bella Verona : 
[]
validating curr_idx= 346 
DNS Failed for 
DNS Failed for 
SMTP Failed for 

In A Pigs Eye Restaurant : 
[]
validating curr_idx= 347 sweetenerproducts.com/
DNS Failed for sweetenerproducts.com/
DNS Failed for sweetenerproducts.com/
SMTP Failed for sweetenerproducts.com/

Black Cow : 
[]
validating curr_idx= 348 slapfishrestaurant.com/
DNS Failed for slapfishrestaurant.com/
DNS Failed for slapfishrestaurant.com/
SMTP Failed for slapfishrestaurant.com/

Commons : 
[]
validating curr_idx= 349 melissas.com/
DNS Failed for melissas.com/
DNS Failed for melissas.com/
SMTP Failed for melissas.com/

Black Tie Espresso : 
[]
validating curr_idx= 350 fijiwater.com/
DNS Failed for fijiwater.com/
DNS Failed for fijiwater.com/
SMTP Failed for fijiwater.com/

Lantern Hill Catering : 
[]
validating curr_idx= 351 steviescatering.com/
DNS Failed for steviescatering.com/
DNS Failed for steviescatering.com/
SMTP Failed for steviescatering.com/

Rosewood Restaurant : 
[]
validating curr_idx= 352 http://rockstarenergy.com/
DNS Failed for http://rockstarenergy.com/
DNS Failed for http://rockstarenergy.com/
SMTP Failed for http://rockstarenergy.com/

Petes Bluebird : 
[]
validating curr_idx= 353 snacknation.com/
DNS Failed for snacknation.com/
DNS Failed for snacknation.com/
SMTP Failed for snacknation.com/

Bellingham Palace Pizza LLC : 
[]
validating curr_idx= 354 joyridecoffeedistributors.com/
DNS Failed for joyridecoffeedistributors.com/
DNS Failed for joyridecoffeedistributors.com/
SMTP Failed for joyridecoffeedistributors.com/

Neponset Cafe : 
[]
validating curr_idx= 355 groundworkcoffee.com/?gclid=CjwKCAjw8ajcBRBSEiwAsSky_bScYu2h4ASsH8WtMAcY3cf-MqmAbSkmNirIms62ux_Xi3sGM6b6nhoCkrwQAvD_BwE
DNS Failed for groundworkcoffee.com/?gclid=CjwKCAjw8ajcBRBSEiwAsSky_bScYu2h4ASsH8WtMAcY3cf-MqmAbSkmNirIms62ux_Xi3sGM6b6nhoCkrwQAvD_BwE
DNS Failed for groundworkcoffee.com/?gclid=CjwKCAjw8ajcBRBSEiwAsSky_bScYu2h4ASsH8WtMAcY3cf-MqmAbSkmNirIms62ux_Xi3sGM6b6nhoCkrwQAvD_BwE
SMTP Failed for groundworkcoffee.com/?gclid=CjwKCAjw8ajcBRBSEiwAsSky_bScYu2h4ASsH8WtMAcY3cf-MqmAbSkmNirIms62ux_Xi3sGM6b6nhoCkrwQAvD_BwE

Aquitaine At Legacy Place : 
[]
validating curr_idx= 356 co
DNS Failed for co
DNS Failed for co
SMTP Failed for co

Cathay Kitchen : 
[]
validating curr_idx= 357 ucdavis.edu/
DNS Failed for ucdavis.edu/
DNS Failed for ucdavis.edu/
SMTP Failed for ucdavis.edu/

Halfway Cafe : 
[]
validating curr_idx= 358 califiafarms.com/
DNS Failed for califiafarms.com/
DNS Failed for califiafarms.com/
SMTP Failed for califiafarms.com/

The Village Manor : 
[]
validating curr_idx= 359 pomwonderful.com/
DNS Failed for pomwonderful.com/
DNS Failed for pomwonderful.com/
SMTP Failed for pomwonderful.com/

Tahiti Restaurant : 
[]
validating curr_idx= 360 insigniacap.com/
DNS Failed for insigniacap.com/
DNS Failed for insigniacap.com/
SMTP Failed for insigniacap.com/

Lvp Lakeview Pavilion : 
[]
validating curr_idx= 361 konared.com/
DNS Failed for konared.com/
DNS Failed for konared.com/
SMTP Failed for konared.com/

Adirondack Club : 
[]
validating curr_idx= 362 http://coastproduce.com/
DNS Failed for http://coastproduce.com/
DNS Failed for http://coastproduce.com/
SMTP Failed for http://coastproduce.com/

Rome Restaurant : 
[]
validating curr_idx= 363 snacknation.com/
DNS Failed for snacknation.com/
DNS Failed for snacknation.com/
SMTP Failed for snacknation.com/

Incontro Restaurant : 
[]
validating curr_idx= 364 intelligentsiacoffee.com/
DNS Failed for intelligentsiacoffee.com/
DNS Failed for intelligentsiacoffee.com/
SMTP Failed for intelligentsiacoffee.com/

Eat Well Catering : 
[]
validating curr_idx= 365 thatsitfruit.com/
DNS Failed for thatsitfruit.com/
DNS Failed for thatsitfruit.com/
SMTP Failed for thatsitfruit.com/

Marylou's : 
[]
validating curr_idx= 366 https://barnana.com/
DNS Failed for https://barnana.com/
DNS Failed for https://barnana.com/
SMTP Failed for https://barnana.com/

Java Jungle : 
[]
validating curr_idx= 367 breadlosangeles.com/
DNS Failed for breadlosangeles.com/
DNS Failed for breadlosangeles.com/
SMTP Failed for breadlosangeles.com/

Jake's Seafood Restaurant : 
[]
validating curr_idx= 368 vivreauwater.com/
DNS Failed for vivreauwater.com/
DNS Failed for vivreauwater.com/
SMTP Failed for vivreauwater.com/

Bridgemans Restaurant : 
[]
validating curr_idx= 369 https://snackitforward.com/
DNS Failed for https://snackitforward.com/
DNS Failed for https://snackitforward.com/
SMTP Failed for https://snackitforward.com/

Pizza Box : 
[]
validating curr_idx= 370 redbull
DNS Failed for redbull
DNS Failed for redbull
SMTP Failed for redbull

Lockwood MC Kinnon Co : 
[]
validating curr_idx= 371 bordergrill.com/
DNS Failed for bordergrill.com/
DNS Failed for bordergrill.com/
SMTP Failed for bordergrill.com/

Cafe On The Common : 
[]
validating curr_idx= 372 http://califchickencafe.com/
DNS Failed for http://califchickencafe.com/
DNS Failed for http://califchickencafe.com/
SMTP Failed for http://califchickencafe.com/

Marshfield Famous Pizza : 
[]
validating curr_idx= 373 joyridecoffeedistributors.com/
DNS Failed for joyridecoffeedistributors.com/
DNS Failed for joyridecoffeedistributors.com/
SMTP Failed for joyridecoffeedistributors.com/

Blue Moon Bagel Cafe : 
[]
validating curr_idx= 374 
DNS Failed for 
DNS Failed for 
SMTP Failed for 

Nosh & Grog Provisions : 
[]
validating curr_idx= 375 primalblueprint.com/
DNS Failed for primalblueprint.com/
DNS Failed for primalblueprint.com/
SMTP Failed for primalblueprint.com/

Galante Restaurant : 
[]
validating curr_idx= 376 sweetladyjane.com/
DNS Failed for sweetladyjane.com/
DNS Failed for sweetladyjane.com/
SMTP Failed for sweetladyjane.com/

Mickey Cassidy's : 
[]
validating curr_idx= 377 https://milkandeggs.com/
DNS Failed for https://milkandeggs.com/
DNS Failed for https://milkandeggs.com/
SMTP Failed for https://milkandeggs.com/

Medway Cafe : 
[]
validating curr_idx= 378 http://rockstarenergy.com/
DNS Failed for http://rockstarenergy.com/
DNS Failed for http://rockstarenergy.com/
SMTP Failed for http://rockstarenergy.com/

Restaurant 45 : 
[]
validating curr_idx= 379 progressiveproduce.com/
DNS Failed for progressiveproduce.com/
DNS Failed for progressiveproduce.com/
SMTP Failed for progressiveproduce.com/

Victory Lane : 
[]
validating curr_idx= 380 lahearth.com/
DNS Failed for lahearth.com/
DNS Failed for lahearth.com/
SMTP Failed for lahearth.com/

Wildfire Barbecue : 
[]
validating curr_idx= 381 https://dirtylemon.com/
DNS Failed for https://dirtylemon.com/
DNS Failed for https://dirtylemon.com/
SMTP Failed for https://dirtylemon.com/

Millis House of Pizza : 
[]
validating curr_idx= 382 groundworkcoffee.com/
DNS Failed for groundworkcoffee.com/
DNS Failed for groundworkcoffee.com/
SMTP Failed for groundworkcoffee.com/

Novatos : 
[]
validating curr_idx= 383 fooda.com/
DNS Failed for fooda.com/
DNS Failed for fooda.com/
SMTP Failed for fooda.com/

Horse N' Carriage : 
[]
validating curr_idx= 384 https://jaydesmarket.com/
DNS Failed for https://jaydesmarket.com/
DNS Failed for https://jaydesmarket.com/
SMTP Failed for https://jaydesmarket.com/

Strawberry Fair Restaurant : 
[]
validating curr_idx= 385 https://moonjuice.com/
DNS Failed for https://moonjuice.com/
DNS Failed for https://moonjuice.com/
SMTP Failed for https://moonjuice.com/

Tinkers Son : 
[]
validating curr_idx= 386 lynxgrills.com/home
DNS Failed for lynxgrills.com/home
DNS Failed for lynxgrills.com/home
SMTP Failed for lynxgrills.com/home

Melissa's Catering : 
[]
validating curr_idx= 387 http://kitchensync.us/
DNS Failed for http://kitchensync.us/
DNS Failed for http://kitchensync.us/
SMTP Failed for http://kitchensync.us/

To Beirut : 
[]
validating curr_idx= 388 donfranciscos.com/
DNS Failed for donfranciscos.com/
DNS Failed for donfranciscos.com/
SMTP Failed for donfranciscos.com/

Spitfires Barbecues & Clambakes Catering : 
[]
validating curr_idx= 389 http://angelcitybrewery.com/
DNS Failed for http://angelcitybrewery.com/
DNS Failed for http://angelcitybrewery.com/
SMTP Failed for http://angelcitybrewery.com/

Hibachi Steak House : 
[]
validating curr_idx= 390 https://greenbardistillery.com/
DNS Failed for https://greenbardistillery.com/
DNS Failed for https://greenbardistillery.com/
SMTP Failed for https://greenbardistillery.com/

Jamie's Pub : 
[]
validating curr_idx= 391 riboliwines.com/
DNS Failed for riboliwines.com/
DNS Failed for riboliwines.com/
SMTP Failed for riboliwines.com/

Silent Chef : 
[]
validating curr_idx= 392 melissas.com/
DNS Failed for melissas.com/
DNS Failed for melissas.com/
SMTP Failed for melissas.com/

Riva Restaurant : 
[]
validating curr_idx= 393 aquahydrate.com/
DNS Failed for aquahydrate.com/
DNS Failed for aquahydrate.com/
SMTP Failed for aquahydrate.com/

Satuit Tavern : 
[]
validating curr_idx= 394 wilshirecountryclub.com/
DNS Failed for wilshirecountryclub.com/
DNS Failed for wilshirecountryclub.com/
SMTP Failed for wilshirecountryclub.com/

PJ's Country House : 
[]
validating curr_idx= 395 https://simco.us/
DNS Failed for https://simco.us/
DNS Failed for https://simco.us/
SMTP Failed for https://simco.us/

Crescent Ridge Dairy : 
[]
validating curr_idx= 396 ltfoodsamericas.com/
DNS Failed for ltfoodsamericas.com/
DNS Failed for ltfoodsamericas.com/
SMTP Failed for ltfoodsamericas.com/

Coriander Bistro Restaurant : 
[]
validating curr_idx= 397 pinkberry.com/
DNS Failed for pinkberry.com/
DNS Failed for pinkberry.com/
SMTP Failed for pinkberry.com/

University Meal Deal : 
[]
validating curr_idx= 398 coffeebeanintl.com/
DNS Failed for coffeebeanintl.com/
DNS Failed for coffeebeanintl.com/
SMTP Failed for coffeebeanintl.com/

Alices Mandarin Taste : 
[]
validating curr_idx= 399 tartinebakery.com/
DNS Failed for tartinebakery.com/
DNS Failed for tartinebakery.com/
SMTP Failed for tartinebakery.com/

Raffael's Banquet Facility : 
[]
validating curr_idx= 400 gavina.com/
DNS Failed for gavina.com/
DNS Failed for gavina.com/
SMTP Failed for gavina.com/

Island Oasis Frozen Cocktail : 
[]
validating curr_idx= 401 snacknation.com/
DNS Failed for snacknation.com/
DNS Failed for snacknation.com/
SMTP Failed for snacknation.com/

Red Wing Diner Inc : 
[]
