/usr/local/lib64/python2.7/site-packages/psycopg2/__init__.py:144: UserWarning: The psycopg2 wheel package will be renamed from release 2.8; in order to keep installing from binary please use "pip install psycopg2-binary" instead. For details see: <http://initd.org/psycopg/docs/install.html#binary-install-from-pypi>.
  """)
validating curr_idx= 0 benjaminfoods.com
validating curr_idx= 1 fijiwater.com
validating curr_idx= 2 http://health-ade.com
DNS Failed for http://health-ade.com
DNS Failed for http://health-ade.com
SMTP Failed for http://health-ade.com
validating curr_idx= 3 hotelcolonnade.com
CATCHALL for + hotelcolonnade.com
validating curr_idx= 4 moblty.com
SMTP Failed for moblty.com
validating curr_idx= 5 imperfectproduce.com
validating curr_idx= 6 westwindaviation.ca
SMTP Failed for westwindaviation.ca
validating curr_idx= 7 singerlewak.com
validating curr_idx= 8 farmersfridge.com
SMTP Failed for farmersfridge.com
validating curr_idx= 9 dirtylemon.com
validating curr_idx= 10 barriotequila.com
SMTP Failed for barriotequila.com
validating curr_idx= 11 onyxcentersource.com
CATCHALL for + onyxcentersource.com
validating curr_idx= 12 http://foodstirs.com
DNS Failed for http://foodstirs.com
DNS Failed for http://foodstirs.com
SMTP Failed for http://foodstirs.com
validating curr_idx= 13 troegs.com
SMTP Failed for troegs.com
validating curr_idx= 14 rolandfoods.com/about/careers
DNS Failed for rolandfoods.com/about/careers
DNS Failed for rolandfoods.com/about/careers
SMTP Failed for rolandfoods.com/about/careers
validating curr_idx= 15 onedatascan.com
CATCHALL for + onedatascan.com
validating curr_idx= 16 eathere.com
CATCHALL for + eathere.com
validating curr_idx= 17 brooklynbowl.com
SMTP Failed for brooklynbowl.com
validating curr_idx= 18 http://cadillacsf.com
DNS Failed for http://cadillacsf.com
DNS Failed for http://cadillacsf.com
SMTP Failed for http://cadillacsf.com
validating curr_idx= 19 bunn.com
SMTP Failed for bunn.com
validating curr_idx= 20 http://eatatcore.com
DNS Failed for http://eatatcore.com
DNS Failed for http://eatatcore.com
SMTP Failed for http://eatatcore.com
validating curr_idx= 21 http://tacojohns.com
DNS Failed for http://tacojohns.com
DNS Failed for http://tacojohns.com
SMTP Failed for http://tacojohns.com
validating curr_idx= 22 https://nuts.com
DNS Failed for https://nuts.com
DNS Failed for https://nuts.com
SMTP Failed for https://nuts.com
validating curr_idx= 23 newks.com
SMTP Failed for newks.com
validating curr_idx= 24 zume-com
DNS Failed for zume-com
DNS Failed for zume-com
SMTP Failed for zume-com
validating curr_idx= 25 suncast.com
validating curr_idx= 26 amyfalbaum.com
SMTP Failed for amyfalbaum.com
validating curr_idx= 27 https://intelligentsiacoffee.com
DNS Failed for https://intelligentsiacoffee.com
DNS Failed for https://intelligentsiacoffee.com
SMTP Failed for https://intelligentsiacoffee.com
validating curr_idx= 28 1800petmeds.com
validating curr_idx= 29 buddig.com
validating curr_idx= 30 dermaconcepts.com
SMTP Failed for dermaconcepts.com
validating curr_idx= 31 http://zerocater.com
DNS Failed for http://zerocater.com
DNS Failed for http://zerocater.com
SMTP Failed for http://zerocater.com
validating curr_idx= 32 http://themaderagroup.com
DNS Failed for http://themaderagroup.com
DNS Failed for http://themaderagroup.com
SMTP Failed for http://themaderagroup.com
validating curr_idx= 33 arraybiopharma.com
validating curr_idx= 34 collectiveretreats.com
SMTP Failed for collectiveretreats.com
validating curr_idx= 35 https://nuts.com
DNS Failed for https://nuts.com
DNS Failed for https://nuts.com
SMTP Failed for https://nuts.com
validating curr_idx= 36 siggisdairy.com
validating curr_idx= 37 drinkcoffee.com
SMTP Failed for drinkcoffee.com
validating curr_idx= 38 uptownnetwork.com
validating curr_idx= 39 vitalfarms.com
SMTP Failed for vitalfarms.com
validating curr_idx= 40 sonomacounty.com
CATCHALL for + sonomacounty.com
validating curr_idx= 41 bevi.co
SMTP Failed for bevi.co
validating curr_idx= 42 http://firopizza.com
DNS Failed for http://firopizza.com
DNS Failed for http://firopizza.com
SMTP Failed for http://firopizza.com
validating curr_idx= 43 getconga.com
validating curr_idx= 44 https://c3iot.ai
DNS Failed for https://c3iot.ai
DNS Failed for https://c3iot.ai
SMTP Failed for https://c3iot.ai
validating curr_idx= 45 avendra.com
CATCHALL for + avendra.com
validating curr_idx= 46 cloverfoodlab.com
SMTP Failed for cloverfoodlab.com
validating curr_idx= 47 http://taldepot.com
DNS Failed for http://taldepot.com
DNS Failed for http://taldepot.com
SMTP Failed for http://taldepot.com
validating curr_idx= 48 zaxbysfranchising.com
CATCHALL for + zaxbysfranchising.com
validating curr_idx= 49 https://urbanremedy.com
DNS Failed for https://urbanremedy.com
DNS Failed for https://urbanremedy.com
SMTP Failed for https://urbanremedy.com
validating curr_idx= 50 kongcompany.com
SMTP Failed for kongcompany.com
validating curr_idx= 51 fuchsna.com
SMTP Failed for fuchsna.com
validating curr_idx= 52 16handles.com
SMTP Failed for 16handles.com
validating curr_idx= 53 baresnacks.com
CATCHALL for + baresnacks.com
validating curr_idx= 54 blackman.com
CATCHALL for + blackman.com
validating curr_idx= 55 floqast.com
SMTP Failed for floqast.com
validating curr_idx= 56 foodbuy.com
CATCHALL for + foodbuy.com
validating curr_idx= 57 hosthotels.com
SMTP Failed for hosthotels.com
validating curr_idx= 58 bergankdv.com
CATCHALL for + bergankdv.com
validating curr_idx= 59 bradsrawfoods.com
SMTP Failed for bradsrawfoods.com
validating curr_idx= 60 bradsrawfoods.com
validating curr_idx= 61 alto-shaam.com
SMTP Failed for alto-shaam.com
validating curr_idx= 62 greciandelight.com
CATCHALL for + greciandelight.com
validating curr_idx= 63 pizzasavor.com
validating curr_idx= 64 recursionpharma.com
SMTP Failed for recursionpharma.com
validating curr_idx= 65 haralambos.com
validating curr_idx= 66 conferencedirect.com
SMTP Failed for conferencedirect.com
validating curr_idx= 67 thepurplecarrot.com
validating curr_idx= 68 betterworks.com
SMTP Failed for betterworks.com
validating curr_idx= 69 ehs.com
CATCHALL for + ehs.com
validating curr_idx= 70 rockstarenergy.com
SMTP Failed for rockstarenergy.com
validating curr_idx= 71 thompsoncigar.com
SMTP Failed for thompsoncigar.com
validating curr_idx= 72 nassaucandy.com
validating curr_idx= 73 http://captricity.com
DNS Failed for http://captricity.com
DNS Failed for http://captricity.com
SMTP Failed for http://captricity.com
validating curr_idx= 74 http://pearsonscandy.com
DNS Failed for http://pearsonscandy.com
DNS Failed for http://pearsonscandy.com
SMTP Failed for http://pearsonscandy.com
validating curr_idx= 75 auntieannes.com
validating curr_idx= 76 spyderco.com
SMTP Failed for spyderco.com
validating curr_idx= 77 http://oathpizza.com
DNS Failed for http://oathpizza.com
DNS Failed for http://oathpizza.com
SMTP Failed for http://oathpizza.com
validating curr_idx= 78 lhw.com
validating curr_idx= 79 newportchintl.com
SMTP Failed for newportchintl.com
validating curr_idx= 80 campbellsoupcompany.com
SMTP Failed for campbellsoupcompany.com
validating curr_idx= 81 traveltripper.com
SMTP Failed for traveltripper.com
validating curr_idx= 82 cento.com
CATCHALL for + cento.com
validating curr_idx= 83 houstonracquetclub.com
validating curr_idx= 84 compoundsolutions.com
validating curr_idx= 85 airpush.com
SMTP Failed for airpush.com
validating curr_idx= 86 berdonllp.com
validating curr_idx= 87 mavs.com
DNS Failed for mavs.com
DNS Failed for mavs.com
SMTP Failed for mavs.com
validating curr_idx= 88 generalatlantic.com
validating curr_idx= 89 illy.com
validating curr_idx= 90 smashotels.com
SMTP Failed for smashotels.com
validating curr_idx= 91 dwr.com
CATCHALL for + dwr.com
validating curr_idx= 92 whg.com
CATCHALL for + whg.com
validating curr_idx= 93 cafexapp.com
SMTP Failed for cafexapp.com
validating curr_idx= 94 backyardburgers.com
SMTP Failed for backyardburgers.com
validating curr_idx= 95 fijiwater.com
validating curr_idx= 96 evolutionhospitality.com
validating curr_idx= 97 http://lodgiq.com
DNS Failed for http://lodgiq.com
DNS Failed for http://lodgiq.com
SMTP Failed for http://lodgiq.com
validating curr_idx= 98 mellowmushroom.com
SMTP Failed for mellowmushroom.com
validating curr_idx= 99 heartflow.com
CATCHALL for + heartflow.com
validating curr_idx= 100 com/index
DNS Failed for com/index
DNS Failed for com/index
SMTP Failed for com/index
validating curr_idx= 101 imperfectproduce.com
SMTP Failed for imperfectproduce.com
validating curr_idx= 102 happyfamilyorganics.com
validating curr_idx= 103 http://duckdonuts.com
DNS Failed for http://duckdonuts.com
DNS Failed for http://duckdonuts.com
SMTP Failed for http://duckdonuts.com
validating curr_idx= 104 http://barnana.com
DNS Failed for http://barnana.com
DNS Failed for http://barnana.com
SMTP Failed for http://barnana.com
validating curr_idx= 105 philzcoffee.com
SMTP Failed for philzcoffee.com
validating curr_idx= 106 piefivepizza.com
validating curr_idx= 107 davidsoninn.com
SMTP Failed for davidsoninn.com
validating curr_idx= 108 terrapinbeer.com
CATCHALL for + terrapinbeer.com
validating curr_idx= 109 madgreens.com
CATCHALL for + madgreens.com
validating curr_idx= 110 rpxcorp.com
validating curr_idx= 111 moes.com
validating curr_idx= 112 eathere.com
CATCHALL for + eathere.com
validating curr_idx= 113 monaco-dc.com
SMTP Failed for monaco-dc.com
validating curr_idx= 114 bunn.com
SMTP Failed for bunn.com
validating curr_idx= 115 zevia.com
SMTP Failed for zevia.com
validating curr_idx= 116 http://ehsandwich.com
DNS Failed for http://ehsandwich.com
DNS Failed for http://ehsandwich.com
SMTP Failed for http://ehsandwich.com
validating curr_idx= 117 plumorganics.com
SMTP Failed for plumorganics.com
validating curr_idx= 118 com/owyn
DNS Failed for com/owyn
DNS Failed for com/owyn
SMTP Failed for com/owyn
validating curr_idx= 119 http://phoenixhospitalitygroup.com
DNS Failed for http://phoenixhospitalitygroup.com
DNS Failed for http://phoenixhospitalitygroup.com
SMTP Failed for http://phoenixhospitalitygroup.com
validating curr_idx= 120 mgpingredients.com
CATCHALL for + mgpingredients.com
validating curr_idx= 121 tazikiscafe.com
SMTP Failed for tazikiscafe.com
validating curr_idx= 122 lightstonegroup.com
SMTP Failed for lightstonegroup.com
validating curr_idx= 123 suncast.com
SMTP Failed for suncast.com
validating curr_idx= 124 riveronconsulting.com
CATCHALL for + riveronconsulting.com
validating curr_idx= 125 http://oneconcierge.com
DNS Failed for http://oneconcierge.com
DNS Failed for http://oneconcierge.com
SMTP Failed for http://oneconcierge.com
validating curr_idx= 126 alamocement.com
validating curr_idx= 127 beyondmeat.com
SMTP Failed for beyondmeat.com
validating curr_idx= 128 bmmlogistics.com
CATCHALL for + bmmlogistics.com
validating curr_idx= 129 https://cashbrewing.com
DNS Failed for https://cashbrewing.com
DNS Failed for https://cashbrewing.com
SMTP Failed for https://cashbrewing.com
validating curr_idx= 130 bubbakoosburritos.com
validating curr_idx= 131 transitvalley.com
SMTP Failed for transitvalley.com
validating curr_idx= 132 hashicorp.com
validating curr_idx= 133 wontonfood.com
SMTP Failed for wontonfood.com
validating curr_idx= 134 equatorcoffees.com
CATCHALL for + equatorcoffees.com
validating curr_idx= 135 cpsrecruiter.com
validating curr_idx= 136 imperfectproduce.com
SMTP Failed for imperfectproduce.com
validating curr_idx= 137 bevi.co
validating curr_idx= 138 com/Home
DNS Failed for com/Home
DNS Failed for com/Home
SMTP Failed for com/Home
validating curr_idx= 139 getconga.com
validating curr_idx= 140 ftsonline.com
validating curr_idx= 141 cloverfoodlab.com
SMTP Failed for cloverfoodlab.com
validating curr_idx= 142 nothingbundtcakes.com
validating curr_idx= 143 pecandeluxe.com
validating curr_idx= 144 https://naturebox.com/sub/jobs
DNS Failed for https://naturebox.com/sub/jobs
DNS Failed for https://naturebox.com/sub/jobs
SMTP Failed for https://naturebox.com/sub/jobs
validating curr_idx= 145 daily-harvest.com
SMTP Failed for daily-harvest.com
validating curr_idx= 146 chbriggs.com
CATCHALL for + chbriggs.com
validating curr_idx= 147 hosthotels.com
SMTP Failed for hosthotels.com
validating curr_idx= 148 marcusinvestments.com
validating curr_idx= 149 http://tag-restaurant.com
DNS Failed for http://tag-restaurant.com
DNS Failed for http://tag-restaurant.com
SMTP Failed for http://tag-restaurant.com
validating curr_idx= 150 schlotzskys.com
validating curr_idx= 151 ccbss.com
CATCHALL for + ccbss.com
validating curr_idx= 152 auifinefoods.com
SMTP Failed for auifinefoods.com
validating curr_idx= 153 auifinefoods.com
CATCHALL for + auifinefoods.com
validating curr_idx= 154 tchhome.com
SMTP Failed for tchhome.com
validating curr_idx= 155 vosgeschocolate.com
CATCHALL for + vosgeschocolate.com
validating curr_idx= 156 boxedwaterisbetter.com
SMTP Failed for boxedwaterisbetter.com
validating curr_idx= 157 rockstarenergy.com
SMTP Failed for rockstarenergy.com
validating curr_idx= 158 http://pearsonscandy.com
DNS Failed for http://pearsonscandy.com
DNS Failed for http://pearsonscandy.com
SMTP Failed for http://pearsonscandy.com
validating curr_idx= 159 alpinerestaurantgroup.com
SMTP Failed for alpinerestaurantgroup.com
validating curr_idx= 160 shiftgig.com
validating curr_idx= 161 streamsongresort.com
validating curr_idx= 162 ashers.com
SMTP Failed for ashers.com
validating curr_idx= 163 strategicequipment.com
CATCHALL for + strategicequipment.com
validating curr_idx= 164 togos.com
SMTP Failed for togos.com
validating curr_idx= 165 owletcare.com
validating curr_idx= 166 goodfoods.com
validating curr_idx= 167 nextech.com
validating curr_idx= 168 nitta-gelatin.com
CATCHALL for + nitta-gelatin.com
validating curr_idx= 169 gallikers.com
SMTP Failed for gallikers.com
validating curr_idx= 170 blazepizza.com
CATCHALL for + blazepizza.com
validating curr_idx= 171 singerlewak.com
validating curr_idx= 172 hme.com
SMTP Failed for hme.com
validating curr_idx= 173 airpush.com
validating curr_idx= 174 generalatlantic.com
validating curr_idx= 175 afesco.com
CATCHALL for + afesco.com
validating curr_idx= 176 http://abg-nyc.com
DNS Failed for http://abg-nyc.com
DNS Failed for http://abg-nyc.com
SMTP Failed for http://abg-nyc.com
validating curr_idx= 177 wixon.com
validating curr_idx= 178 redjacketresorts.com
validating curr_idx= 179 capersdmc.com
SMTP Failed for capersdmc.com
validating curr_idx= 180 juice4u.com
SMTP Failed for juice4u.com
validating curr_idx= 181 keyevents.com
SMTP Failed for keyevents.com
validating curr_idx= 182 cendyn.com
CATCHALL for + cendyn.com
validating curr_idx= 183 peachdish.com
SMTP Failed for peachdish.com
validating curr_idx= 184 newks.com
validating curr_idx= 185 treehousefoods.com
validating curr_idx= 186 twistbioscience.com
SMTP Failed for twistbioscience.com
validating curr_idx= 187 ccbss.com
CATCHALL for + ccbss.com
validating curr_idx= 188 durachem.com
CATCHALL for + durachem.com
validating curr_idx= 189 ihgplc.com
DNS Failed for ihgplc.com
DNS Failed for ihgplc.com
SMTP Failed for ihgplc.com
validating curr_idx= 190 zola.com
SMTP Failed for zola.com
validating curr_idx= 191 http://glencoemanagement.com
DNS Failed for http://glencoemanagement.com
DNS Failed for http://glencoemanagement.com
SMTP Failed for http://glencoemanagement.com
validating curr_idx= 192 goelinsights.com
CATCHALL for + goelinsights.com
validating curr_idx= 193 beckflavors.net
CATCHALL for + beckflavors.net
validating curr_idx= 194 https://perspicacityllc.com
DNS Failed for https://perspicacityllc.com
DNS Failed for https://perspicacityllc.com
SMTP Failed for https://perspicacityllc.com
validating curr_idx= 195 typsy.com
SMTP Failed for typsy.com
validating curr_idx= 196 poloclub.net
CATCHALL for + poloclub.net
validating curr_idx= 197 greatwraps.com
SMTP Failed for greatwraps.com
validating curr_idx= 198 rmhfranchise.com
CATCHALL for + rmhfranchise.com
validating curr_idx= 199 riveronconsulting.com
SMTP Failed for riveronconsulting.com
validating curr_idx= 200 caliburgerintl.com
validating curr_idx= 201 carnegietechnologies.com
CATCHALL for + carnegietechnologies.com
validating curr_idx= 202 motivaction.com
CATCHALL for + motivaction.com
validating curr_idx= 203 jackmont.com
SMTP Failed for jackmont.com
validating curr_idx= 204 rustyspizza.com/bakersfield/home
DNS Failed for rustyspizza.com/bakersfield/home
DNS Failed for rustyspizza.com/bakersfield/home
SMTP Failed for rustyspizza.com/bakersfield/home
validating curr_idx= 205 wqscc.com
validating curr_idx= 206 uship.com/?r&#61;5926603
DNS Failed for uship.com/?r&#61;5926603
DNS Failed for uship.com/?r&#61;5926603
SMTP Failed for uship.com/?r&#61;5926603
validating curr_idx= 207 townofstratford.com
SMTP Failed for townofstratford.com
validating curr_idx= 208 wendys.com
validating curr_idx= 209 beforebrands.com
SMTP Failed for beforebrands.com
validating curr_idx= 210 transifex.com
validating curr_idx= 211 imperfectproduce.com
SMTP Failed for imperfectproduce.com
validating curr_idx= 212 prospect33.com
validating curr_idx= 213 http://fifthgroup.com
DNS Failed for http://fifthgroup.com
DNS Failed for http://fifthgroup.com
SMTP Failed for http://fifthgroup.com
validating curr_idx= 214 http://drhc.com
DNS Failed for http://drhc.com
DNS Failed for http://drhc.com
SMTP Failed for http://drhc.com
validating curr_idx= 215 perfectbar.com
SMTP Failed for perfectbar.com
validating curr_idx= 216 http://bevolutiongroup.com
DNS Failed for http://bevolutiongroup.com
DNS Failed for http://bevolutiongroup.com
SMTP Failed for http://bevolutiongroup.com
validating curr_idx= 217 atkins.com
validating curr_idx= 218 adaptiveinsights.com
SMTP Failed for adaptiveinsights.com
validating curr_idx= 219 tomsurban.com
CATCHALL for + tomsurban.com
validating curr_idx= 220 http://starhg.com
DNS Failed for http://starhg.com
DNS Failed for http://starhg.com
SMTP Failed for http://starhg.com
validating curr_idx= 221 rmc-chi.com
SMTP Failed for rmc-chi.com
validating curr_idx= 222 shiftgig.com
validating curr_idx= 223 mightyswell.com
SMTP Failed for mightyswell.com
validating curr_idx= 224 gothamgreens.com
CATCHALL for + gothamgreens.com
validating curr_idx= 225 oakhillcc.com
validating curr_idx= 226 mirabel.com
SMTP Failed for mirabel.com
validating curr_idx= 227 sunevamedical.com
CATCHALL for + sunevamedical.com
validating curr_idx= 228 brewbound.com/news/anheuser-busch-inbev-reorganizes-high-end-division
DNS Failed for brewbound.com/news/anheuser-busch-inbev-reorganizes-high-end-division
DNS Failed for brewbound.com/news/anheuser-busch-inbev-reorganizes-high-end-division
SMTP Failed for brewbound.com/news/anheuser-busch-inbev-reorganizes-high-end-division
validating curr_idx= 229 ljsilvers.com
SMTP Failed for ljsilvers.com
validating curr_idx= 230 dairyqueen.com
DNS Failed for dairyqueen.com
DNS Failed for dairyqueen.com
SMTP Failed for dairyqueen.com
validating curr_idx= 231 madeinnature.com
validating curr_idx= 232 sasademarle.com
validating curr_idx= 233 https://sasteelco.com
DNS Failed for https://sasteelco.com
DNS Failed for https://sasteelco.com
SMTP Failed for https://sasteelco.com
validating curr_idx= 234 goodfoods.com
validating curr_idx= 235 http://mondaynightbrewing.com
DNS Failed for http://mondaynightbrewing.com
DNS Failed for http://mondaynightbrewing.com
SMTP Failed for http://mondaynightbrewing.com
validating curr_idx= 236 greencourtepartners.com
validating curr_idx= 237 steviescatering.com
CATCHALL for + steviescatering.com
validating curr_idx= 238 rivian.com
validating curr_idx= 239 ronnoco.com
SMTP Failed for ronnoco.com
validating curr_idx= 240 hme.com
validating curr_idx= 241 virginhotels.com
CATCHALL for + virginhotels.com
validating curr_idx= 242 aafcpa.com
validating curr_idx= 243 wichcraft.com
CATCHALL for + wichcraft.com
validating curr_idx= 244 bentleymills.com
SMTP Failed for bentleymills.com
validating curr_idx= 245 com/index
DNS Failed for com/index
DNS Failed for com/index
SMTP Failed for com/index
validating curr_idx= 246 generationbio.com
validating curr_idx= 247 kohanacoffee.com
validating curr_idx= 248 http://willys.com
DNS Failed for http://willys.com
DNS Failed for http://willys.com
SMTP Failed for http://willys.com
validating curr_idx= 249 eatpre.com
CATCHALL for + eatpre.com
validating curr_idx= 250 computype.com
validating curr_idx= 251 craftmarkbakery.com
CATCHALL for + craftmarkbakery.com
validating curr_idx= 252 hosthotels.com
SMTP Failed for hosthotels.com
validating curr_idx= 253 littlepassports.com
validating curr_idx= 254 redjacketresorts.com
validating curr_idx= 255 equilar.com
SMTP Failed for equilar.com
validating curr_idx= 256 belleepicurean.com
SMTP Failed for belleepicurean.com
validating curr_idx= 257 soaprojects.com
SMTP Failed for soaprojects.com
validating curr_idx= 258 foodsgalore.com
SMTP Failed for foodsgalore.com
validating curr_idx= 259 http://tindrumasiankitchen.com
DNS Failed for http://tindrumasiankitchen.com
DNS Failed for http://tindrumasiankitchen.com
SMTP Failed for http://tindrumasiankitchen.com
validating curr_idx= 260 theedgewater.com
CATCHALL for + theedgewater.com
validating curr_idx= 261 zpizza.com
SMTP Failed for zpizza.com
validating curr_idx= 262 sandiego.org
validating curr_idx= 263 http://wtrmlnwtr.com
DNS Failed for http://wtrmlnwtr.com
DNS Failed for http://wtrmlnwtr.com
SMTP Failed for http://wtrmlnwtr.com
validating curr_idx= 264 clinicomp.com
SMTP Failed for clinicomp.com
validating curr_idx= 265 fosscare.org
validating curr_idx= 266 gingerpeople.com
validating curr_idx= 267 https://risckys.com
DNS Failed for https://risckys.com
DNS Failed for https://risckys.com
SMTP Failed for https://risckys.com
validating curr_idx= 268 https://mindtouch.com
DNS Failed for https://mindtouch.com
DNS Failed for https://mindtouch.com
SMTP Failed for https://mindtouch.com
validating curr_idx= 269 steakescape.com
CATCHALL for + steakescape.com
validating curr_idx= 270 ilovelindsay.com
DNS Failed for ilovelindsay.com
DNS Failed for ilovelindsay.com
SMTP Failed for ilovelindsay.com
validating curr_idx= 271 dartagnan.com
SMTP Failed for dartagnan.com
validating curr_idx= 272 sleepyhollowcc.org
CATCHALL for + sleepyhollowcc.org
validating curr_idx= 273 whitleypenn.com
SMTP Failed for whitleypenn.com
validating curr_idx= 274 http://goldenchick.com
DNS Failed for http://goldenchick.com
DNS Failed for http://goldenchick.com
SMTP Failed for http://goldenchick.com
validating curr_idx= 275 eastcoastwingsfranchise.com
DNS Failed for eastcoastwingsfranchise.com
DNS Failed for eastcoastwingsfranchise.com
SMTP Failed for eastcoastwingsfranchise.com
validating curr_idx= 276 midamcorp.com
validating curr_idx= 277 https://wingsetc.com
DNS Failed for https://wingsetc.com
DNS Failed for https://wingsetc.com
SMTP Failed for https://wingsetc.com
validating curr_idx= 278 espresso.events
CATCHALL for + espresso.events
validating curr_idx= 279 nksdistributors.com
SMTP Failed for nksdistributors.com
validating curr_idx= 280 nokidhungry.org
DNS Failed for nokidhungry.org
DNS Failed for nokidhungry.org
SMTP Failed for nokidhungry.org
validating curr_idx= 281 papaginos.com
validating curr_idx= 282 smashmallow.com
validating curr_idx= 283 triumvirfinancial.com
SMTP Failed for triumvirfinancial.com
validating curr_idx= 284 nexushospitality.com
validating curr_idx= 285 fiveguys.com
CATCHALL for + fiveguys.com
validating curr_idx= 286 http://provi.com
DNS Failed for http://provi.com
DNS Failed for http://provi.com
SMTP Failed for http://provi.com
validating curr_idx= 287 https://fishcitygrill.com
DNS Failed for https://fishcitygrill.com
DNS Failed for https://fishcitygrill.com
SMTP Failed for https://fishcitygrill.com
validating curr_idx= 288 stayalfred.com/?utm_source&#61;linkedin&amp;utm_medium&#61;social&amp;utm_campaign&#61;companyprofile
DNS Failed for stayalfred.com/?utm_source&#61;linkedin&amp;utm_medium&#61;social&amp;utm_campaign&#61;companyprofile
DNS Failed for stayalfred.com/?utm_source&#61;linkedin&amp;utm_medium&#61;social&amp;utm_campaign&#61;companyprofile
SMTP Failed for stayalfred.com/?utm_source&#61;linkedin&amp;utm_medium&#61;social&amp;utm_campaign&#61;companyprofile
validating curr_idx= 289 stefanirestaurants.com
SMTP Failed for stefanirestaurants.com
validating curr_idx= 290 beckflavors.net
CATCHALL for + beckflavors.net
validating curr_idx= 291 blackbeardiner.com
SMTP Failed for blackbeardiner.com
validating curr_idx= 292 conferencedirect.com
SMTP Failed for conferencedirect.com
validating curr_idx= 293 hosthotels.com
SMTP Failed for hosthotels.com
validating curr_idx= 294 http://yumearth.com
DNS Failed for http://yumearth.com
DNS Failed for http://yumearth.com
SMTP Failed for http://yumearth.com
validating curr_idx= 295 reloquest.com
validating curr_idx= 296 guenergy.com
CATCHALL for + guenergy.com
validating curr_idx= 297 kahalabrands.com
CATCHALL for + kahalabrands.com
validating curr_idx= 298 gallerycarts.com
validating curr_idx= 299 wegotsoccer.com
SMTP Failed for wegotsoccer.com
validating curr_idx= 300 organicvalley.coop
validating curr_idx= 301 http://saladandgo.com
DNS Failed for http://saladandgo.com
DNS Failed for http://saladandgo.com
SMTP Failed for http://saladandgo.com
validating curr_idx= 302 http://burgerfi.com
DNS Failed for http://burgerfi.com
DNS Failed for http://burgerfi.com
SMTP Failed for http://burgerfi.com
validating curr_idx= 303 prospect33.com
SMTP Failed for prospect33.com
validating curr_idx= 304 limefreshmexicangrill.com
validating curr_idx= 305 http://liquid-consulting.com
DNS Failed for http://liquid-consulting.com
DNS Failed for http://liquid-consulting.com
SMTP Failed for http://liquid-consulting.com
validating curr_idx= 306 bandidosmecxicanrestaurantri.com
DNS Failed for bandidosmecxicanrestaurantri.com
DNS Failed for bandidosmecxicanrestaurantri.com
SMTP Failed for bandidosmecxicanrestaurantri.com
validating curr_idx= 307 tokyojoes.com
SMTP Failed for tokyojoes.com
validating curr_idx= 308 onceuponafarmorganics.com
CATCHALL for + onceuponafarmorganics.com
validating curr_idx= 309 perfectbar.com
SMTP Failed for perfectbar.com
validating curr_idx= 310 nexenta.com
CATCHALL for + nexenta.com
validating curr_idx= 311 foodbuy.com
CATCHALL for + foodbuy.com
validating curr_idx= 312 tazikiscafe.com
SMTP Failed for tazikiscafe.com
validating curr_idx= 313 rockfish.com
CATCHALL for + rockfish.com
validating curr_idx= 314 alhworld.com
CATCHALL for + alhworld.com
validating curr_idx= 315 https://impossiblefoods.com
DNS Failed for https://impossiblefoods.com
DNS Failed for https://impossiblefoods.com
SMTP Failed for https://impossiblefoods.com
validating curr_idx= 316 dostoros.com
SMTP Failed for dostoros.com
validating curr_idx= 317 celestialseasonings.com
validating curr_idx= 318 bluestonelane.com
SMTP Failed for bluestonelane.com
validating curr_idx= 319 allianceresourcegroup.com
SMTP Failed for allianceresourcegroup.com
validating curr_idx= 320 downtownproject.com
SMTP Failed for downtownproject.com
validating curr_idx= 321 http://lapecorabianca.com
DNS Failed for http://lapecorabianca.com
DNS Failed for http://lapecorabianca.com
SMTP Failed for http://lapecorabianca.com
validating curr_idx= 322 sanctuaryoncamelback
DNS Failed for sanctuaryoncamelback
DNS Failed for sanctuaryoncamelback
SMTP Failed for sanctuaryoncamelback
validating curr_idx= 323 jetsetsports.com
validating curr_idx= 324 steviescatering.com
CATCHALL for + steviescatering.com
validating curr_idx= 325 onyxcentersource.com
CATCHALL for + onyxcentersource.com
validating curr_idx= 326 moes.com
validating curr_idx= 327 visitcatalinaisland.com
DNS Failed for visitcatalinaisland.com
DNS Failed for visitcatalinaisland.com
SMTP Failed for visitcatalinaisland.com
validating curr_idx= 328 juniorscheesecake.com
SMTP Failed for juniorscheesecake.com
validating curr_idx= 329 http://galaxydesserts.com
DNS Failed for http://galaxydesserts.com
DNS Failed for http://galaxydesserts.com
SMTP Failed for http://galaxydesserts.com
validating curr_idx= 330 earlofsandwichusa.com
SMTP Failed for earlofsandwichusa.com
validating curr_idx= 331 hostway.com
CATCHALL for + hostway.com
validating curr_idx= 332 enginfotech.com
CATCHALL for + enginfotech.com
validating curr_idx= 333 dunnsriverbrands.com
SMTP Failed for dunnsriverbrands.com
validating curr_idx= 334 airxpanders.com
validating curr_idx= 335 dairyqueen.com
DNS Failed for dairyqueen.com
DNS Failed for dairyqueen.com
SMTP Failed for dairyqueen.com
validating curr_idx= 336 urbanecafe.com
validating curr_idx= 337 simplemills.com
CATCHALL for + simplemills.com
validating curr_idx= 338 floridafood.com
CATCHALL for + floridafood.com
validating curr_idx= 339 alfalfas.com
validating curr_idx= 340 rockviewfarms.com
SMTP Failed for rockviewfarms.com
validating curr_idx= 341 magnoliabakery.com
CATCHALL for + magnoliabakery.com
validating curr_idx= 342 solutiontree.com
validating curr_idx= 343 http://tonyromas.com
DNS Failed for http://tonyromas.com
DNS Failed for http://tonyromas.com
SMTP Failed for http://tonyromas.com
validating curr_idx= 344 togos.com
SMTP Failed for togos.com
validating curr_idx= 345 armada.net
validating curr_idx= 346 https://altaplanning.com
DNS Failed for https://altaplanning.com
DNS Failed for https://altaplanning.com
SMTP Failed for https://altaplanning.com
validating curr_idx= 347 findyourshaka.com
SMTP Failed for findyourshaka.com
validating curr_idx= 348 bonedaddys.com
validating curr_idx= 349 southernhillscc.com
SMTP Failed for southernhillscc.com
validating curr_idx= 350 factory-llc.com
validating curr_idx= 351 performancepeople.com
validating curr_idx= 352 dsfcpa.com
CATCHALL for + dsfcpa.com
validating curr_idx= 353 fisherislandclub.com
SMTP Failed for fisherislandclub.com
validating curr_idx= 354 scheidfamilywines.com
validating curr_idx= 355 biolase.com
validating curr_idx= 356 pizzafire.com
SMTP Failed for pizzafire.com
validating curr_idx= 357 fatbrands.com
CATCHALL for + fatbrands.com
validating curr_idx= 358 frickmeats.com
SMTP Failed for frickmeats.com
validating curr_idx= 359 oasiscollections.com
validating curr_idx= 360 http://epicburger.com
DNS Failed for http://epicburger.com
DNS Failed for http://epicburger.com
SMTP Failed for http://epicburger.com
validating curr_idx= 361 http://ainsworthpets.com
DNS Failed for http://ainsworthpets.com
DNS Failed for http://ainsworthpets.com
SMTP Failed for http://ainsworthpets.com
validating curr_idx= 362 singerlewak.com
validating curr_idx= 363 mgpingredients.com
CATCHALL for + mgpingredients.com
validating curr_idx= 364 wahlburgersrestaurant.com
SMTP Failed for wahlburgersrestaurant.com
validating curr_idx= 365 hillpartners.com
validating curr_idx= 366 mybenefits.me
SMTP Failed for mybenefits.me
validating curr_idx= 367 tabasco.com
SMTP Failed for tabasco.com
validating curr_idx= 368 lacolombe.com
SMTP Failed for lacolombe.com
validating curr_idx= 369 cloverlanddairy.com
validating curr_idx= 370 http://slsbeverlyhillshotel.com
DNS Failed for http://slsbeverlyhillshotel.com
DNS Failed for http://slsbeverlyhillshotel.com
SMTP Failed for http://slsbeverlyhillshotel.com
validating curr_idx= 371 midamcorp.com
SMTP Failed for midamcorp.com
validating curr_idx= 372 nksdistributors.com
CATCHALL for + nksdistributors.com
validating curr_idx= 373 novelloboca.com
validating curr_idx= 374 clubgetaway.com
CATCHALL for + clubgetaway.com
validating curr_idx= 375 meliahotelsinternational.com
SMTP Failed for meliahotelsinternational.com
validating curr_idx= 376 eatnoon.com
validating curr_idx= 377 http://provi.com
DNS Failed for http://provi.com
DNS Failed for http://provi.com
SMTP Failed for http://provi.com
validating curr_idx= 378 bordendairy.com
SMTP Failed for bordendairy.com
validating curr_idx= 379 bellagreen.com
SMTP Failed for bellagreen.com
validating curr_idx= 380 geckohospitality.com
validating curr_idx= 381 parccorniche.com
SMTP Failed for parccorniche.com
validating curr_idx= 382 karsnuts.com
validating curr_idx= 383 gallerycarts.com
validating curr_idx= 384 woodlandfoods.com
CATCHALL for + woodlandfoods.com
validating curr_idx= 385 runa.org
SMTP Failed for runa.org
validating curr_idx= 386 runa.org
validating curr_idx= 387 wegotsoccer.com
SMTP Failed for wegotsoccer.com
validating curr_idx= 388 co
DNS Failed for co
DNS Failed for co
SMTP Failed for co
validating curr_idx= 389 bluemoonpizza.com
validating curr_idx= 390 limefreshmexicangrill.com
SMTP Failed for limefreshmexicangrill.com
validating curr_idx= 391 digiday.com
validating curr_idx= 392 https://rakutensl.com
DNS Failed for https://rakutensl.com
DNS Failed for https://rakutensl.com
SMTP Failed for https://rakutensl.com
validating curr_idx= 393 gallellire.com
CATCHALL for + gallellire.com
validating curr_idx= 394 clustertruck.com
SMTP Failed for clustertruck.com
validating curr_idx= 395 virginhotels.com
CATCHALL for + virginhotels.com
validating curr_idx= 396 fancyfoodscom
DNS Failed for fancyfoodscom
DNS Failed for fancyfoodscom
SMTP Failed for fancyfoodscom
validating curr_idx= 397 cinnabon.com
validating curr_idx= 398 http://tacojohns.com
DNS Failed for http://tacojohns.com
DNS Failed for http://tacojohns.com
SMTP Failed for http://tacojohns.com
validating curr_idx= 399 flavorproducers.com
CATCHALL for + flavorproducers.com
validating curr_idx= 400 seviroli.com
validating curr_idx= 401 kriyahotels.com
SMTP Failed for kriyahotels.com
validating curr_idx= 402 enginfotech.com
CATCHALL for + enginfotech.com
validating curr_idx= 403 coasthotels.com
validating curr_idx= 404 zaxbys.com/?gclid=CjwKCAjw5ZPcBRBkEiwA-avvk8vadoiIvS6imTq3CWsXguG5FcNoToP9655UmrqkWmr-SOMDWtY5KRoCA5sQAvD_BwE
DNS Failed for zaxbys.com/?gclid=CjwKCAjw5ZPcBRBkEiwA-avvk8vadoiIvS6imTq3CWsXguG5FcNoToP9655UmrqkWmr-SOMDWtY5KRoCA5sQAvD_BwE
DNS Failed for zaxbys.com/?gclid=CjwKCAjw5ZPcBRBkEiwA-avvk8vadoiIvS6imTq3CWsXguG5FcNoToP9655UmrqkWmr-SOMDWtY5KRoCA5sQAvD_BwE
SMTP Failed for zaxbys.com/?gclid=CjwKCAjw5ZPcBRBkEiwA-avvk8vadoiIvS6imTq3CWsXguG5FcNoToP9655UmrqkWmr-SOMDWtY5KRoCA5sQAvD_BwE
validating curr_idx= 405 serendipitylabs.com
validating curr_idx= 406 necco.com
CATCHALL for + necco.com
validating curr_idx= 407 impossiblefoods.com
SMTP Failed for impossiblefoods.com
validating curr_idx= 408 invuity.com
SMTP Failed for invuity.com
validating curr_idx= 409 http://argconcepts.com
DNS Failed for http://argconcepts.com
DNS Failed for http://argconcepts.com
SMTP Failed for http://argconcepts.com
validating curr_idx= 410 simplemills.com
CATCHALL for + simplemills.com
validating curr_idx= 411 whg.com
CATCHALL for + whg.com
validating curr_idx= 412 3eyetech.com
validating curr_idx= 413 joyridecoffeedistributors.com
DNS Failed for joyridecoffeedistributors.com
DNS Failed for joyridecoffeedistributors.com
SMTP Failed for joyridecoffeedistributors.com
validating curr_idx= 414 https://altaplanning.com
DNS Failed for https://altaplanning.com
DNS Failed for https://altaplanning.com
SMTP Failed for https://altaplanning.com
validating curr_idx= 415 smoothieking.com
validating curr_idx= 416 http://southernhillscc.com
DNS Failed for http://southernhillscc.com
DNS Failed for http://southernhillscc.com
SMTP Failed for http://southernhillscc.com
validating curr_idx= 417 fabtex.com
validating curr_idx= 418 uniprofoodservice.com
validating curr_idx= 419 blackriflecoffee.com
SMTP Failed for blackriflecoffee.com
validating curr_idx= 420 sppirx.com
validating curr_idx= 421 sppirx.com
validating curr_idx= 422 https://craftydelivers.com
DNS Failed for https://craftydelivers.com
DNS Failed for https://craftydelivers.com
SMTP Failed for https://craftydelivers.com
validating curr_idx= 423 fisherislandclub.com
SMTP Failed for fisherislandclub.com
validating curr_idx= 424 entertainmentbenefits.com
validating curr_idx= 425 bhh.com
validating curr_idx= 426 yourpie
DNS Failed for yourpie
DNS Failed for yourpie
SMTP Failed for yourpie
validating curr_idx= 427 susiecakes.com
CATCHALL for + susiecakes.com
validating curr_idx= 428 otonomy.com
SMTP Failed for otonomy.com
validating curr_idx= 429 isinorthamerica.com
SMTP Failed for isinorthamerica.com
validating curr_idx= 430 gaffney-kroese.com
CATCHALL for + gaffney-kroese.com
validating curr_idx= 431 lonelyplanet.com
SMTP Failed for lonelyplanet.com
validating curr_idx= 432 patriceandassociates.com
validating curr_idx= 433 ritasice.com
SMTP Failed for ritasice.com
validating curr_idx= 434 avedro.com
CATCHALL for + avedro.com
validating curr_idx= 435 kfcoffee.com
SMTP Failed for kfcoffee.com
validating curr_idx= 436 meridinet.com
CATCHALL for + meridinet.com
validating curr_idx= 437 http://spreetail.com
DNS Failed for http://spreetail.com
DNS Failed for http://spreetail.com
SMTP Failed for http://spreetail.com
validating curr_idx= 438 hilton
DNS Failed for hilton
DNS Failed for hilton
SMTP Failed for hilton
validating curr_idx= 439 tn.com
SMTP Failed for tn.com
validating curr_idx= 440 7gdistributing.com
CATCHALL for + 7gdistributing.com
validating curr_idx= 441 gogosqueez.com
CATCHALL for + gogosqueez.com
validating curr_idx= 442 califiafarms.com
SMTP Failed for califiafarms.com
validating curr_idx= 443 bendhsa.com
validating curr_idx= 444 joecoffeecompany.com
SMTP Failed for joecoffeecompany.com
validating curr_idx= 445 customprocessingservices.com
validating curr_idx= 446 rljlodgingtrust.com
validating curr_idx= 447 aeriepharma.com
validating curr_idx= 448 bonchon.com
SMTP Failed for bonchon.com
validating curr_idx= 449 ljsilvers.com
CATCHALL for + ljsilvers.com
validating curr_idx= 450 cloverlanddairy.com
SMTP Failed for cloverlanddairy.com
validating curr_idx= 451 templetonsolutions.com
validating curr_idx= 452 rawjuce.com
CATCHALL for + rawjuce.com
validating curr_idx= 453 elicheesecake.com
SMTP Failed for elicheesecake.com
validating curr_idx= 454 https://reliv.com
DNS Failed for https://reliv.com
DNS Failed for https://reliv.com
SMTP Failed for https://reliv.com
validating curr_idx= 455 haralambos.com
validating curr_idx= 456 http://mutualmobile.com
DNS Failed for http://mutualmobile.com
DNS Failed for http://mutualmobile.com
SMTP Failed for http://mutualmobile.com
validating curr_idx= 457 http://pinehill.com
DNS Failed for http://pinehill.com
DNS Failed for http://pinehill.com
SMTP Failed for http://pinehill.com
validating curr_idx= 458 marburylaw.com
CATCHALL for + marburylaw.com
validating curr_idx= 459 drinkneuro.com
SMTP Failed for drinkneuro.com
validating curr_idx= 460 switchfly.com
SMTP Failed for switchfly.com
validating curr_idx= 461 http://delfinasf.com
DNS Failed for http://delfinasf.com
DNS Failed for http://delfinasf.com
SMTP Failed for http://delfinasf.com
validating curr_idx= 462 burgerfi.com
CATCHALL for + burgerfi.com
validating curr_idx= 463 https://perspecta.com
DNS Failed for https://perspecta.com
DNS Failed for https://perspecta.com
SMTP Failed for https://perspecta.com
validating curr_idx= 464 hospitalitymatches.com
SMTP Failed for hospitalitymatches.com
validating curr_idx= 465 skytap.com
validating curr_idx= 466 pandologic.com
validating curr_idx= 467 hospitalitymatches.com
SMTP Failed for hospitalitymatches.com
validating curr_idx= 468 pieology.com
SMTP Failed for pieology.com
validating curr_idx= 469 barflyventures.com
CATCHALL for + barflyventures.com
validating curr_idx= 470 gattispizza.com
CATCHALL for + gattispizza.com
validating curr_idx= 471 aquahydrate.com
SMTP Failed for aquahydrate.com
validating curr_idx= 472 parccorniche.com
validating curr_idx= 473 sarkujapan.com
validating curr_idx= 474 sonomabrands.com
CATCHALL for + sonomabrands.com
validating curr_idx= 475 zaxbys.com
SMTP Failed for zaxbys.com
validating curr_idx= 476 http://thedewberrycharleston.com
DNS Failed for http://thedewberrycharleston.com
DNS Failed for http://thedewberrycharleston.com
SMTP Failed for http://thedewberrycharleston.com
validating curr_idx= 477 dmadelivers.com
validating curr_idx= 478 alto-shaam.com
SMTP Failed for alto-shaam.com
validating curr_idx= 479 funcoffeeco.com
validating curr_idx= 480 http://santokugroup.com
DNS Failed for http://santokugroup.com
DNS Failed for http://santokugroup.com
SMTP Failed for http://santokugroup.com
validating curr_idx= 481 ashfordcom
DNS Failed for ashfordcom
DNS Failed for ashfordcom
SMTP Failed for ashfordcom
validating curr_idx= 482 http://vpxsports.com
DNS Failed for http://vpxsports.com
DNS Failed for http://vpxsports.com
SMTP Failed for http://vpxsports.com
validating curr_idx= 483 hooch.co
SMTP Failed for hooch.co
validating curr_idx= 484 fiercecom
DNS Failed for fiercecom
DNS Failed for fiercecom
SMTP Failed for fiercecom
validating curr_idx= 485 fiercecom
DNS Failed for fiercecom
DNS Failed for fiercecom
SMTP Failed for fiercecom
validating curr_idx= 486 specformliners.com
CATCHALL for + specformliners.com
validating curr_idx= 487 http://fifthgroup.com
DNS Failed for http://fifthgroup.com
DNS Failed for http://fifthgroup.com
SMTP Failed for http://fifthgroup.com
validating curr_idx= 488 com/index
DNS Failed for com/index
DNS Failed for com/index
SMTP Failed for com/index
validating curr_idx= 489 beverlyhillscc.com
CATCHALL for + beverlyhillscc.com
validating curr_idx= 490 labelmaster.com
validating curr_idx= 491 usinger.com
SMTP Failed for usinger.com
validating curr_idx= 492 napleshotelgroup.com
CATCHALL for + napleshotelgroup.com
validating curr_idx= 493 vmghealth.com
validating curr_idx= 494 whg.com
CATCHALL for + whg.com
validating curr_idx= 495 drinkworks.com
SMTP Failed for drinkworks.com
validating curr_idx= 496 drinkworks.com
validating curr_idx= 497 halontax.com
SMTP Failed for halontax.com
validating curr_idx= 498 thisbarsaveslives.com
CATCHALL for + thisbarsaveslives.com
validating curr_idx= 499 stellaandchewys.com
SMTP Failed for stellaandchewys.com
validating curr_idx= 500 bcc1898.com
SMTP Failed for bcc1898.com
validating curr_idx= 501 mcneillhotels.com
CATCHALL for + mcneillhotels.com
validating curr_idx= 502 energous.com
SMTP Failed for energous.com
validating curr_idx= 503 sakaralife.com
SMTP Failed for sakaralife.com
validating curr_idx= 504 cardlytics.com
validating curr_idx= 505 parkertaxpublishing.com
CATCHALL for + parkertaxpublishing.com
validating curr_idx= 506 seattlefish.com
SMTP Failed for seattlefish.com
validating curr_idx= 507 dairyqueen.com
DNS Failed for dairyqueen.com
DNS Failed for dairyqueen.com
SMTP Failed for dairyqueen.com
validating curr_idx= 508 wndecpa.com
SMTP Failed for wndecpa.com
validating curr_idx= 509 qualityfrozenfoods.com
SMTP Failed for qualityfrozenfoods.com
validating curr_idx= 510 fullsailbrewing.com
CATCHALL for + fullsailbrewing.com
validating curr_idx= 511 wingstop.com
validating curr_idx= 512 nathansfamous.com
SMTP Failed for nathansfamous.com
validating curr_idx= 513 doximity.com
SMTP Failed for doximity.com
validating curr_idx= 514 greenislandcc.org
validating curr_idx= 515 thistle.co
CATCHALL for + thistle.co
validating curr_idx= 516 quantumstorage.com
SMTP Failed for quantumstorage.com
validating curr_idx= 517 gogosqueez.com
CATCHALL for + gogosqueez.com
validating curr_idx= 518 mymomochi.com
CATCHALL for + mymomochi.com
validating curr_idx= 519 visterracom
DNS Failed for visterracom
DNS Failed for visterracom
SMTP Failed for visterracom
validating curr_idx= 520 tropicalfoods.com
SMTP Failed for tropicalfoods.com
validating curr_idx= 521 visitdenver.com
validating curr_idx= 522 mountainridgecc.org
CATCHALL for + mountainridgecc.org
validating curr_idx= 523 deenmeat.com
SMTP Failed for deenmeat.com
validating curr_idx= 524 secondcity.com
validating curr_idx= 525 sunkist.com
DNS Failed for sunkist.com
DNS Failed for sunkist.com
SMTP Failed for sunkist.com
validating curr_idx= 526 huhot.com
SMTP Failed for huhot.com
validating curr_idx= 527 http://tacojohns.com
DNS Failed for http://tacojohns.com
DNS Failed for http://tacojohns.com
SMTP Failed for http://tacojohns.com
validating curr_idx= 528 charliebrowns.com
SMTP Failed for charliebrowns.com
validating curr_idx= 529 https://getbase.com
DNS Failed for https://getbase.com
DNS Failed for https://getbase.com
SMTP Failed for https://getbase.com
validating curr_idx= 530 cityofaspen.com
validating curr_idx= 531 http://ezlinksgolf.com
DNS Failed for http://ezlinksgolf.com
DNS Failed for http://ezlinksgolf.com
SMTP Failed for http://ezlinksgolf.com
validating curr_idx= 532 klements.com
SMTP Failed for klements.com
validating curr_idx= 533 tapiocaexpress.com
SMTP Failed for tapiocaexpress.com
validating curr_idx= 534 tapiocaexpress.com
SMTP Failed for tapiocaexpress.com
validating curr_idx= 535 tapiocaexpress.com
SMTP Failed for tapiocaexpress.com
validating curr_idx= 536 cascadecoffee.com
SMTP Failed for cascadecoffee.com
validating curr_idx= 537 lasvegaspaving.com
CATCHALL for + lasvegaspaving.com
_________
[["info@benjaminfoods.com"], ["info@fijiwater.com", "Julie.Silver@fijiwater.com"], [], ["info@hotelcolonnade.com"], [], ["sales@imperfectproduce.com", "Sara@imperfectproduce.com"], [], ["info@singerlewak.com"], [], ["team@dirtylemon.com", "Adam@dirtylemon.com"], [], ["info@onyxcentersource.com"], [], [], [], ["info@onedatascan.com"], ["info@eathere.com"], [], [], ["contact@bunn.com"], [], [], [], [], [], ["info@suncast.com", "DPackenham@suncast.com"], [], [], ["info@1800petmeds.com", "WZalai@1800petmeds.com"], ["sales@buddig.com"], [], [], [], [], [], [], ["team@siggisdairy.com"], [], ["info@uptownnetwork.com", "Nadine@uptownnetwork.com"], [], ["info@sonomacounty.com"], [], [], ["info@getconga.com"], [], ["info@avendra.com"], [], [], ["info@zaxbysfranchising.com"], [], [], [], [], ["info@baresnacks.com"], ["info@blackman.com"], [], ["info@foodbuy.com"], [], ["info@bergankdv.com"], [], ["info@bradsrawfoods.com"], [], ["info@greciandelight.com"], [], [], ["manager@haralambos.com"], [], ["operations@thepurplecarrot.com", "Hanna@thepurplecarrot.com"], [], ["info@ehs.com"], [], [], ["sales@nassaucandy.com"], [], [], [], [], [], ["info@lhw.com"], [], [], [], ["info@cento.com"], ["operations@houstonracquetclub.com"], ["sales@compoundsolutions.com", "LNovak@compoundsolutions.com"], [], ["contactus@berdonllp.com", "WBerkowitz@berdonllp.com"], [], [], ["contact@illy.com"], [], ["info@dwr.com"], ["info@whg.com"], [], [], ["info@fijiwater.com", "Julie.Silver@fijiwater.com"], ["operations@evolutionhospitality.com"], [], [], ["info@heartflow.com"], [], [], [], [], [], [], ["feedback@piefivepizza.com"], [], ["info@terrapinbeer.com"], ["info@madgreens.com"], ["contact@rpxcorp.com"], ["info@moes.com"], ["info@eathere.com"], [], ["contact@bunn.com"], [], [], [], [], [], ["info@mgpingredients.com"], [], [], [], ["info@riveronconsulting.com"], [], ["operations@alamocement.com", "Kirk@alamocement.com"], [], ["info@bmmlogistics.com"], [], [], [], ["sales@hashicorp.com", "Werner@hashicorp.com"], [], ["info@equatorcoffees.com"], ["info@cpsrecruiter.com"], [], ["operations@bevi.co", "Jeremy@bevi.co"], [], ["info@getconga.com"], [], [], ["contact@nothingbundtcakes.com", "Dane.Douthit@nothingbundtcakes.com"], [], [], [], ["info@chbriggs.com"], [], ["info@marcusinvestments.com"], [], [], ["info@ccbss.com"], [], ["info@auifinefoods.com"], [], ["info@vosgeschocolate.com"], [], [], [], [], ["info@shiftgig.com", "Jeff.Vandeveer@shiftgig.com"], [], [], ["info@strategicequipment.com"], [], ["operations@owletcare.com", "STaylor@owletcare.com"], ["info@goodfoods.com"], ["info@nextech.com"], ["info@nitta-gelatin.com"], [], ["info@blazepizza.com"], ["info@singerlewak.com"], [], ["info@airpush.com", "Kevin@airpush.com"], ["info@generalatlantic.com", "RNeubauer@generalatlantic.com"], ["info@afesco.com"], [], [], ["info@redjacketresorts.com"], [], [], [], ["info@cendyn.com"], [], ["MSnyder@newks.com"], [], [], ["info@ccbss.com"], ["info@durachem.com"], [], [], [], ["info@goelinsights.com"], ["info@beckflavors.net"], [], [], ["info@poloclub.net"], [], ["info@rmhfranchise.com"], [], [], ["info@carnegietechnologies.com"], ["info@motivaction.com"], [], [], ["contactus@wqscc.com"], [], [], ["Denis.Bouchard@wendys.com"], [], ["team@transifex.com", "Anita@transifex.com"], [], ["info@prospect33.com", "Dominic@prospect33.com"], [], [], [], [], [], [], ["info@tomsurban.com"], [], [], ["info@shiftgig.com", "Jeff.Vandeveer@shiftgig.com"], [], ["info@gothamgreens.com"], ["info@oakhillcc.com"], [], ["info@sunevamedical.com"], [], [], [], ["info@madeinnature.com"], ["info@sasademarle.com"], [], ["info@goodfoods.com"], [], [], ["info@steviescatering.com"], ["info@rivian.com"], [], ["info@hme.com", "JGordon@hme.com"], ["info@virginhotels.com"], ["info@aafcpa.com", "SPosnick@aafcpa.com"], ["info@wichcraft.com"], [], [], ["team@generationbio.com"], ["info@kohanacoffee.com"], [], ["info@eatpre.com"], [], ["info@craftmarkbakery.com"], [], ["team@littlepassports.com", "Jennifer@littlepassports.com"], ["info@redjacketresorts.com"], [], [], [], [], [], ["info@theedgewater.com"], [], ["sales@sandiego.org", "ISauerbrey@sandiego.org"], [], [], ["staff@fosscare.org", "RHenry@fosscare.org"], ["info@gingerpeople.com"], [], [], ["info@steakescape.com"], [], [], ["info@sleepyhollowcc.org"], [], [], [], ["operations@midamcorp.com", "Joel.Neikirk@midamcorp.com"], [], ["info@espresso.events"], [], [], [], ["sales@smashmallow.com"], [], ["DBrooks@nexushospitality.com"], ["info@fiveguys.com"], [], [], [], [], ["info@beckflavors.net"], [], [], [], [], ["team@reloquest.com", "MKarp@reloquest.com"], ["info@guenergy.com"], ["info@kahalabrands.com"], ["operations@gallerycarts.com"], [], ["info@organicvalley.coop", "Joel.Mellor@organicvalley.coop"], [], [], [], ["info@limefreshmexicangrill.com"], [], [], [], ["info@onceuponafarmorganics.com"], [], ["info@nexenta.com"], ["info@foodbuy.com"], [], ["info@rockfish.com"], ["info@alhworld.com"], [], [], [], [], [], [], [], [], ["info@jetsetsports.com"], ["info@steviescatering.com"], ["info@onyxcentersource.com"], ["info@moes.com"], [], [], [], [], ["info@hostway.com"], ["info@enginfotech.com"], [], ["info@airxpanders.com"], [], ["info@urbanecafe.com"], ["info@simplemills.com"], ["info@floridafood.com"], [], [], ["info@magnoliabakery.com"], ["info@solutiontree.com"], [], [], [], [], [], ["Mike@bonedaddys.com"], [], ["sales@factory-llc.com"], [], ["info@dsfcpa.com"], [], [], ["info@biolase.com"], [], ["info@fatbrands.com"], [], ["info@oasiscollections.com"], [], [], ["info@singerlewak.com"], ["info@mgpingredients.com"], [], ["team@hillpartners.com", "SMcGill@hillpartners.com"], [], [], [], ["sales@cloverlanddairy.com", "JCella@cloverlanddairy.com"], [], [], ["info@nksdistributors.com"], ["info@novelloboca.com", "Marco@novelloboca.com"], ["info@clubgetaway.com"], [], ["info@eatnoon.com"], [], [], [], ["Kevin@geckohospitality.com"], [], [], ["operations@gallerycarts.com"], ["info@woodlandfoods.com"], [], ["info@runa.org"], [], [], ["contactus@bluemoonpizza.com", "GMcDermott@bluemoonpizza.com"], [], ["team@digiday.com", "Tara@digiday.com"], [], ["info@gallellire.com"], [], ["info@virginhotels.com"], [], [], [], ["info@flavorproducers.com"], [], [], ["info@enginfotech.com"], [], [], ["contact@serendipitylabs.com"], ["info@necco.com"], [], [], [], ["info@simplemills.com"], ["info@whg.com"], ["operations@3eyetech.com"], [], [], [], [], ["info@fabtex.com"], [], [], ["operations@sppirx.com"], ["operations@sppirx.com"], [], [], ["gm@entertainmentbenefits.com", "JWigington@entertainmentbenefits.com"], [], [], ["info@susiecakes.com"], [], [], ["info@gaffney-kroese.com"], [], ["info@patriceandassociates.com", "NTyree@patriceandassociates.com"], [], ["info@avedro.com"], [], ["info@meridinet.com"], [], [], [], ["info@7gdistributing.com"], ["info@gogosqueez.com"], [], ["operations@bendhsa.com"], [], [], ["info@rljlodgingtrust.com", "CGormsen@rljlodgingtrust.com"], ["info@aeriepharma.com"], [], ["info@ljsilvers.com"], [], ["info@templetonsolutions.com"], ["info@rawjuce.com"], [], [], ["manager@haralambos.com"], [], [], ["info@marburylaw.com"], [], [], [], ["info@burgerfi.com"], [], [], ["operations@skytap.com", "EAnderson@skytap.com"], ["manager@pandologic.com"], [], [], ["info@barflyventures.com"], ["info@gattispizza.com"], [], ["info@parccorniche.com", "GFlorido@parccorniche.com"], [], ["info@sonomabrands.com"], [], [], [], [], ["info@funcoffeeco.com", "Scott@funcoffeeco.com"], [], [], [], [], [], [], ["info@specformliners.com"], [], [], ["info@beverlyhillscc.com"], ["contact@labelmaster.com", "MFuentes@labelmaster.com"], [], ["info@napleshotelgroup.com"], [], ["info@whg.com"], [], [], [], ["info@thisbarsaveslives.com"], [], [], ["info@mcneillhotels.com"], [], [], ["contact@cardlytics.com"], ["info@parkertaxpublishing.com"], [], [], [], [], ["info@fullsailbrewing.com"], [], [], [], ["JThomas@greenislandcc.org"], ["info@thistle.co"], [], ["info@gogosqueez.com"], ["info@mymomochi.com"], [], [], ["sales@visitdenver.com", "JBuck@visitdenver.com"], ["info@mountainridgecc.org"], [], ["operations@secondcity.com", "MConway@secondcity.com"], [], [], [], [], [], ["manager@cityofaspen.com"], [], [], [], [], [], [], ["info@lasvegaspaving.com"]]
_________
"Howard","Benjamin Foods ",info@benjaminfoods.com
"Julie","Fiji Water ",info@fijiwater.com
"Julie","Fiji Water ",Julie.Silver@fijiwater.com
"Roger","Hotel Colonnade Coral Gables, A Tribute Portfolio Hotel ",info@hotelcolonnade.com
"Sara","Imperfect Produce ",sales@imperfectproduce.com
"Sara","Imperfect Produce ",Sara@imperfectproduce.com
"Mike","Singerlewak  ",info@singerlewak.com
"Adam","Dirty Lemon ",team@dirtylemon.com
"Adam","Dirty Lemon ",Adam@dirtylemon.com
"Ken","Onyx Centersource ",info@onyxcentersource.com
"Tina","Datascan ",info@onedatascan.com
"Abe","Eat Here Brands ",info@eathere.com
"Mike","Bunn ",contact@bunn.com
"Dave","Suncast Corporation ",info@suncast.com
"Dave","Suncast Corporation ",DPackenham@suncast.com
"Wendy","Petmed Express ",info@1800petmeds.com
"Wendy","Petmed Express ",WZalai@1800petmeds.com
"John","Carl Buddig And Company ",sales@buddig.com
"Bob","Siggi'S Dairy ",team@siggisdairy.com
"Nadine","Uptown Network ",info@uptownnetwork.com
"Nadine","Uptown Network ",Nadine@uptownnetwork.com
"Tim","Sonoma County Tourism ",info@sonomacounty.com
"Mark","Conga ",info@getconga.com
"Wojciech","Avendra  ",info@avendra.com
"Dennie","Zaxby'S Franchising ",info@zaxbysfranchising.com
"Veronica","Bare Snacks ",info@baresnacks.com
"Kathleen","Blackman Plumbing Supply Co. ",info@blackman.com
"Alana","Foodbuy Usa ",info@foodbuy.com
"Jim","Bergankdv ",info@bergankdv.com
"Kimberton","Brad'S Raw Foods ",info@bradsrawfoods.com
"Catherine","Grecian Delight Foods ",info@greciandelight.com
"Rochelle","Haralambos Beverage Company ",manager@haralambos.com
"Hanna","Purple Carrot ",operations@thepurplecarrot.com
"Hanna","Purple Carrot ",Hanna@thepurplecarrot.com
"Heather","Velocityehs ",info@ehs.com
"Carol Baca","Nassau Candy Distributors ",sales@nassaucandy.com
"Jon D.","The Leading Hotels Of The World ",info@lhw.com
"Joseph","Cento Fine Foods ",info@cento.com
"Thomas","Houston Racquet Club ",operations@houstonracquetclub.com
"Laura","Compound Solutions ",sales@compoundsolutions.com
"Laura","Compound Solutions ",LNovak@compoundsolutions.com
"Wayne","Berdon  ",contactus@berdonllp.com
"Wayne","Berdon  ",WBerkowitz@berdonllp.com
"Lon","Illy Caffe North America ",contact@illy.com
"John","Design Within Reach ",info@dwr.com
"Nadim","Westmont Hospitality Group ",info@whg.com
"Julie","Fiji Water ",info@fijiwater.com
"Julie","Fiji Water ",Julie.Silver@fijiwater.com
"Matt","Evolution Hospitality ",operations@evolutionhospitality.com
"Rajindra","Heartflow,  ",info@heartflow.com
"Tim","Pie Five Pizza Co ",feedback@piefivepizza.com
"Jack"," ",info@terrapinbeer.com
"Jeremy","Terrapin Beer Co. ",info@madgreens.com
"Brandon","Mad Greens - Eat Better ",contact@rpxcorp.com
"Andy","Rpx Corporation ",info@moes.com
"Abe","Moe'S Southwest Grill ",info@eathere.com
"Mike","Monaco Washington Dc, A Kimpton Hotel ",contact@bunn.com
"Brandon","Phoenix Hospitality Group ",info@mgpingredients.com
"Chaitan","Suncast Corporation ",info@riveronconsulting.com
"Kirk","One Concierge ",operations@alamocement.com
"Kirk","One Concierge ",Kirk@alamocement.com
"Brian","Beyond Meat ",info@bmmlogistics.com
"Werner","Transit Valley Country Club ",sales@hashicorp.com
"Werner","Transit Valley Country Club ",Werner@hashicorp.com
"JP","Wonton Food  ",info@equatorcoffees.com
"Joy","Equator Coffees & Teas ",info@cpsrecruiter.com
"Jeremy","Imperfect Produce ",operations@bevi.co
"Jeremy","Imperfect Produce ",Jeremy@bevi.co
"Mark","Mizkan Group, R&B Foods And Mizkan Americas ",info@getconga.com
"Dane","Clover Food Lab ",contact@nothingbundtcakes.com
"Dane","Clover Food Lab ",Dane.Douthit@nothingbundtcakes.com
"Jonathan","Daily Harvest ",info@chbriggs.com
"John","Host Hotels & Resorts ",info@marcusinvestments.com
"Lauren ","Schlotzsky's ",info@ccbss.com
"Augusto","Aui Fine Foods ",info@auifinefoods.com
"George","Twinlab Consolidation Corporation ",info@vosgeschocolate.com
"Jeff","Alpine Restaurant Group ",info@shiftgig.com
"Jeff","Alpine Restaurant Group ",Jeff.Vandeveer@shiftgig.com
"Rodney","Asher'S Chocolates ",info@strategicequipment.com
"Spencer","Togo'S Eateries ",operations@owletcare.com
"Spencer","Togo'S Eateries ",STaylor@owletcare.com
"Brian","Owlet Baby Care ",info@goodfoods.com
"Jenna","Good Foods Group ",info@nextech.com
"Dean","Nextech Systems ",info@nitta-gelatin.com
"Flor","Galliker Dairy Co ",info@blazepizza.com
"Gale","Blaze Pizza ",info@singerlewak.com
"Kevin","Hme ",info@airpush.com
"Kevin","Hme ",Kevin@airpush.com
"Ryan","Airpush,  ",info@generalatlantic.com
"Ryan","Airpush,  ",RNeubauer@generalatlantic.com
"Otto","General Atlantic ",info@afesco.com
"Christopher","Wixon ",info@redjacketresorts.com
"Rodd","Key Events ",info@cendyn.com
"Mike","Peachdish ",MSnyder@newks.com
"TJ","Twist Bioscience ",info@ccbss.com
"Reena","Coca Cola Bottlers ",info@durachem.com
"Vijay","Glencoe Management ",info@goelinsights.com
"Joe","Goel Insights ",info@beckflavors.net
"Brett","Typsy ",info@poloclub.net
"Howard","Great Wraps ",info@rmhfranchise.com
"Karen","Caliburger ",info@carnegietechnologies.com
"Lisa","Carnegie Technologies ",info@motivaction.com
"Joe","Rusty'S Pizza Parlor  ",contactus@wqscc.com
"Denis","Town Of Stratford, Ct ",Denis.Bouchard@wendys.com
"Anita","Before Brands ",team@transifex.com
"Anita","Before Brands ",Anita@transifex.com
"Dominic","Imperfect Produce ",info@prospect33.com
"Dominic","Imperfect Produce ",Dominic@prospect33.com
"Shannon","Adaptive Insights ",info@tomsurban.com
"Jeff","R&M Consulting ",info@shiftgig.com
"Jeff","R&M Consulting ",Jeff.Vandeveer@shiftgig.com
"Beth","Mighty Swell ",info@gothamgreens.com
"Chad","Gotham Greens ",info@oakhillcc.com
"Greg","Mirabel Golf Club ",info@sunevamedical.com
"Paolo","Dairy Queen ",info@madeinnature.com
"Olivier","Madhava Natural Sweeteners ",info@sasademarle.com
"Brian","San Antonio Steel Company ",info@goodfoods.com
"Steve","Green Courte Partners ",info@steviescatering.com
"Amy","Stevie'S Aviation Catering ",info@rivian.com
"Jim","Ronnoco Coffee ",info@hme.com
"Jim","Ronnoco Coffee ",JGordon@hme.com
"Jay","Hme ",info@virginhotels.com
"Scott","Virgin Hotels ",info@aafcpa.com
"Scott","Virgin Hotels ",SPosnick@aafcpa.com
"Eric","Aafcpas ",info@wichcraft.com
"Marie","Lenny'S Sub Shop ",team@generationbio.com
"Piper","Generation Bio ",info@kohanacoffee.com
"Yoseph","Willy'S Mexicana Grill ",info@eatpre.com
"Kory","Computype ",info@craftmarkbakery.com
"Jennifer","Host Hotels & Resorts ",team@littlepassports.com
"Jennifer","Host Hotels & Resorts ",Jennifer@littlepassports.com
"Christopher","Little Passports ",info@redjacketresorts.com
"Amy","Tin Drum Asiacafe ",info@theedgewater.com
"Isabel","Zpizza International ",sales@sandiego.org
"Isabel","Zpizza International ",ISauerbrey@sandiego.org
"Rick","Clinicomp, Intl. ",staff@fosscare.org
"Rick","Clinicomp, Intl. ",RHenry@fosscare.org
"Mark","Foss Home And Village ",info@gingerpeople.com
"Michael","Mindtouch ",info@steakescape.com
"Jack","D'Artagnan ",info@sleepyhollowcc.org
"Joel","East Coast Wings + Grill ",operations@midamcorp.com
"Joel","East Coast Wings + Grill ",Joel.Neikirk@midamcorp.com
"Mark","Wings Etc. ",info@espresso.events
"Peter","Papa Ginos  ",sales@smashmallow.com
"Doug","Triumvir Financial ",DBrooks@nexushospitality.com
"Juan","Nexus Hospitality ",info@fiveguys.com
"Joe","Navy Pier ",info@beckflavors.net
"Monroe","Yumearth ",team@reloquest.com
"Monroe","Yumearth ",MKarp@reloquest.com
"Dan","Reloquest ",info@guenergy.com
"Ron","Gu Energy Labs ",info@kahalabrands.com
"Jeffrey","Kahala Brands ",operations@gallerycarts.com
"Joel","Wegotsoccer ",info@organicvalley.coop
"Joel","Wegotsoccer ",Joel.Mellor@organicvalley.coop
"Mike","Prospect 33 ",info@limefreshmexicangrill.com
"Claudia","Tokyo Joe'S ",info@onceuponafarmorganics.com
"Bill","Perfect Bar ",info@nexenta.com
"David","Nexenta Systems ",info@foodbuy.com
"Clarissa","Taziki'S Mediterranean Cafe ",info@rockfish.com
"Tom","Rockfish Seafood Grill ",info@alhworld.com
"Philippa","Sanctuary Camelback Mountain ",info@jetsetsports.com
"Steve","Jet Set Sports ",info@steviescatering.com
"Jennifer","Stevie'S Aviation Catering ",info@onyxcentersource.com
"Charlie","Onyx Centersource ",info@moes.com
"Clinton","Earl Of Sandwich ",info@hostway.com
"Andrew","Hostway Services,  ",info@enginfotech.com
"Scott","Dunn'S River Brands ",info@airxpanders.com
"Mario","Dairy Queen ",info@urbanecafe.com
"Phil","Urbane Cafe ",info@simplemills.com
"Chris","Simple Mills ",info@floridafood.com
"Gary","Rockview Farms ",info@magnoliabakery.com
"Renee ","Magnolia Bakery ",info@solutiontree.com
"Mike","Shaka Bowl ",Mike@bonedaddys.com
"William","Southern Hills Country Club ",sales@factory-llc.com
"Keith","Naumann Hobbs Material Handling ",info@dsfcpa.com
"Brendan","Scheid Family Wines ",info@biolase.com
"Jamal","Pizzafire ",info@fatbrands.com
"Alejandro","Frick'S Quality Meats ",info@oasiscollections.com
"Ed","Ainsworth Pet Nutrition ",info@singerlewak.com
"Stephen","Singerlewak  ",info@mgpingredients.com
"Sarah","Wahlburgers ",team@hillpartners.com
"Sarah","Wahlburgers ",SMcGill@hillpartners.com
"James","La Colombe Coffee Roasters ",sales@cloverlanddairy.com
"James","La Colombe Coffee Roasters ",JCella@cloverlanddairy.com
"Paul","Midamerica Hotels Corporation ",info@nksdistributors.com
"Marco","N.K.S. Distributor'S  ",info@novelloboca.com
"Marco","N.K.S. Distributor'S  ",Marco@novelloboca.com
"David","Novello Restaurant & Bar ",info@clubgetaway.com
"Mark","Melia Hotels International ",info@eatnoon.com
"Kevin","Bellagreen ",Kevin@geckohospitality.com
"Jeffrey","Kar'S Nuts ",operations@gallerycarts.com
"Paul","Gallery: Carts.Kiosks.Portables. ",info@woodlandfoods.com
"Marjorie","Runa ",info@runa.org
"Gregg","Arcop ",contactus@bluemoonpizza.com
"Gregg","Arcop ",GMcDermott@bluemoonpizza.com
"Tara","Lime Fresh Mexican Grill ",team@digiday.com
"Tara","Lime Fresh Mexican Grill ",Tara@digiday.com
"Julie","Rakuten Super Logistics ",info@gallellire.com
"Michel","Clustertruck ",info@virginhotels.com
"Brad","Taco John'S International ",info@flavorproducers.com
"Andrew","Kriya Hotels ",info@enginfotech.com
"Cheryl","Zax, (Zaxbys) ",contact@serendipitylabs.com
"Phillip","Serendipity Labs ",info@necco.com
"Phil","Apheleia Restaurant Group ",info@simplemills.com
"Stephanie","Simple Mills ",info@whg.com
"Stacy","Westmont Hospitality Group ",operations@3eyetech.com
"Adam","Southern Hills Country Club ",info@fabtex.com
"Leo","Black Rifle Coffee Company ",operations@sppirx.com
"Len","Spectrum Pharmaceuticals ",operations@sppirx.com
"Jan","Fisher Island Club ",gm@entertainmentbenefits.com
"Jan","Fisher Island Club ",JWigington@entertainmentbenefits.com
"Houston","Your Pie Franchising ",info@susiecakes.com
"Russell","Isi North America,  ",info@gaffney-kroese.com
"Norma","Lonely Planet ",info@patriceandassociates.com
"Norma","Lonely Planet ",NTyree@patriceandassociates.com
"Jessica","Rita'S Italian Ice ",info@avedro.com
"Missy","K&F Coffee Roasters ",info@meridinet.com
"Mason","Tuft & Needle ",info@7gdistributing.com
"Jason","7G Distributing ",info@gogosqueez.com
"Gregg","Califia Farms ",operations@bendhsa.com
"Chris","Custom Processing Services ",info@rljlodgingtrust.com
"Chris","Custom Processing Services ",CGormsen@rljlodgingtrust.com
"Karen","Rlj Lodging Trust ",info@aeriepharma.com
"Jason","Bonchon Franchise  ",info@ljsilvers.com
"Tony","Cloverland / Greenspring Dairy ",info@templetonsolutions.com
"Kristena","Templeton Solutions ",info@rawjuce.com
"Tom","Reliv International ",manager@haralambos.com
"Jim","Pine Hill Group ",info@marburylaw.com
"John","Delfina Restaurant Group ",info@burgerfi.com
"Eric","Hospitalitymatches.Com ",operations@skytap.com
"Eric","Hospitalitymatches.Com ",EAnderson@skytap.com
"Shlomit","Skytap ",manager@pandologic.com
"Jill","Pieology ",info@barflyventures.com
"Scott","Barfly Ventures ",info@gattispizza.com
"Guillermo","Aquahydrate,  ",info@parccorniche.com
"Guillermo","Aquahydrate,  ",GFlorido@parccorniche.com
"Alan","Sarku Japan ",info@sonomabrands.com
"Scott","Alto-Shaam ",info@funcoffeeco.com
"Scott","Alto-Shaam ",Scott@funcoffeeco.com
"Sherry","Fierce ",info@specformliners.com
"Herve","Rlj Lodging Trust ",info@beverlyhillscc.com
"Manuel","Beverly Hills Country Club ",contact@labelmaster.com
"Manuel","Beverly Hills Country Club ",MFuentes@labelmaster.com
"Richard","Fred Usinger ",info@napleshotelgroup.com
"Ken","Vmg Health ",info@whg.com
"Amish","Halon Tax ",info@thisbarsaveslives.com
"Jennifer","Baltimore Country Club ",info@mcneillhotels.com
"Andrew","Sakara Life ",contact@cardlytics.com
"Tracy Shannon","Cardlytics ",info@parkertaxpublishing.com
"Mark","Quality Frozen Foods  ",info@fullsailbrewing.com
"Josh","Doximity ",JThomas@greenislandcc.org
"Shiri","Green Island Country Club ",info@thistle.co
"Jason","Quantum Storage Systems ",info@gogosqueez.com
"Joel","Materne North America - Gogo Squeez ",info@mymomochi.com
"Jayne","Tropical Foods ",sales@visitdenver.com
"Jayne","Tropical Foods ",JBuck@visitdenver.com
"James","Visit Denver, The Convention & Visitors Bureau ",info@mountainridgecc.org
"Mike","Deen Meat And Cooked Foods ",operations@secondcity.com
"Mike","Deen Meat And Cooked Foods ",MConway@secondcity.com
"Mandy","Base Crm ",manager@cityofaspen.com
"Kelly","Cascade Coffee ",info@lasvegaspaving.com
