[]
['info@benjaminfoods.com']
[]
[]
['team@dirtylemon.com', 'Adam@dirtylemon.com']
[]
[]
[]
[]
[]
['info@onyxcentersource.com']
[]
[]
[]
[]
[]
[]
[]
[]
[]
[]
[]
[]
[]
['sales@buddig.com']
[]
[]
[]
[]
[]
[]
[]
[]
[]
['info@drinkcoffee.com', 'John.Duffy@drinkcoffee.com']
[]
[]
[]
[]
[]
[]
[]
[]
['staff@cloverfoodlab.com', 'GDonoghue@cloverfoodlab.com']
[]
[]
[]
[]
['info@baresnacks.com']
[]
[]
[]
[]
[]
[]
[]
[]
[]
['info@bergankdv.com']
[]
[]
[]
['info@fijiwater.com', 'Julie.Silver@fijiwater.com']
[]
[]
[]
[]
['sales@nassaucandy.com']
[]
[]
[]
[]
[]
[]
[]
['info@traveltripper.com']
[]
[]
[]
['info@airpush.com', 'Kevin@airpush.com']
[]
[]
[]
[]
[]
['info@ehs.com']
[]
[]
[]
[]
[]
[]
[]
[]
[]
[]
['operations@evolutionhospitality.com']
[]
[]
[]
[]
[]
[]
[]
[]
[]
['info@eathere.com']
[]
[]
[]
[]
['info@terrapinbeer.com']
[]
[]
[]
[]
[]
['info@fijiwater.com', 'Julie.Silver@fijiwater.com']
[]
[]
[]
[]
[]
[]
[]
[]
['sales@hashicorp.com', 'Werner@hashicorp.com']
[]
[]
[]
[]
[]
[]
[]
[]
[]
[]
[]
[]
[]
[]
['info@chbriggs.com']
[]
[]
[]
[]
[]
[]
[]
[]
[]
[]
[]
['info@shiftgig.com', 'Jeff.Vandeveer@shiftgig.com']
[]
[]
[]
[]
[]
[]
['operations@owletcare.com', 'STaylor@owletcare.com']
[]
[]
[]
['info@singerlewak.com']
[]
[]
[]
[]
[]
[]
[]
['info@capersdmc.com', 'Robert@capersdmc.com']
[]
[]
[]
[]
[]
[]
[]
[]
[]
[]
[]
[]
['info@durachem.com']
[]
[]
[]
[]
[]
[]
[]
[]
[]
[]
[]
[]
[]
[]
[]
[]
[]
[]
[]
[]
[]
[]
[]
[]
[]
[]
[]
[]
[]
['info@tomsurban.com']
[]
[]
[]
[]
[]
[]
[]
['info@oakhillcc.com']
[]
[]
[]
[]
[]
[]
['info@rivian.com']
[]
[]
[]
[]
[]
[]
[]
['info@virginhotels.com']
[]
[]
[]
[]
[]
[]
[]
['info@redjacketresorts.com']
[]
[]
[]
[]
[]
[]
[]
[]
[]
[]
[]
[]
[]
[]
[]
[]
['info@steakescape.com']
[]
[]
[]
[]
[]
[]
[]
[]
[]
[]
[]
[]
[]
[]
[]
[]
['info@fiveguys.com']
[]
[]
[]
[]
[]
[]
[]
[]
[]
[]
[]
[]
[]
[]
[]
[]
[]
['office@tokyojoes.com', 'Erin@tokyojoes.com']
[]
[]
[]
[]
[]
[]
[]
[]
[]
[]
[]
[]
[]
[]
[]
[]
[]
[]
[]
[]
[]
[]
[]
[]
[]
[]
[]
[]
['info@urbanecafe.com']
[]
[]
[]
[]
[]
[]
[]
[]
[]
[]
[]
[]
[]
[]
[]
['info@dsfcpa.com']
[]
[]
[]
[]
[]
[]
[]
[]
[]
['info@fatbrands.com']
[]
[]
[]
[]
[]
['info@moes.com']
[]
[]
[]
[]
[]
[]
[]
[]
[]
[]
[]
[]
[]
[]
[]
[]
[]
['info@novelloboca.com', 'Marco@novelloboca.com']
[]
[]
[]
[]
[]
[]
[]
[]
[]
[]
[]
[]
[]
[]
[]
[]
[]
[]
[]
['contact@serendipitylabs.com']
[]
[]
[]
[]
[]
[]
[]
['info@whg.com']
[]
[]
[]
[]
['info@3eyetech.com']
[]
[]
[]
[]
[]
[]
['info@susiecakes.com']
[]
[]
[]
[]
[]
[]
[]
[]
[]
[]
[]
['info@fabtex.com']
[]
[]
[]
[]
[]
[]
[]
[]
['info@avedro.com']
[]
[]
[]
[]
[]
['info@templetonsolutions.com']
[]
[]
[]
[]
[]
[]
[]
[]
[]
[]
[]
[]
[]
[]
[]
[]
[]
[]
['info@sonomabrands.com']
[]
[]
[]
[]
[]
[]
[]
[]
['info@rljlodgingtrust.com', 'CGormsen@rljlodgingtrust.com']
[]
[]
[]
[]
[]
[]
[]
[]
[]
['contact@labelmaster.com', 'MFuentes@labelmaster.com']
[]
[]
[]
[]
[]
[]
[]
[]
[]
[]
[]
[]
[]
[]
[]
[]
[]
[]
[]
[]
[]
[]
['info@quantumstorage.com']
[]
[]
[]
[]
[]
[]
[]
[]
[]
[]
[]
[]
[]
[]
[]
[]
[]
[]
[]
[]
[]
[]
[]
[]
[]
[]
['manager@cityofaspen.com']
[]
[]
[]
[]
[]
