 Restaurant data: {"website": "http://thebreakfastclub.nl", "phone": "+31 640 992495", "valid_emails": [], "name": "The Breakfast Club", "address": "Haarlemmerplein 31 1013 HR Amsterdam The Netherlands Haarlemmerbuurt, Centrum"}
 Restaurant data: {"website": "http://toastable.nl/", "phone": "+31 20 7893905", "valid_emails": [], "name": "Toastable", "address": "Nieuwendijk 6 1012 MK Amsterdam The Netherlands Centrum"}
 Restaurant data: {"website": "http://www.kantjil.nl", "phone": "+31 20 6203074", "valid_emails": [], "name": "Kantjil", "address": "Nieuwezijds Voorburgwal 342 1012 VA Amsterdam The Netherlands Centrum"}
 Restaurant data: {"website": "http://www.aliocakbasi.nl", "phone": "+31 20 2334588", "valid_emails": [], "name": "Ali Ocakba\u015f\u0131", "address": "Herengracht 558 1017 CG Amsterdam The Netherlands Centrum"}
 Restaurant data: {"website": "http://www.cafeoosterling.nl/", "phone": "+31 20 6234140", "valid_emails": [], "name": "Caf\u00e9 Slijterij Oosterling", "address": "Utrechtsestraat 140 1017 VT Amsterdam The Netherlands Centrum"}
 Restaurant data: {"website": "http://www.burgermeester.eu", "phone": "", "valid_emails": [], "name": "Burgermeester", "address": "Utrechtsestraat 8 1017 VN Amsterdam The Netherlands Centrum"}
 Restaurant data: {"website": "http://www.eatwelldogood.nl", "phone": "+31 20 3702723", "valid_emails": [], "name": "Dignita Hoftuin", "address": "Nieuwe Herengracht 18a 1018 DP Amsterdam The Netherlands Plantagebuurt, Centrum"}
 Restaurant data: {"website": "http://www.terangboelan.nl", "phone": "+31 20 6209974", "valid_emails": [], "name": "Terang Boelan Afhaalcentrum", "address": "Tweede Lindendwarsstraat 3 1015 LH Amsterdam The Netherlands Jordaan, Centrum"}
 Restaurant data: {"website": "http://www.lottis.com", "phone": "+31 20 8885500", "valid_emails": [], "name": "Lotti\u2019s", "address": "Herengracht 255 1016 BJ Amsterdam The Netherlands Centrum"}
 Restaurant data: {"website": "http://www.libertinecafe.amsterdam", "phone": "+31 20 2149660", "valid_emails": [], "name": "Libertine", "address": "Wolvenstraat 22 1016 EP Amsterdam The Netherlands Negen Straatjes, Centrum"}
 Restaurant data: {"website": "http://www.vasso.nl/", "phone": "+31 20 6260158", "valid_emails": [], "name": "Italiaans Restaurant Vasso", "address": "Rozenboomsteeg 10-14 Spui 1012 PR Amsterdam The Netherlands Centrum"}
 Restaurant data: {"website": "http://www.prinsheerlijk.amsterdam", "phone": "+31 20 6249375", "valid_emails": [], "name": "Prins Heerlijk", "address": "Prins Hendrikkade 57 1012 AC Amsterdam The Netherlands Centrum, De Wallen"}
 Restaurant data: {"website": "http://www.debakkerswinkel.nl/amsterdam-centrum", "phone": "+31 20 4898000", "valid_emails": [], "name": "De Bakkerswinkel", "address": "Warmoesstraat 69 1012 HX Amsterdam The Netherlands De Wallen, Centrum"}
 Restaurant data: {"website": "http://ghkitchen.nl", "phone": "+31 20 7232269", "valid_emails": [], "name": "Green House Kitchen", "address": "Haarlemmerstraat 62 1013 ET Amsterdam The Netherlands Haarlemmerbuurt, Centrum"}
 Restaurant data: {"website": "http://www.pllek.nl", "phone": "+31 20 2900020", "valid_emails": [], "name": "Pllek", "address": "Tt. Neveritaweg 59 1033 WB Amsterdam The Netherlands Noord"}
 Restaurant data: {"website": "http://www.meat-and-greek.com", "phone": "+31 620 295328", "valid_emails": [], "name": "Meat & Greek", "address": "Utrechtsetraat 113 1017 Amsterdam The Netherlands Centrum"}
 Restaurant data: {"website": "http://www.mondomediterraneo.nl", "phone": "+31 20 4212025", "valid_emails": [], "name": "Mondo Mediterraneo", "address": "Czaar Peterstraat 174 1018 PX Amsterdam The Netherlands Centrum"}
 Restaurant data: {"website": "http://www.restaurantblauw.nl/", "phone": "+31 20 6755000", "valid_emails": [], "name": "Blauw", "address": "Amstelveenseweg 158-160 1075 XN Amsterdam The Netherlands Zuid"}
 Restaurant data: {"website": "http://www.cafedeklepel.nl", "phone": "+31 20 6238244", "valid_emails": [], "name": "Caf\u00e9 De Klepel", "address": "Prinsenstraat 22-III 1015 DD Amsterdam The Netherlands Centrum"}
 Restaurant data: {"website": "http://www.termarschco.nl", "phone": "", "valid_emails": [], "name": "Ter Marsch & Co", "address": "Vijzelstraat 4 1017 CK Amsterdam The Netherlands Centrum"}
 Restaurant data: {"website": "http://www.restaurantmiu.nl", "phone": "+31 20 4208080", "valid_emails": [], "name": "MIU", "address": "Nieuwezijds Voorburgwal 161 Amsterdam 1012 RK Amsterdam The Netherlands Centrum"}
 Restaurant data: {"website": "", "phone": "+31 20 6263388", "valid_emails": [], "name": "Dutch Four", "address": "Zoutsteeg 6 1012 LX Amsterdam The Netherlands Centrum"}
 Restaurant data: {"website": "http://www.greenwoods.eu", "phone": "+31 20 4204330", "valid_emails": [], "name": "Greenwoods Keizersgracht", "address": "Keizersgracht 465 1017 DK Amsterdam The Netherlands Centrum"}
 Restaurant data: {"website": "", "phone": "+31 20 4279645", "valid_emails": [], "name": "Little Thai Prince", "address": "Zeedijk 33 1012 AR Amsterdam The Netherlands Centrum, De Wallen"}
 Restaurant data: {"website": "http://www.causebeerlovesfood.nl", "phone": "+31 20 2237562", "valid_emails": [], "name": "Cause Beer Loves Food", "address": "Lange Leidsedwarsstraat 4 1017 NL Amsterdam The Netherlands Centrum"}
 Restaurant data: {"website": "", "phone": "", "valid_emails": [], "name": "Caf\u00e9 Gollem", "address": "Amstelstraat 34 1017 DA Amsterdam The Netherlands Centrum"}
 Restaurant data: {"website": "http://www.sherparestaurant.nl", "phone": "+31 20 2230562", "valid_emails": [], "name": "Sherpa", "address": "Korte Leidsedwarsstraat 58 1017 RD Amsterdam The Netherlands Centrum"}
 Restaurant data: {"website": "http://calfandbloom.nl", "phone": "+31 20 4228890", "valid_emails": [], "name": "Calf & Bloom", "address": "Singel 461 1012 WP Amsterdam The Netherlands Centrum"}
 Restaurant data: {"website": "", "phone": "+31 20 6715500", "valid_emails": [], "name": "Traiterie Chef", "address": "Raamsteeg 5 1012 VZ Amsterdam The Netherlands Centrum"}
 Restaurant data: {"website": "http://www.cafewaterloo.nl", "phone": "+31 20 6249831", "valid_emails": [], "name": "Lunchcaf\u00e9 Waterloo", "address": "Waterlooplein 181 1011 PG Amsterdam The Netherlands Centrum"}
 Restaurant data: {"website": "", "phone": "+31 20 6206970", "valid_emails": [], "name": "Caf\u00e9 Stevens", "address": "Geldersekade 123 1011 EN Amsterdam The Netherlands Centrum"}
 Restaurant data: {"website": "http://www.kathmandukitchen.nl", "phone": "+31 20 3703962", "valid_emails": [], "name": "Kathmandu Kitchen", "address": "Elandsgracht 36 H 1016 TW Amsterdam The Netherlands Jordaan, Centrum"}
 Restaurant data: {"website": "", "phone": "+31 20 3378498", "valid_emails": [], "name": "Tropico", "address": "Nieuwezijds Voorburgwal 171 1012 RK Amsterdam The Netherlands Centrum"}
 Restaurant data: {"website": "http://www.afghan-kitchen.com", "phone": "(385) 229-4155", "valid_emails": [], "name": "Afghan Kitchen", "address": "3142 Main St Salt Lake City, UT 84115 City of South Salt Lake"}
 Restaurant data: {"website": "http://cheddawasted.com/", "phone": "(801) 906-8779", "valid_emails": [], "name": "Chedda Burger", "address": "26 E 600th S Salt Lake City, UT 84104 Downtown, Peoples Freeway"}
 Restaurant data: {"website": "http://www.somislc.com", "phone": "(385) 322-1158", "valid_emails": [], "name": "SOMI Vietnamese Bistro", "address": "1215 E Wilmington Ave Salt Lake City, UT 84106 Sugar House"}
 Restaurant data: {"website": "", "phone": "(801) 972-2336", "valid_emails": [], "name": "Hook & Ladder Co Fire Station No 13", "address": "1313 California Ave Salt Lake City, UT 84104 Glendale"}
 Restaurant data: {"website": "http://www.bambara-slc.com/?utm_source=yelp.com&utm_medium=business+listing&utm_campaign=profile+url", "phone": "(801) 363-5454", "valid_emails": [], "name": "Bambara Salt Lake City", "address": "Located in Kimpton Hotel Monaco Salt Lake City 202 S Main St Salt Lake City, UT 84101 Downtown"}
 Restaurant data: {"website": "http://www.zestslc.com/", "phone": "(801) 433-0589", "valid_emails": [], "name": "Zest Kitchen & Bar", "address": "275 S 200 W Salt Lake City, UT 84101 Downtown"}
 Restaurant data: {"website": "http://www.toshsramen.com", "phone": "(801) 466-7000", "valid_emails": [], "name": "Tosh\u2019s Ramen", "address": "1465 S State St Salt Lake City, UT 84115 Liberty Wells"}
 Restaurant data: {"website": "", "phone": "(801) 532-2689", "valid_emails": [], "name": "The Official That Sandwich Shop", "address": "55 N Redwood Rd Salt Lake City, UT 84116 Poplar Grove"}
 Restaurant data: {"website": "https://www.whitehorseslc.com", "phone": "(801) 363-0137", "valid_emails": [], "name": "White Horse", "address": "325 S Main St Salt Lake City, UT 84111 Downtown"}
 Restaurant data: {"website": "http://twistslc.com/", "phone": "(801) 322-3200", "valid_emails": [], "name": "Twist", "address": "32 Exchange Pl Salt Lake City, UT 84111 Downtown"}
 Restaurant data: {"website": "http://www.afghan-kitchen.com", "phone": "(385) 229-4155", "valid_emails": [], "name": "Afghan Kitchen", "address": "3142 Main St Salt Lake City, UT 84115 City of South Salt Lake"}
 Restaurant data: {"website": "http://cheddawasted.com/", "phone": "(801) 906-8779", "valid_emails": [], "name": "Chedda Burger", "address": "26 E 600th S Salt Lake City, UT 84104 Downtown, Peoples Freeway"}
 Restaurant data: {"website": "http://www.somislc.com", "phone": "(385) 322-1158", "valid_emails": [], "name": "SOMI Vietnamese Bistro", "address": "1215 E Wilmington Ave Salt Lake City, UT 84106 Sugar House"}
 Restaurant data: {"website": "", "phone": "(801) 972-2336", "valid_emails": [], "name": "Hook & Ladder Co Fire Station No 13", "address": "1313 California Ave Salt Lake City, UT 84104 Glendale"}
 Restaurant data: {"website": "http://www.bambara-slc.com/?utm_source=yelp.com&utm_medium=business+listing&utm_campaign=profile+url", "phone": "(801) 363-5454", "valid_emails": [], "name": "Bambara Salt Lake City", "address": "Located in Kimpton Hotel Monaco Salt Lake City 202 S Main St Salt Lake City, UT 84101 Downtown"}
 Restaurant data: {"website": "http://www.afghan-kitchen.com", "phone": "(385) 229-4155", "valid_emails": [], "name": "Afghan Kitchen", "address": "3142 Main St Salt Lake City, UT 84115 City of South Salt Lake"}
 Restaurant data: {"website": "http://cheddawasted.com/", "phone": "(801) 906-8779", "valid_emails": [], "name": "Chedda Burger", "address": "26 E 600th S Salt Lake City, UT 84104 Downtown, Peoples Freeway"}
 Restaurant data: {"website": "http://www.somislc.com", "phone": "(385) 322-1158", "valid_emails": [], "name": "SOMI Vietnamese Bistro", "address": "1215 E Wilmington Ave Salt Lake City, UT 84106 Sugar House"}
 Restaurant data: {"website": "", "phone": "(801) 972-2336", "valid_emails": [], "name": "Hook & Ladder Co Fire Station No 13", "address": "1313 California Ave Salt Lake City, UT 84104 Glendale"}
 Restaurant data: {"website": "http://www.bambara-slc.com/?utm_source=yelp.com&utm_medium=business+listing&utm_campaign=profile+url", "phone": "(801) 363-5454", "valid_emails": [], "name": "Bambara Salt Lake City", "address": "Located in Kimpton Hotel Monaco Salt Lake City 202 S Main St Salt Lake City, UT 84101 Downtown"}
 Restaurant data: {"website": "http://www.zestslc.com/", "phone": "(801) 433-0589", "valid_emails": [], "name": "Zest Kitchen & Bar", "address": "275 S 200 W Salt Lake City, UT 84101 Downtown"}
 Restaurant data: {"website": "http://www.afghan-kitchen.com", "phone": "(385) 229-4155", "valid_emails": [], "name": "Afghan Kitchen", "address": "3142 Main St Salt Lake City, UT 84115 City of South Salt Lake"}
 Restaurant data: {"website": "http://cheddawasted.com/", "phone": "(801) 906-8779", "valid_emails": [], "name": "Chedda Burger", "address": "26 E 600th S Salt Lake City, UT 84104 Downtown, Peoples Freeway"}
 Restaurant data: {"website": "http://www.somislc.com", "phone": "(385) 322-1158", "valid_emails": [], "name": "SOMI Vietnamese Bistro", "address": "1215 E Wilmington Ave Salt Lake City, UT 84106 Sugar House"}
 Restaurant data: {"website": "", "phone": "(801) 972-2336", "valid_emails": [], "name": "Hook & Ladder Co Fire Station No 13", "address": "1313 California Ave Salt Lake City, UT 84104 Glendale"}
 Restaurant data: {"website": "http://www.bambara-slc.com/?utm_source=yelp.com&utm_medium=business+listing&utm_campaign=profile+url", "phone": "(801) 363-5454", "valid_emails": [], "name": "Bambara Salt Lake City", "address": "Located in Kimpton Hotel Monaco Salt Lake City 202 S Main St Salt Lake City, UT 84101 Downtown"}
 Restaurant data: {"website": "http://www.zestslc.com/", "phone": "(801) 433-0589", "valid_emails": ["manager@zestslc.com"], "name": "Zest Kitchen & Bar", "address": "275 S 200 W Salt Lake City, UT 84101 Downtown"}
 Restaurant data: {"website": "http://www.toshsramen.com", "phone": "(801) 466-7000", "valid_emails": [], "name": "Tosh\u2019s Ramen", "address": "1465 S State St Salt Lake City, UT 84115 Liberty Wells"}
 Restaurant data: {"website": "", "phone": "(801) 532-2689", "valid_emails": [], "name": "The Official That Sandwich Shop", "address": "55 N Redwood Rd Salt Lake City, UT 84116 Poplar Grove"}
 Restaurant data: {"website": "https://www.whitehorseslc.com", "phone": "(801) 363-0137", "valid_emails": ["info@whitehorseslc.com"], "name": "White Horse", "address": "325 S Main St Salt Lake City, UT 84111 Downtown"}
 Restaurant data: {"website": "http://twistslc.com/", "phone": "(801) 322-3200", "valid_emails": ["info@twistslc.com", "contact@twistslc.com"], "name": "Twist", "address": "32 Exchange Pl Salt Lake City, UT 84111 Downtown"}
 Restaurant data: {"website": "http://thetinangel.com/", "phone": "(801) 328-4155", "valid_emails": [], "name": "Tin Angel Cafe", "address": "365 W 400th S Salt Lake City, UT 84101 Downtown"}
 Restaurant data: {"website": "", "phone": "", "valid_emails": [], "name": "Post Office Place", "address": "16 W Market St Salt Lake City, UT 84101 Downtown"}
 Restaurant data: {"website": "http://www.utahbayou.com/", "phone": "(801) 961-8400", "valid_emails": ["sales@utahbayou.com"], "name": "The Bayou", "address": "645 S State St Salt Lake City, UT 84111 Downtown, Central City"}
 Restaurant data: {"website": "", "phone": "(801) 519-9000", "valid_emails": [], "name": "The Garden Grille and Bar", "address": "4985 Wiley Post Way Salt Lake City, UT 84116 Jordan Meadows"}
 Restaurant data: {"website": "http://www.zillasrestaurantandlounge.com", "phone": "(801) 419-0622", "valid_emails": ["info@zillasrestaurantandlounge.com"], "name": "Zillas", "address": "2080 W North Temple Salt Lake City, UT 84116 Jordan Meadows"}
 Restaurant data: {"website": "http://valtersosteria.com", "phone": "(801) 521-4563", "valid_emails": ["info@valtersosteria.com"], "name": "Valter\u2019s Osteria", "address": "173 W Broadway Salt Lake City, UT 84101 Downtown"}
 Restaurant data: {"website": "http://www.spitzslc.com", "phone": "(801) 364-0286", "valid_emails": [], "name": "Spitz SLC", "address": "35 E Broadway Salt Lake City, UT 84111 Downtown"}
 Restaurant data: {"website": "http://theparkcafeslc.com/", "phone": "(801) 487-1670", "valid_emails": [], "name": "The Park Caf\u00e9", "address": "604 E 1300th S Salt Lake City, UT 84105 Liberty Wells"}
 Restaurant data: {"website": "http://www.manolison9th.com", "phone": "(801) 532-3760", "valid_emails": [], "name": "Manoli\u2019s", "address": "402 E Harvey Milk Blvd Unit 2 Salt Lake City, UT 84111"}
 Restaurant data: {"website": "http://robinsnestslc.com/", "phone": "(801) 466-6378", "valid_emails": ["info@robinsnestslc.com"], "name": "The Robin\u2019s Nest", "address": "311 S Main St Salt Lake City, UT 84111 Downtown"}
 Restaurant data: {"website": "https://www.brugeswaffles.com/locations/downtown/", "phone": "(801) 363-4444", "valid_emails": ["info@brugeswaffles.com"], "name": "Bruges Waffles & Frites", "address": "336 W 300th S Salt Lake City, UT 84101 Downtown"}
 Restaurant data: {"website": "http://www.ohmaisandwichkitchen.com", "phone": "(801) 467-6882", "valid_emails": [], "name": "Oh Mai Sandwich Kitchen South Salt Lake", "address": "3425 S State St Salt Lake City, UT 84115 City of South Salt Lake"}
 Restaurant data: {"website": "http://chungasslc.com", "phone": "(801) 953-1840", "valid_emails": ["manager@chungasslc.com"], "name": "Chungas", "address": "180 S 900th W Salt Lake City, UT 84104 Poplar Grove"}
 Restaurant data: {"website": "http://www.toscanaslc.com", "phone": "(801) 328-3463", "valid_emails": ["info@toscanaslc.com"], "name": "Cucina Toscana", "address": "282 S 300th W Salt Lake City, UT 84101 Downtown"}
 Restaurant data: {"website": "http://www.caffeniche.com/", "phone": "(801) 433-3380", "valid_emails": ["info@caffeniche.com"], "name": "Cafe Niche", "address": "779 E 300th S Salt Lake City, UT 84102 East Central"}
 Restaurant data: {"website": "", "phone": "", "valid_emails": [], "name": "Kungfu Hotpot", "address": "1465 State St Salt Lake City, UT 84115 Liberty Wells"}
 Restaurant data: {"website": "http://londonbelleslc.com", "phone": "(801) 363-8888", "valid_emails": [], "name": "London Belle", "address": "321 Main St Salt Lake City, UT 84111 Downtown"}
 Restaurant data: {"website": "http://www.rediguana.com/red-iguana2", "phone": "(801) 214-6050", "valid_emails": [], "name": "Red Iguana 2", "address": "866 W S Temple Salt Lake City, UT 84116 Poplar Grove"}
 Restaurant data: {"website": "", "phone": "(385) 259-0764", "valid_emails": [], "name": "Taqueria Los Lee", "address": "2646 S 700th E Salt Lake City, UT 84106 Sugar House"}
 Restaurant data: {"website": "http://www.thedodorestaurant.com/", "phone": "(801) 486-2473", "valid_emails": [], "name": "The Dodo Restaurant", "address": "1355 E 2100th S Salt Lake City, UT 84105 Sugar House"}
